{"/Users/nick/AirportCapacityPlanner/backend/src/db.js": {"path":"/Users/nick/AirportCapacityPlanner/backend/src/db.js","statementMap":{"0":{"start":{"line":8,"column":0},"end":{"line":8,"column":39}}},"fnMap":{},"branchMap":{},"s":{"0":0},"f":{},"b":{}}
,"/Users/nick/AirportCapacityPlanner/backend/src/index.js": {"path":"/Users/nick/AirportCapacityPlanner/backend/src/index.js","statementMap":{"0":{"start":{"line":1,"column":16},"end":{"line":1,"column":34}},"1":{"start":{"line":2,"column":13},"end":{"line":2,"column":28}},"2":{"start":{"line":3,"column":15},"end":{"line":3,"column":32}},"3":{"start":{"line":4,"column":15},"end":{"line":4,"column":32}},"4":{"start":{"line":5,"column":15},"end":{"line":5,"column":32}},"5":{"start":{"line":6,"column":18},"end":{"line":6,"column":38}},"6":{"start":{"line":7,"column":25},"end":{"line":7,"column":61}},"7":{"start":{"line":8,"column":11},"end":{"line":8,"column":32}},"8":{"start":{"line":9,"column":26},"end":{"line":9,"column":63}},"9":{"start":{"line":12,"column":0},"end":{"line":12,"column":16}},"10":{"start":{"line":15,"column":12},"end":{"line":15,"column":21}},"11":{"start":{"line":16,"column":13},"end":{"line":16,"column":37}},"12":{"start":{"line":20,"column":0},"end":{"line":20,"column":15}},"13":{"start":{"line":23,"column":0},"end":{"line":23,"column":18}},"14":{"start":{"line":24,"column":0},"end":{"line":26,"column":4}},"15":{"start":{"line":27,"column":0},"end":{"line":27,"column":24}},"16":{"start":{"line":28,"column":0},"end":{"line":28,"column":23}},"17":{"start":{"line":31,"column":0},"end":{"line":38,"column":3}},"18":{"start":{"line":32,"column":2},"end":{"line":37,"column":3}},"19":{"start":{"line":33,"column":4},"end":{"line":33,"column":30}},"20":{"start":{"line":34,"column":4},"end":{"line":34,"column":72}},"21":{"start":{"line":36,"column":4},"end":{"line":36,"column":66}},"22":{"start":{"line":41,"column":0},"end":{"line":41,"column":47}},"23":{"start":{"line":44,"column":24},"end":{"line":44,"column":53}},"24":{"start":{"line":45,"column":20},"end":{"line":45,"column":45}},"25":{"start":{"line":46,"column":21},"end":{"line":46,"column":47}},"26":{"start":{"line":47,"column":28},"end":{"line":47,"column":62}},"27":{"start":{"line":48,"column":37},"end":{"line":48,"column":81}},"28":{"start":{"line":49,"column":21},"end":{"line":49,"column":47}},"29":{"start":{"line":50,"column":23},"end":{"line":50,"column":51}},"30":{"start":{"line":51,"column":22},"end":{"line":51,"column":55}},"31":{"start":{"line":52,"column":22},"end":{"line":52,"column":55}},"32":{"start":{"line":53,"column":18},"end":{"line":53,"column":47}},"33":{"start":{"line":54,"column":28},"end":{"line":54,"column":61}},"34":{"start":{"line":55,"column":27},"end":{"line":55,"column":63}},"35":{"start":{"line":56,"column":25},"end":{"line":56,"column":59}},"36":{"start":{"line":58,"column":0},"end":{"line":58,"column":43}},"37":{"start":{"line":59,"column":0},"end":{"line":59,"column":35}},"38":{"start":{"line":60,"column":0},"end":{"line":60,"column":37}},"39":{"start":{"line":61,"column":0},"end":{"line":61,"column":52}},"40":{"start":{"line":62,"column":0},"end":{"line":62,"column":71}},"41":{"start":{"line":63,"column":0},"end":{"line":63,"column":37}},"42":{"start":{"line":64,"column":0},"end":{"line":64,"column":41}},"43":{"start":{"line":65,"column":0},"end":{"line":65,"column":40}},"44":{"start":{"line":66,"column":0},"end":{"line":66,"column":40}},"45":{"start":{"line":67,"column":0},"end":{"line":67,"column":32}},"46":{"start":{"line":68,"column":0},"end":{"line":68,"column":52}},"47":{"start":{"line":69,"column":0},"end":{"line":69,"column":51}},"48":{"start":{"line":70,"column":0},"end":{"line":70,"column":42}},"49":{"start":{"line":73,"column":0},"end":{"line":73,"column":22}},"50":{"start":{"line":76,"column":0},"end":{"line":84,"column":3}},"51":{"start":{"line":77,"column":2},"end":{"line":77,"column":48}},"52":{"start":{"line":78,"column":2},"end":{"line":78,"column":71}},"53":{"start":{"line":81,"column":2},"end":{"line":83,"column":81}},"54":{"start":{"line":82,"column":16},"end":{"line":82,"column":61}},"55":{"start":{"line":83,"column":20},"end":{"line":83,"column":79}},"56":{"start":{"line":87,"column":0},"end":{"line":87,"column":21}}},"fnMap":{"0":{"name":"(anonymous_0)","decl":{"start":{"line":31,"column":20},"end":{"line":31,"column":21}},"loc":{"start":{"line":31,"column":40},"end":{"line":38,"column":1}},"line":31},"1":{"name":"(anonymous_1)","decl":{"start":{"line":76,"column":17},"end":{"line":76,"column":18}},"loc":{"start":{"line":76,"column":23},"end":{"line":84,"column":1}},"line":76},"2":{"name":"(anonymous_2)","decl":{"start":{"line":82,"column":10},"end":{"line":82,"column":11}},"loc":{"start":{"line":82,"column":16},"end":{"line":82,"column":61}},"line":82},"3":{"name":"(anonymous_3)","decl":{"start":{"line":83,"column":11},"end":{"line":83,"column":12}},"loc":{"start":{"line":83,"column":20},"end":{"line":83,"column":79}},"line":83}},"branchMap":{"0":{"loc":{"start":{"line":16,"column":13},"end":{"line":16,"column":37}},"type":"binary-expr","locations":[{"start":{"line":16,"column":13},"end":{"line":16,"column":29}},{"start":{"line":16,"column":33},"end":{"line":16,"column":37}}],"line":16},"1":{"loc":{"start":{"line":25,"column":10},"end":{"line":25,"column":60}},"type":"binary-expr","locations":[{"start":{"line":25,"column":10},"end":{"line":25,"column":33}},{"start":{"line":25,"column":37},"end":{"line":25,"column":60}}],"line":25},"2":{"loc":{"start":{"line":78,"column":30},"end":{"line":78,"column":67}},"type":"binary-expr","locations":[{"start":{"line":78,"column":30},"end":{"line":78,"column":50}},{"start":{"line":78,"column":54},"end":{"line":78,"column":67}}],"line":78}},"s":{"0":0,"1":0,"2":0,"3":0,"4":0,"5":0,"6":0,"7":0,"8":0,"9":0,"10":0,"11":0,"12":0,"13":0,"14":0,"15":0,"16":0,"17":0,"18":0,"19":0,"20":0,"21":0,"22":0,"23":0,"24":0,"25":0,"26":0,"27":0,"28":0,"29":0,"30":0,"31":0,"32":0,"33":0,"34":0,"35":0,"36":0,"37":0,"38":0,"39":0,"40":0,"41":0,"42":0,"43":0,"44":0,"45":0,"46":0,"47":0,"48":0,"49":0,"50":0,"51":0,"52":0,"53":0,"54":0,"55":0,"56":0},"f":{"0":0,"1":0,"2":0,"3":0},"b":{"0":[0,0],"1":[0,0],"2":[0,0]}}
,"/Users/nick/AirportCapacityPlanner/backend/src/controllers/AirlineController.js": {"path":"/Users/nick/AirportCapacityPlanner/backend/src/controllers/AirlineController.js","statementMap":{"0":{"start":{"line":1,"column":23},"end":{"line":1,"column":60}},"1":{"start":{"line":10,"column":4},"end":{"line":24,"column":5}},"2":{"start":{"line":11,"column":24},"end":{"line":11,"column":33}},"3":{"start":{"line":12,"column":23},"end":{"line":12,"column":63}},"4":{"start":{"line":14,"column":6},"end":{"line":17,"column":9}},"5":{"start":{"line":19,"column":6},"end":{"line":23,"column":9}},"6":{"start":{"line":33,"column":4},"end":{"line":54,"column":5}},"7":{"start":{"line":34,"column":21},"end":{"line":34,"column":31}},"8":{"start":{"line":35,"column":22},"end":{"line":35,"column":57}},"9":{"start":{"line":37,"column":6},"end":{"line":42,"column":7}},"10":{"start":{"line":38,"column":8},"end":{"line":41,"column":11}},"11":{"start":{"line":44,"column":6},"end":{"line":47,"column":9}},"12":{"start":{"line":49,"column":6},"end":{"line":53,"column":9}},"13":{"start":{"line":63,"column":4},"end":{"line":84,"column":5}},"14":{"start":{"line":64,"column":23},"end":{"line":64,"column":33}},"15":{"start":{"line":65,"column":22},"end":{"line":65,"column":65}},"16":{"start":{"line":67,"column":6},"end":{"line":72,"column":7}},"17":{"start":{"line":68,"column":8},"end":{"line":71,"column":11}},"18":{"start":{"line":74,"column":6},"end":{"line":77,"column":9}},"19":{"start":{"line":79,"column":6},"end":{"line":83,"column":9}},"20":{"start":{"line":93,"column":4},"end":{"line":114,"column":5}},"21":{"start":{"line":94,"column":23},"end":{"line":94,"column":33}},"22":{"start":{"line":95,"column":22},"end":{"line":95,"column":65}},"23":{"start":{"line":97,"column":6},"end":{"line":102,"column":7}},"24":{"start":{"line":98,"column":8},"end":{"line":101,"column":11}},"25":{"start":{"line":104,"column":6},"end":{"line":107,"column":9}},"26":{"start":{"line":109,"column":6},"end":{"line":113,"column":9}},"27":{"start":{"line":123,"column":4},"end":{"line":159,"column":5}},"28":{"start":{"line":124,"column":26},"end":{"line":124,"column":34}},"29":{"start":{"line":127,"column":6},"end":{"line":135,"column":7}},"30":{"start":{"line":128,"column":29},"end":{"line":128,"column":89}},"31":{"start":{"line":129,"column":8},"end":{"line":134,"column":9}},"32":{"start":{"line":130,"column":10},"end":{"line":133,"column":13}},"33":{"start":{"line":137,"column":6},"end":{"line":145,"column":7}},"34":{"start":{"line":138,"column":29},"end":{"line":138,"column":89}},"35":{"start":{"line":139,"column":8},"end":{"line":144,"column":9}},"36":{"start":{"line":140,"column":10},"end":{"line":143,"column":13}},"37":{"start":{"line":147,"column":22},"end":{"line":147,"column":69}},"38":{"start":{"line":149,"column":6},"end":{"line":152,"column":9}},"39":{"start":{"line":154,"column":6},"end":{"line":158,"column":9}},"40":{"start":{"line":168,"column":4},"end":{"line":213,"column":5}},"41":{"start":{"line":169,"column":21},"end":{"line":169,"column":31}},"42":{"start":{"line":170,"column":26},"end":{"line":170,"column":34}},"43":{"start":{"line":173,"column":6},"end":{"line":181,"column":7}},"44":{"start":{"line":174,"column":29},"end":{"line":174,"column":89}},"45":{"start":{"line":175,"column":8},"end":{"line":180,"column":9}},"46":{"start":{"line":176,"column":10},"end":{"line":179,"column":13}},"47":{"start":{"line":184,"column":6},"end":{"line":192,"column":7}},"48":{"start":{"line":185,"column":29},"end":{"line":185,"column":89}},"49":{"start":{"line":186,"column":8},"end":{"line":191,"column":9}},"50":{"start":{"line":187,"column":10},"end":{"line":190,"column":13}},"51":{"start":{"line":194,"column":22},"end":{"line":194,"column":73}},"52":{"start":{"line":196,"column":6},"end":{"line":201,"column":7}},"53":{"start":{"line":197,"column":8},"end":{"line":200,"column":11}},"54":{"start":{"line":203,"column":6},"end":{"line":206,"column":9}},"55":{"start":{"line":208,"column":6},"end":{"line":212,"column":9}},"56":{"start":{"line":222,"column":4},"end":{"line":243,"column":5}},"57":{"start":{"line":223,"column":21},"end":{"line":223,"column":31}},"58":{"start":{"line":224,"column":22},"end":{"line":224,"column":64}},"59":{"start":{"line":226,"column":6},"end":{"line":231,"column":7}},"60":{"start":{"line":227,"column":8},"end":{"line":230,"column":11}},"61":{"start":{"line":233,"column":6},"end":{"line":236,"column":9}},"62":{"start":{"line":238,"column":6},"end":{"line":242,"column":9}},"63":{"start":{"line":252,"column":4},"end":{"line":274,"column":5}},"64":{"start":{"line":253,"column":27},"end":{"line":253,"column":35}},"65":{"start":{"line":255,"column":6},"end":{"line":260,"column":7}},"66":{"start":{"line":256,"column":8},"end":{"line":259,"column":11}},"67":{"start":{"line":262,"column":28},"end":{"line":262,"column":69}},"68":{"start":{"line":264,"column":6},"end":{"line":267,"column":9}},"69":{"start":{"line":269,"column":6},"end":{"line":273,"column":9}},"70":{"start":{"line":283,"column":4},"end":{"line":309,"column":5}},"71":{"start":{"line":284,"column":38},"end":{"line":284,"column":47}},"72":{"start":{"line":286,"column":6},"end":{"line":291,"column":7}},"73":{"start":{"line":287,"column":8},"end":{"line":290,"column":11}},"74":{"start":{"line":293,"column":22},"end":{"line":293,"column":79}},"75":{"start":{"line":295,"column":6},"end":{"line":302,"column":9}},"76":{"start":{"line":304,"column":6},"end":{"line":308,"column":9}},"77":{"start":{"line":313,"column":0},"end":{"line":313,"column":41}}},"fnMap":{"0":{"name":"(anonymous_0)","decl":{"start":{"line":9,"column":2},"end":{"line":9,"column":3}},"loc":{"start":{"line":9,"column":30},"end":{"line":25,"column":3}},"line":9},"1":{"name":"(anonymous_1)","decl":{"start":{"line":32,"column":2},"end":{"line":32,"column":3}},"loc":{"start":{"line":32,"column":33},"end":{"line":55,"column":3}},"line":32},"2":{"name":"(anonymous_2)","decl":{"start":{"line":62,"column":2},"end":{"line":62,"column":3}},"loc":{"start":{"line":62,"column":35},"end":{"line":85,"column":3}},"line":62},"3":{"name":"(anonymous_3)","decl":{"start":{"line":92,"column":2},"end":{"line":92,"column":3}},"loc":{"start":{"line":92,"column":35},"end":{"line":115,"column":3}},"line":92},"4":{"name":"(anonymous_4)","decl":{"start":{"line":122,"column":2},"end":{"line":122,"column":3}},"loc":{"start":{"line":122,"column":32},"end":{"line":160,"column":3}},"line":122},"5":{"name":"(anonymous_5)","decl":{"start":{"line":167,"column":2},"end":{"line":167,"column":3}},"loc":{"start":{"line":167,"column":32},"end":{"line":214,"column":3}},"line":167},"6":{"name":"(anonymous_6)","decl":{"start":{"line":221,"column":2},"end":{"line":221,"column":3}},"loc":{"start":{"line":221,"column":36},"end":{"line":244,"column":3}},"line":221},"7":{"name":"(anonymous_7)","decl":{"start":{"line":251,"column":2},"end":{"line":251,"column":3}},"loc":{"start":{"line":251,"column":33},"end":{"line":275,"column":3}},"line":251},"8":{"name":"(anonymous_8)","decl":{"start":{"line":282,"column":2},"end":{"line":282,"column":3}},"loc":{"start":{"line":282,"column":34},"end":{"line":310,"column":3}},"line":282}},"branchMap":{"0":{"loc":{"start":{"line":37,"column":6},"end":{"line":42,"column":7}},"type":"if","locations":[{"start":{"line":37,"column":6},"end":{"line":42,"column":7}},{"start":{},"end":{}}],"line":37},"1":{"loc":{"start":{"line":67,"column":6},"end":{"line":72,"column":7}},"type":"if","locations":[{"start":{"line":67,"column":6},"end":{"line":72,"column":7}},{"start":{},"end":{}}],"line":67},"2":{"loc":{"start":{"line":97,"column":6},"end":{"line":102,"column":7}},"type":"if","locations":[{"start":{"line":97,"column":6},"end":{"line":102,"column":7}},{"start":{},"end":{}}],"line":97},"3":{"loc":{"start":{"line":127,"column":6},"end":{"line":135,"column":7}},"type":"if","locations":[{"start":{"line":127,"column":6},"end":{"line":135,"column":7}},{"start":{},"end":{}}],"line":127},"4":{"loc":{"start":{"line":129,"column":8},"end":{"line":134,"column":9}},"type":"if","locations":[{"start":{"line":129,"column":8},"end":{"line":134,"column":9}},{"start":{},"end":{}}],"line":129},"5":{"loc":{"start":{"line":137,"column":6},"end":{"line":145,"column":7}},"type":"if","locations":[{"start":{"line":137,"column":6},"end":{"line":145,"column":7}},{"start":{},"end":{}}],"line":137},"6":{"loc":{"start":{"line":139,"column":8},"end":{"line":144,"column":9}},"type":"if","locations":[{"start":{"line":139,"column":8},"end":{"line":144,"column":9}},{"start":{},"end":{}}],"line":139},"7":{"loc":{"start":{"line":173,"column":6},"end":{"line":181,"column":7}},"type":"if","locations":[{"start":{"line":173,"column":6},"end":{"line":181,"column":7}},{"start":{},"end":{}}],"line":173},"8":{"loc":{"start":{"line":175,"column":8},"end":{"line":180,"column":9}},"type":"if","locations":[{"start":{"line":175,"column":8},"end":{"line":180,"column":9}},{"start":{},"end":{}}],"line":175},"9":{"loc":{"start":{"line":175,"column":12},"end":{"line":175,"column":64}},"type":"binary-expr","locations":[{"start":{"line":175,"column":12},"end":{"line":175,"column":24}},{"start":{"line":175,"column":28},"end":{"line":175,"column":64}}],"line":175},"10":{"loc":{"start":{"line":184,"column":6},"end":{"line":192,"column":7}},"type":"if","locations":[{"start":{"line":184,"column":6},"end":{"line":192,"column":7}},{"start":{},"end":{}}],"line":184},"11":{"loc":{"start":{"line":186,"column":8},"end":{"line":191,"column":9}},"type":"if","locations":[{"start":{"line":186,"column":8},"end":{"line":191,"column":9}},{"start":{},"end":{}}],"line":186},"12":{"loc":{"start":{"line":186,"column":12},"end":{"line":186,"column":64}},"type":"binary-expr","locations":[{"start":{"line":186,"column":12},"end":{"line":186,"column":24}},{"start":{"line":186,"column":28},"end":{"line":186,"column":64}}],"line":186},"13":{"loc":{"start":{"line":196,"column":6},"end":{"line":201,"column":7}},"type":"if","locations":[{"start":{"line":196,"column":6},"end":{"line":201,"column":7}},{"start":{},"end":{}}],"line":196},"14":{"loc":{"start":{"line":226,"column":6},"end":{"line":231,"column":7}},"type":"if","locations":[{"start":{"line":226,"column":6},"end":{"line":231,"column":7}},{"start":{},"end":{}}],"line":226},"15":{"loc":{"start":{"line":255,"column":6},"end":{"line":260,"column":7}},"type":"if","locations":[{"start":{"line":255,"column":6},"end":{"line":260,"column":7}},{"start":{},"end":{}}],"line":255},"16":{"loc":{"start":{"line":255,"column":10},"end":{"line":255,"column":72}},"type":"binary-expr","locations":[{"start":{"line":255,"column":10},"end":{"line":255,"column":19}},{"start":{"line":255,"column":23},"end":{"line":255,"column":47}},{"start":{"line":255,"column":51},"end":{"line":255,"column":72}}],"line":255},"17":{"loc":{"start":{"line":284,"column":20},"end":{"line":284,"column":33}},"type":"default-arg","locations":[{"start":{"line":284,"column":27},"end":{"line":284,"column":33}}],"line":284},"18":{"loc":{"start":{"line":286,"column":6},"end":{"line":291,"column":7}},"type":"if","locations":[{"start":{"line":286,"column":6},"end":{"line":291,"column":7}},{"start":{},"end":{}}],"line":286}},"s":{"0":0,"1":0,"2":0,"3":0,"4":0,"5":0,"6":0,"7":0,"8":0,"9":0,"10":0,"11":0,"12":0,"13":0,"14":0,"15":0,"16":0,"17":0,"18":0,"19":0,"20":0,"21":0,"22":0,"23":0,"24":0,"25":0,"26":0,"27":0,"28":0,"29":0,"30":0,"31":0,"32":0,"33":0,"34":0,"35":0,"36":0,"37":0,"38":0,"39":0,"40":0,"41":0,"42":0,"43":0,"44":0,"45":0,"46":0,"47":0,"48":0,"49":0,"50":0,"51":0,"52":0,"53":0,"54":0,"55":0,"56":0,"57":0,"58":0,"59":0,"60":0,"61":0,"62":0,"63":0,"64":0,"65":0,"66":0,"67":0,"68":0,"69":0,"70":0,"71":0,"72":0,"73":0,"74":0,"75":0,"76":0,"77":0},"f":{"0":0,"1":0,"2":0,"3":0,"4":0,"5":0,"6":0,"7":0,"8":0},"b":{"0":[0,0],"1":[0,0],"2":[0,0],"3":[0,0],"4":[0,0],"5":[0,0],"6":[0,0],"7":[0,0],"8":[0,0],"9":[0,0],"10":[0,0],"11":[0,0],"12":[0,0],"13":[0,0],"14":[0,0],"15":[0,0],"16":[0,0,0],"17":[0],"18":[0,0]}}
,"/Users/nick/AirportCapacityPlanner/backend/src/controllers/AirportController.js": {"path":"/Users/nick/AirportCapacityPlanner/backend/src/controllers/AirportController.js","statementMap":{"0":{"start":{"line":1,"column":23},"end":{"line":1,"column":60}},"1":{"start":{"line":10,"column":4},"end":{"line":52,"column":5}},"2":{"start":{"line":18,"column":10},"end":{"line":18,"column":19}},"3":{"start":{"line":21,"column":22},"end":{"line":21,"column":40}},"4":{"start":{"line":22,"column":23},"end":{"line":22,"column":42}},"5":{"start":{"line":25,"column":21},"end":{"line":32,"column":8}},"6":{"start":{"line":34,"column":6},"end":{"line":44,"column":9}},"7":{"start":{"line":46,"column":6},"end":{"line":46,"column":54}},"8":{"start":{"line":47,"column":6},"end":{"line":51,"column":9}},"9":{"start":{"line":61,"column":4},"end":{"line":84,"column":5}},"10":{"start":{"line":62,"column":21},"end":{"line":62,"column":31}},"11":{"start":{"line":63,"column":22},"end":{"line":63,"column":57}},"12":{"start":{"line":65,"column":6},"end":{"line":70,"column":7}},"13":{"start":{"line":66,"column":8},"end":{"line":69,"column":11}},"14":{"start":{"line":72,"column":6},"end":{"line":76,"column":9}},"15":{"start":{"line":78,"column":6},"end":{"line":78,"column":53}},"16":{"start":{"line":79,"column":6},"end":{"line":83,"column":9}},"17":{"start":{"line":93,"column":4},"end":{"line":116,"column":5}},"18":{"start":{"line":94,"column":23},"end":{"line":94,"column":33}},"19":{"start":{"line":95,"column":22},"end":{"line":95,"column":65}},"20":{"start":{"line":97,"column":6},"end":{"line":102,"column":7}},"21":{"start":{"line":98,"column":8},"end":{"line":101,"column":11}},"22":{"start":{"line":104,"column":6},"end":{"line":108,"column":9}},"23":{"start":{"line":110,"column":6},"end":{"line":110,"column":61}},"24":{"start":{"line":111,"column":6},"end":{"line":115,"column":9}},"25":{"start":{"line":125,"column":4},"end":{"line":148,"column":5}},"26":{"start":{"line":126,"column":23},"end":{"line":126,"column":33}},"27":{"start":{"line":127,"column":22},"end":{"line":127,"column":65}},"28":{"start":{"line":129,"column":6},"end":{"line":134,"column":7}},"29":{"start":{"line":130,"column":8},"end":{"line":133,"column":11}},"30":{"start":{"line":136,"column":6},"end":{"line":140,"column":9}},"31":{"start":{"line":142,"column":6},"end":{"line":142,"column":61}},"32":{"start":{"line":143,"column":6},"end":{"line":147,"column":9}},"33":{"start":{"line":157,"column":4},"end":{"line":181,"column":5}},"34":{"start":{"line":158,"column":24},"end":{"line":158,"column":33}},"35":{"start":{"line":160,"column":6},"end":{"line":165,"column":7}},"36":{"start":{"line":161,"column":8},"end":{"line":164,"column":11}},"37":{"start":{"line":167,"column":23},"end":{"line":167,"column":63}},"38":{"start":{"line":169,"column":6},"end":{"line":173,"column":9}},"39":{"start":{"line":175,"column":6},"end":{"line":175,"column":56}},"40":{"start":{"line":176,"column":6},"end":{"line":180,"column":9}},"41":{"start":{"line":190,"column":4},"end":{"line":204,"column":5}},"42":{"start":{"line":191,"column":22},"end":{"line":191,"column":66}},"43":{"start":{"line":192,"column":6},"end":{"line":196,"column":9}},"44":{"start":{"line":198,"column":6},"end":{"line":198,"column":54}},"45":{"start":{"line":199,"column":6},"end":{"line":203,"column":9}},"46":{"start":{"line":213,"column":4},"end":{"line":236,"column":5}},"47":{"start":{"line":214,"column":21},"end":{"line":214,"column":31}},"48":{"start":{"line":215,"column":22},"end":{"line":215,"column":70}},"49":{"start":{"line":217,"column":6},"end":{"line":222,"column":7}},"50":{"start":{"line":218,"column":8},"end":{"line":221,"column":11}},"51":{"start":{"line":224,"column":6},"end":{"line":228,"column":9}},"52":{"start":{"line":230,"column":6},"end":{"line":230,"column":54}},"53":{"start":{"line":231,"column":6},"end":{"line":235,"column":9}},"54":{"start":{"line":245,"column":4},"end":{"line":268,"column":5}},"55":{"start":{"line":246,"column":21},"end":{"line":246,"column":31}},"56":{"start":{"line":247,"column":22},"end":{"line":247,"column":64}},"57":{"start":{"line":249,"column":6},"end":{"line":254,"column":7}},"58":{"start":{"line":250,"column":8},"end":{"line":253,"column":11}},"59":{"start":{"line":256,"column":6},"end":{"line":260,"column":9}},"60":{"start":{"line":262,"column":6},"end":{"line":262,"column":58}},"61":{"start":{"line":263,"column":6},"end":{"line":267,"column":9}},"62":{"start":{"line":277,"column":4},"end":{"line":317,"column":5}},"63":{"start":{"line":278,"column":41},"end":{"line":278,"column":50}},"64":{"start":{"line":280,"column":6},"end":{"line":285,"column":7}},"65":{"start":{"line":281,"column":8},"end":{"line":284,"column":11}},"66":{"start":{"line":287,"column":23},"end":{"line":287,"column":38}},"67":{"start":{"line":288,"column":23},"end":{"line":288,"column":38}},"68":{"start":{"line":289,"column":26},"end":{"line":289,"column":44}},"69":{"start":{"line":291,"column":6},"end":{"line":296,"column":7}},"70":{"start":{"line":292,"column":8},"end":{"line":295,"column":11}},"71":{"start":{"line":298,"column":23},"end":{"line":298,"column":96}},"72":{"start":{"line":300,"column":6},"end":{"line":309,"column":9}},"73":{"start":{"line":311,"column":6},"end":{"line":311,"column":64}},"74":{"start":{"line":312,"column":6},"end":{"line":316,"column":9}},"75":{"start":{"line":326,"column":4},"end":{"line":367,"column":5}},"76":{"start":{"line":327,"column":27},"end":{"line":327,"column":36}},"77":{"start":{"line":329,"column":6},"end":{"line":334,"column":7}},"78":{"start":{"line":330,"column":8},"end":{"line":333,"column":11}},"79":{"start":{"line":336,"column":23},"end":{"line":336,"column":38}},"80":{"start":{"line":337,"column":23},"end":{"line":337,"column":38}},"81":{"start":{"line":339,"column":6},"end":{"line":344,"column":7}},"82":{"start":{"line":340,"column":8},"end":{"line":343,"column":11}},"83":{"start":{"line":346,"column":22},"end":{"line":346,"column":80}},"84":{"start":{"line":348,"column":6},"end":{"line":353,"column":7}},"85":{"start":{"line":349,"column":8},"end":{"line":352,"column":11}},"86":{"start":{"line":355,"column":6},"end":{"line":359,"column":9}},"87":{"start":{"line":361,"column":6},"end":{"line":361,"column":61}},"88":{"start":{"line":362,"column":6},"end":{"line":366,"column":9}},"89":{"start":{"line":376,"column":4},"end":{"line":402,"column":5}},"90":{"start":{"line":377,"column":38},"end":{"line":377,"column":47}},"91":{"start":{"line":379,"column":6},"end":{"line":384,"column":7}},"92":{"start":{"line":380,"column":8},"end":{"line":383,"column":11}},"93":{"start":{"line":386,"column":22},"end":{"line":386,"column":79}},"94":{"start":{"line":388,"column":6},"end":{"line":395,"column":9}},"95":{"start":{"line":397,"column":6},"end":{"line":401,"column":9}},"96":{"start":{"line":411,"column":4},"end":{"line":433,"column":5}},"97":{"start":{"line":412,"column":27},"end":{"line":412,"column":35}},"98":{"start":{"line":414,"column":6},"end":{"line":419,"column":7}},"99":{"start":{"line":415,"column":8},"end":{"line":418,"column":11}},"100":{"start":{"line":421,"column":28},"end":{"line":421,"column":69}},"101":{"start":{"line":423,"column":6},"end":{"line":426,"column":9}},"102":{"start":{"line":428,"column":6},"end":{"line":432,"column":9}},"103":{"start":{"line":437,"column":0},"end":{"line":437,"column":41}}},"fnMap":{"0":{"name":"(anonymous_0)","decl":{"start":{"line":9,"column":2},"end":{"line":9,"column":3}},"loc":{"start":{"line":9,"column":33},"end":{"line":53,"column":3}},"line":9},"1":{"name":"(anonymous_1)","decl":{"start":{"line":60,"column":2},"end":{"line":60,"column":3}},"loc":{"start":{"line":60,"column":33},"end":{"line":85,"column":3}},"line":60},"2":{"name":"(anonymous_2)","decl":{"start":{"line":92,"column":2},"end":{"line":92,"column":3}},"loc":{"start":{"line":92,"column":35},"end":{"line":117,"column":3}},"line":92},"3":{"name":"(anonymous_3)","decl":{"start":{"line":124,"column":2},"end":{"line":124,"column":3}},"loc":{"start":{"line":124,"column":35},"end":{"line":149,"column":3}},"line":124},"4":{"name":"(anonymous_4)","decl":{"start":{"line":156,"column":2},"end":{"line":156,"column":3}},"loc":{"start":{"line":156,"column":33},"end":{"line":182,"column":3}},"line":156},"5":{"name":"(anonymous_5)","decl":{"start":{"line":189,"column":2},"end":{"line":189,"column":3}},"loc":{"start":{"line":189,"column":32},"end":{"line":205,"column":3}},"line":189},"6":{"name":"(anonymous_6)","decl":{"start":{"line":212,"column":2},"end":{"line":212,"column":3}},"loc":{"start":{"line":212,"column":32},"end":{"line":237,"column":3}},"line":212},"7":{"name":"(anonymous_7)","decl":{"start":{"line":244,"column":2},"end":{"line":244,"column":3}},"loc":{"start":{"line":244,"column":36},"end":{"line":269,"column":3}},"line":244},"8":{"name":"(anonymous_8)","decl":{"start":{"line":276,"column":2},"end":{"line":276,"column":3}},"loc":{"start":{"line":276,"column":38},"end":{"line":318,"column":3}},"line":276},"9":{"name":"(anonymous_9)","decl":{"start":{"line":325,"column":2},"end":{"line":325,"column":3}},"loc":{"start":{"line":325,"column":36},"end":{"line":368,"column":3}},"line":325},"10":{"name":"(anonymous_10)","decl":{"start":{"line":375,"column":2},"end":{"line":375,"column":3}},"loc":{"start":{"line":375,"column":34},"end":{"line":403,"column":3}},"line":375},"11":{"name":"(anonymous_11)","decl":{"start":{"line":410,"column":2},"end":{"line":410,"column":3}},"loc":{"start":{"line":410,"column":33},"end":{"line":434,"column":3}},"line":410}},"branchMap":{"0":{"loc":{"start":{"line":12,"column":8},"end":{"line":12,"column":16}},"type":"default-arg","locations":[{"start":{"line":12,"column":15},"end":{"line":12,"column":16}}],"line":12},"1":{"loc":{"start":{"line":13,"column":8},"end":{"line":13,"column":19}},"type":"default-arg","locations":[{"start":{"line":13,"column":16},"end":{"line":13,"column":19}}],"line":13},"2":{"loc":{"start":{"line":14,"column":8},"end":{"line":14,"column":19}},"type":"default-arg","locations":[{"start":{"line":14,"column":17},"end":{"line":14,"column":19}}],"line":14},"3":{"loc":{"start":{"line":15,"column":8},"end":{"line":15,"column":17}},"type":"default-arg","locations":[{"start":{"line":15,"column":15},"end":{"line":15,"column":17}}],"line":15},"4":{"loc":{"start":{"line":16,"column":8},"end":{"line":16,"column":20}},"type":"default-arg","locations":[{"start":{"line":16,"column":18},"end":{"line":16,"column":20}}],"line":16},"5":{"loc":{"start":{"line":17,"column":8},"end":{"line":17,"column":25}},"type":"default-arg","locations":[{"start":{"line":17,"column":17},"end":{"line":17,"column":25}}],"line":17},"6":{"loc":{"start":{"line":65,"column":6},"end":{"line":70,"column":7}},"type":"if","locations":[{"start":{"line":65,"column":6},"end":{"line":70,"column":7}},{"start":{},"end":{}}],"line":65},"7":{"loc":{"start":{"line":97,"column":6},"end":{"line":102,"column":7}},"type":"if","locations":[{"start":{"line":97,"column":6},"end":{"line":102,"column":7}},{"start":{},"end":{}}],"line":97},"8":{"loc":{"start":{"line":129,"column":6},"end":{"line":134,"column":7}},"type":"if","locations":[{"start":{"line":129,"column":6},"end":{"line":134,"column":7}},{"start":{},"end":{}}],"line":129},"9":{"loc":{"start":{"line":160,"column":6},"end":{"line":165,"column":7}},"type":"if","locations":[{"start":{"line":160,"column":6},"end":{"line":165,"column":7}},{"start":{},"end":{}}],"line":160},"10":{"loc":{"start":{"line":160,"column":10},"end":{"line":160,"column":43}},"type":"binary-expr","locations":[{"start":{"line":160,"column":10},"end":{"line":160,"column":16}},{"start":{"line":160,"column":20},"end":{"line":160,"column":43}}],"line":160},"11":{"loc":{"start":{"line":217,"column":6},"end":{"line":222,"column":7}},"type":"if","locations":[{"start":{"line":217,"column":6},"end":{"line":222,"column":7}},{"start":{},"end":{}}],"line":217},"12":{"loc":{"start":{"line":249,"column":6},"end":{"line":254,"column":7}},"type":"if","locations":[{"start":{"line":249,"column":6},"end":{"line":254,"column":7}},{"start":{},"end":{}}],"line":249},"13":{"loc":{"start":{"line":278,"column":24},"end":{"line":278,"column":36}},"type":"default-arg","locations":[{"start":{"line":278,"column":33},"end":{"line":278,"column":36}}],"line":278},"14":{"loc":{"start":{"line":280,"column":6},"end":{"line":285,"column":7}},"type":"if","locations":[{"start":{"line":280,"column":6},"end":{"line":285,"column":7}},{"start":{},"end":{}}],"line":280},"15":{"loc":{"start":{"line":280,"column":10},"end":{"line":280,"column":22}},"type":"binary-expr","locations":[{"start":{"line":280,"column":10},"end":{"line":280,"column":14}},{"start":{"line":280,"column":18},"end":{"line":280,"column":22}}],"line":280},"16":{"loc":{"start":{"line":291,"column":6},"end":{"line":296,"column":7}},"type":"if","locations":[{"start":{"line":291,"column":6},"end":{"line":296,"column":7}},{"start":{},"end":{}}],"line":291},"17":{"loc":{"start":{"line":291,"column":10},"end":{"line":291,"column":66}},"type":"binary-expr","locations":[{"start":{"line":291,"column":10},"end":{"line":291,"column":25}},{"start":{"line":291,"column":29},"end":{"line":291,"column":44}},{"start":{"line":291,"column":48},"end":{"line":291,"column":66}}],"line":291},"18":{"loc":{"start":{"line":329,"column":6},"end":{"line":334,"column":7}},"type":"if","locations":[{"start":{"line":329,"column":6},"end":{"line":334,"column":7}},{"start":{},"end":{}}],"line":329},"19":{"loc":{"start":{"line":329,"column":10},"end":{"line":329,"column":22}},"type":"binary-expr","locations":[{"start":{"line":329,"column":10},"end":{"line":329,"column":14}},{"start":{"line":329,"column":18},"end":{"line":329,"column":22}}],"line":329},"20":{"loc":{"start":{"line":339,"column":6},"end":{"line":344,"column":7}},"type":"if","locations":[{"start":{"line":339,"column":6},"end":{"line":344,"column":7}},{"start":{},"end":{}}],"line":339},"21":{"loc":{"start":{"line":339,"column":10},"end":{"line":339,"column":44}},"type":"binary-expr","locations":[{"start":{"line":339,"column":10},"end":{"line":339,"column":25}},{"start":{"line":339,"column":29},"end":{"line":339,"column":44}}],"line":339},"22":{"loc":{"start":{"line":348,"column":6},"end":{"line":353,"column":7}},"type":"if","locations":[{"start":{"line":348,"column":6},"end":{"line":353,"column":7}},{"start":{},"end":{}}],"line":348},"23":{"loc":{"start":{"line":377,"column":20},"end":{"line":377,"column":33}},"type":"default-arg","locations":[{"start":{"line":377,"column":27},"end":{"line":377,"column":33}}],"line":377},"24":{"loc":{"start":{"line":379,"column":6},"end":{"line":384,"column":7}},"type":"if","locations":[{"start":{"line":379,"column":6},"end":{"line":384,"column":7}},{"start":{},"end":{}}],"line":379},"25":{"loc":{"start":{"line":414,"column":6},"end":{"line":419,"column":7}},"type":"if","locations":[{"start":{"line":414,"column":6},"end":{"line":419,"column":7}},{"start":{},"end":{}}],"line":414},"26":{"loc":{"start":{"line":414,"column":10},"end":{"line":414,"column":72}},"type":"binary-expr","locations":[{"start":{"line":414,"column":10},"end":{"line":414,"column":19}},{"start":{"line":414,"column":23},"end":{"line":414,"column":47}},{"start":{"line":414,"column":51},"end":{"line":414,"column":72}}],"line":414}},"s":{"0":0,"1":0,"2":0,"3":0,"4":0,"5":0,"6":0,"7":0,"8":0,"9":0,"10":0,"11":0,"12":0,"13":0,"14":0,"15":0,"16":0,"17":0,"18":0,"19":0,"20":0,"21":0,"22":0,"23":0,"24":0,"25":0,"26":0,"27":0,"28":0,"29":0,"30":0,"31":0,"32":0,"33":0,"34":0,"35":0,"36":0,"37":0,"38":0,"39":0,"40":0,"41":0,"42":0,"43":0,"44":0,"45":0,"46":0,"47":0,"48":0,"49":0,"50":0,"51":0,"52":0,"53":0,"54":0,"55":0,"56":0,"57":0,"58":0,"59":0,"60":0,"61":0,"62":0,"63":0,"64":0,"65":0,"66":0,"67":0,"68":0,"69":0,"70":0,"71":0,"72":0,"73":0,"74":0,"75":0,"76":0,"77":0,"78":0,"79":0,"80":0,"81":0,"82":0,"83":0,"84":0,"85":0,"86":0,"87":0,"88":0,"89":0,"90":0,"91":0,"92":0,"93":0,"94":0,"95":0,"96":0,"97":0,"98":0,"99":0,"100":0,"101":0,"102":0,"103":0},"f":{"0":0,"1":0,"2":0,"3":0,"4":0,"5":0,"6":0,"7":0,"8":0,"9":0,"10":0,"11":0},"b":{"0":[0],"1":[0],"2":[0],"3":[0],"4":[0],"5":[0],"6":[0,0],"7":[0,0],"8":[0,0],"9":[0,0],"10":[0,0],"11":[0,0],"12":[0,0],"13":[0],"14":[0,0],"15":[0,0],"16":[0,0],"17":[0,0,0],"18":[0,0],"19":[0,0],"20":[0,0],"21":[0,0],"22":[0,0],"23":[0],"24":[0,0],"25":[0,0],"26":[0,0,0]}}
,"/Users/nick/AirportCapacityPlanner/backend/src/controllers/FlightDataController.js": {"path":"/Users/nick/AirportCapacityPlanner/backend/src/controllers/FlightDataController.js","statementMap":{"0":{"start":{"line":1,"column":26},"end":{"line":1,"column":66}},"1":{"start":{"line":13,"column":4},"end":{"line":54,"column":5}},"2":{"start":{"line":28,"column":10},"end":{"line":28,"column":19}},"3":{"start":{"line":30,"column":22},"end":{"line":42,"column":7}},"4":{"start":{"line":44,"column":21},"end":{"line":48,"column":7}},"5":{"start":{"line":50,"column":6},"end":{"line":50,"column":23}},"6":{"start":{"line":52,"column":6},"end":{"line":52,"column":53}},"7":{"start":{"line":53,"column":6},"end":{"line":53,"column":72}},"8":{"start":{"line":63,"column":4},"end":{"line":74,"column":5}},"9":{"start":{"line":64,"column":21},"end":{"line":64,"column":31}},"10":{"start":{"line":65,"column":21},"end":{"line":65,"column":65}},"11":{"start":{"line":66,"column":6},"end":{"line":66,"column":23}},"12":{"start":{"line":68,"column":6},"end":{"line":68,"column":60}},"13":{"start":{"line":69,"column":6},"end":{"line":73,"column":7}},"14":{"start":{"line":70,"column":8},"end":{"line":70,"column":60}},"15":{"start":{"line":72,"column":8},"end":{"line":72,"column":77}},"16":{"start":{"line":83,"column":4},"end":{"line":90,"column":5}},"17":{"start":{"line":84,"column":37},"end":{"line":84,"column":46}},"18":{"start":{"line":85,"column":20},"end":{"line":85,"column":87}},"19":{"start":{"line":86,"column":6},"end":{"line":86,"column":22}},"20":{"start":{"line":88,"column":6},"end":{"line":88,"column":63}},"21":{"start":{"line":89,"column":6},"end":{"line":89,"column":78}},"22":{"start":{"line":99,"column":4},"end":{"line":124,"column":5}},"23":{"start":{"line":100,"column":22},"end":{"line":100,"column":30}},"24":{"start":{"line":103,"column":6},"end":{"line":115,"column":7}},"25":{"start":{"line":105,"column":8},"end":{"line":105,"column":66}},"26":{"start":{"line":108,"column":58},"end":{"line":108,"column":67}},"27":{"start":{"line":109,"column":8},"end":{"line":114,"column":11}},"28":{"start":{"line":117,"column":6},"end":{"line":120,"column":9}},"29":{"start":{"line":122,"column":6},"end":{"line":122,"column":54}},"30":{"start":{"line":123,"column":6},"end":{"line":123,"column":66}},"31":{"start":{"line":128,"column":0},"end":{"line":128,"column":44}}},"fnMap":{"0":{"name":"(anonymous_0)","decl":{"start":{"line":12,"column":2},"end":{"line":12,"column":3}},"loc":{"start":{"line":12,"column":29},"end":{"line":55,"column":3}},"line":12},"1":{"name":"(anonymous_1)","decl":{"start":{"line":62,"column":2},"end":{"line":62,"column":3}},"loc":{"start":{"line":62,"column":32},"end":{"line":75,"column":3}},"line":62},"2":{"name":"(anonymous_2)","decl":{"start":{"line":82,"column":2},"end":{"line":82,"column":3}},"loc":{"start":{"line":82,"column":33},"end":{"line":91,"column":3}},"line":82},"3":{"name":"(anonymous_3)","decl":{"start":{"line":98,"column":2},"end":{"line":98,"column":3}},"loc":{"start":{"line":98,"column":32},"end":{"line":125,"column":3}},"line":98}},"branchMap":{"0":{"loc":{"start":{"line":15,"column":8},"end":{"line":15,"column":16}},"type":"default-arg","locations":[{"start":{"line":15,"column":15},"end":{"line":15,"column":16}}],"line":15},"1":{"loc":{"start":{"line":16,"column":8},"end":{"line":16,"column":21}},"type":"default-arg","locations":[{"start":{"line":16,"column":19},"end":{"line":16,"column":21}}],"line":16},"2":{"loc":{"start":{"line":69,"column":6},"end":{"line":73,"column":7}},"type":"if","locations":[{"start":{"line":69,"column":6},"end":{"line":73,"column":7}},{"start":{"line":71,"column":13},"end":{"line":73,"column":7}}],"line":69},"3":{"loc":{"start":{"line":103,"column":6},"end":{"line":115,"column":7}},"type":"if","locations":[{"start":{"line":103,"column":6},"end":{"line":115,"column":7}},{"start":{"line":106,"column":13},"end":{"line":115,"column":7}}],"line":103},"4":{"loc":{"start":{"line":103,"column":10},"end":{"line":103,"column":31}},"type":"binary-expr","locations":[{"start":{"line":103,"column":10},"end":{"line":103,"column":13}},{"start":{"line":103,"column":17},"end":{"line":103,"column":31}}],"line":103}},"s":{"0":0,"1":0,"2":0,"3":0,"4":0,"5":0,"6":0,"7":0,"8":0,"9":0,"10":0,"11":0,"12":0,"13":0,"14":0,"15":0,"16":0,"17":0,"18":0,"19":0,"20":0,"21":0,"22":0,"23":0,"24":0,"25":0,"26":0,"27":0,"28":0,"29":0,"30":0,"31":0},"f":{"0":0,"1":0,"2":0,"3":0},"b":{"0":[0],"1":[0],"2":[0,0],"3":[0,0],"4":[0,0]}}
,"/Users/nick/AirportCapacityPlanner/backend/src/controllers/FlightUploadController.js": {"path":"/Users/nick/AirportCapacityPlanner/backend/src/controllers/FlightUploadController.js","statementMap":{"0":{"start":{"line":1,"column":13},"end":{"line":1,"column":28}},"1":{"start":{"line":2,"column":11},"end":{"line":2,"column":24}},"2":{"start":{"line":3,"column":28},"end":{"line":3,"column":70}},"3":{"start":{"line":4,"column":32},"end":{"line":4,"column":78}},"4":{"start":{"line":13,"column":4},"end":{"line":67,"column":5}},"5":{"start":{"line":14,"column":6},"end":{"line":16,"column":7}},"6":{"start":{"line":15,"column":8},"end":{"line":15,"column":71}},"7":{"start":{"line":18,"column":19},"end":{"line":18,"column":33}},"8":{"start":{"line":21,"column":6},"end":{"line":23,"column":7}},"9":{"start":{"line":22,"column":8},"end":{"line":22,"column":77}},"10":{"start":{"line":26,"column":28},"end":{"line":26,"column":44}},"11":{"start":{"line":27,"column":6},"end":{"line":29,"column":7}},"12":{"start":{"line":28,"column":8},"end":{"line":28,"column":83}},"13":{"start":{"line":32,"column":25},"end":{"line":32,"column":67}},"14":{"start":{"line":33,"column":6},"end":{"line":35,"column":7}},"15":{"start":{"line":34,"column":8},"end":{"line":34,"column":54}},"16":{"start":{"line":38,"column":24},"end":{"line":38,"column":34}},"17":{"start":{"line":39,"column":29},"end":{"line":39,"column":56}},"18":{"start":{"line":40,"column":23},"end":{"line":40,"column":60}},"19":{"start":{"line":43,"column":6},"end":{"line":43,"column":30}},"20":{"start":{"line":46,"column":28},"end":{"line":46,"column":53}},"21":{"start":{"line":47,"column":23},"end":{"line":52,"column":8}},"22":{"start":{"line":55,"column":6},"end":{"line":57,"column":9}},"23":{"start":{"line":56,"column":8},"end":{"line":56,"column":69}},"24":{"start":{"line":59,"column":6},"end":{"line":63,"column":9}},"25":{"start":{"line":65,"column":6},"end":{"line":65,"column":49}},"26":{"start":{"line":66,"column":6},"end":{"line":66,"column":67}},"27":{"start":{"line":76,"column":4},"end":{"line":135,"column":5}},"28":{"start":{"line":77,"column":61},"end":{"line":77,"column":69}},"29":{"start":{"line":79,"column":6},"end":{"line":81,"column":7}},"30":{"start":{"line":80,"column":8},"end":{"line":80,"column":78}},"31":{"start":{"line":84,"column":6},"end":{"line":86,"column":7}},"32":{"start":{"line":85,"column":8},"end":{"line":85,"column":77}},"33":{"start":{"line":89,"column":28},"end":{"line":89,"column":44}},"34":{"start":{"line":90,"column":6},"end":{"line":92,"column":7}},"35":{"start":{"line":91,"column":8},"end":{"line":91,"column":83}},"36":{"start":{"line":95,"column":25},"end":{"line":95,"column":67}},"37":{"start":{"line":96,"column":24},"end":{"line":96,"column":55}},"38":{"start":{"line":98,"column":6},"end":{"line":100,"column":7}},"39":{"start":{"line":99,"column":8},"end":{"line":99,"column":54}},"40":{"start":{"line":102,"column":6},"end":{"line":104,"column":7}},"41":{"start":{"line":103,"column":8},"end":{"line":103,"column":53}},"42":{"start":{"line":107,"column":24},"end":{"line":107,"column":34}},"43":{"start":{"line":108,"column":23},"end":{"line":108,"column":52}},"44":{"start":{"line":111,"column":30},"end":{"line":111,"column":60}},"45":{"start":{"line":112,"column":6},"end":{"line":112,"column":36}},"46":{"start":{"line":115,"column":28},"end":{"line":115,"column":53}},"47":{"start":{"line":116,"column":25},"end":{"line":124,"column":8}},"48":{"start":{"line":126,"column":6},"end":{"line":131,"column":9}},"49":{"start":{"line":133,"column":6},"end":{"line":133,"column":65}},"50":{"start":{"line":134,"column":6},"end":{"line":134,"column":84}},"51":{"start":{"line":144,"column":4},"end":{"line":187,"column":5}},"52":{"start":{"line":145,"column":6},"end":{"line":147,"column":7}},"53":{"start":{"line":146,"column":8},"end":{"line":146,"column":73}},"54":{"start":{"line":149,"column":51},"end":{"line":149,"column":59}},"55":{"start":{"line":151,"column":6},"end":{"line":153,"column":7}},"56":{"start":{"line":152,"column":8},"end":{"line":152,"column":78}},"57":{"start":{"line":155,"column":31},"end":{"line":155,"column":55}},"58":{"start":{"line":156,"column":24},"end":{"line":156,"column":43}},"59":{"start":{"line":159,"column":28},"end":{"line":159,"column":53}},"60":{"start":{"line":160,"column":21},"end":{"line":160,"column":79}},"61":{"start":{"line":162,"column":6},"end":{"line":164,"column":7}},"62":{"start":{"line":163,"column":8},"end":{"line":163,"column":67}},"63":{"start":{"line":167,"column":24},"end":{"line":167,"column":83}},"64":{"start":{"line":168,"column":6},"end":{"line":170,"column":7}},"65":{"start":{"line":169,"column":8},"end":{"line":169,"column":53}},"66":{"start":{"line":173,"column":24},"end":{"line":173,"column":73}},"67":{"start":{"line":174,"column":6},"end":{"line":174,"column":36}},"68":{"start":{"line":177,"column":6},"end":{"line":177,"column":72}},"69":{"start":{"line":179,"column":6},"end":{"line":183,"column":9}},"70":{"start":{"line":185,"column":6},"end":{"line":185,"column":53}},"71":{"start":{"line":186,"column":6},"end":{"line":186,"column":71}},"72":{"start":{"line":196,"column":4},"end":{"line":228,"column":5}},"73":{"start":{"line":197,"column":27},"end":{"line":197,"column":35}},"74":{"start":{"line":199,"column":6},"end":{"line":201,"column":7}},"75":{"start":{"line":200,"column":8},"end":{"line":200,"column":72}},"76":{"start":{"line":204,"column":28},"end":{"line":204,"column":53}},"77":{"start":{"line":205,"column":21},"end":{"line":205,"column":79}},"78":{"start":{"line":207,"column":6},"end":{"line":209,"column":7}},"79":{"start":{"line":208,"column":8},"end":{"line":208,"column":67}},"80":{"start":{"line":212,"column":23},"end":{"line":212,"column":74}},"81":{"start":{"line":215,"column":6},"end":{"line":217,"column":9}},"82":{"start":{"line":216,"column":8},"end":{"line":216,"column":70}},"83":{"start":{"line":219,"column":6},"end":{"line":224,"column":9}},"84":{"start":{"line":226,"column":6},"end":{"line":226,"column":63}},"85":{"start":{"line":227,"column":6},"end":{"line":227,"column":82}},"86":{"start":{"line":237,"column":4},"end":{"line":262,"column":5}},"87":{"start":{"line":238,"column":27},"end":{"line":238,"column":35}},"88":{"start":{"line":240,"column":6},"end":{"line":242,"column":7}},"89":{"start":{"line":241,"column":8},"end":{"line":241,"column":72}},"90":{"start":{"line":245,"column":28},"end":{"line":245,"column":53}},"91":{"start":{"line":246,"column":21},"end":{"line":246,"column":79}},"92":{"start":{"line":248,"column":6},"end":{"line":250,"column":7}},"93":{"start":{"line":249,"column":8},"end":{"line":249,"column":67}},"94":{"start":{"line":253,"column":6},"end":{"line":253,"column":55}},"95":{"start":{"line":255,"column":6},"end":{"line":258,"column":9}},"96":{"start":{"line":260,"column":6},"end":{"line":260,"column":61}},"97":{"start":{"line":261,"column":6},"end":{"line":261,"column":79}},"98":{"start":{"line":271,"column":4},"end":{"line":290,"column":5}},"99":{"start":{"line":272,"column":21},"end":{"line":272,"column":31}},"100":{"start":{"line":274,"column":6},"end":{"line":276,"column":7}},"101":{"start":{"line":275,"column":8},"end":{"line":275,"column":72}},"102":{"start":{"line":279,"column":28},"end":{"line":279,"column":53}},"103":{"start":{"line":280,"column":21},"end":{"line":280,"column":67}},"104":{"start":{"line":282,"column":6},"end":{"line":284,"column":7}},"105":{"start":{"line":283,"column":8},"end":{"line":283,"column":67}},"106":{"start":{"line":286,"column":6},"end":{"line":286,"column":30}},"107":{"start":{"line":288,"column":6},"end":{"line":288,"column":67}},"108":{"start":{"line":289,"column":6},"end":{"line":289,"column":76}},"109":{"start":{"line":299,"column":4},"end":{"line":313,"column":5}},"110":{"start":{"line":300,"column":21},"end":{"line":300,"column":31}},"111":{"start":{"line":302,"column":28},"end":{"line":302,"column":53}},"112":{"start":{"line":303,"column":21},"end":{"line":303,"column":60}},"113":{"start":{"line":305,"column":6},"end":{"line":307,"column":7}},"114":{"start":{"line":306,"column":8},"end":{"line":306,"column":67}},"115":{"start":{"line":309,"column":6},"end":{"line":309,"column":30}},"116":{"start":{"line":311,"column":6},"end":{"line":311,"column":59}},"117":{"start":{"line":312,"column":6},"end":{"line":312,"column":76}},"118":{"start":{"line":322,"column":4},"end":{"line":343,"column":5}},"119":{"start":{"line":323,"column":21},"end":{"line":323,"column":31}},"120":{"start":{"line":324,"column":72},"end":{"line":324,"column":81}},"121":{"start":{"line":326,"column":32},"end":{"line":326,"column":61}},"122":{"start":{"line":327,"column":22},"end":{"line":333,"column":7}},"123":{"start":{"line":335,"column":6},"end":{"line":337,"column":7}},"124":{"start":{"line":336,"column":8},"end":{"line":336,"column":103}},"125":{"start":{"line":339,"column":6},"end":{"line":339,"column":31}},"126":{"start":{"line":341,"column":6},"end":{"line":341,"column":64}},"127":{"start":{"line":342,"column":6},"end":{"line":342,"column":81}},"128":{"start":{"line":352,"column":4},"end":{"line":371,"column":5}},"129":{"start":{"line":353,"column":21},"end":{"line":353,"column":31}},"130":{"start":{"line":354,"column":56},"end":{"line":354,"column":64}},"131":{"start":{"line":356,"column":6},"end":{"line":358,"column":7}},"132":{"start":{"line":357,"column":8},"end":{"line":357,"column":84}},"133":{"start":{"line":360,"column":28},"end":{"line":360,"column":53}},"134":{"start":{"line":361,"column":21},"end":{"line":365,"column":8}},"135":{"start":{"line":367,"column":6},"end":{"line":367,"column":30}},"136":{"start":{"line":369,"column":6},"end":{"line":369,"column":55}},"137":{"start":{"line":370,"column":6},"end":{"line":370,"column":74}},"138":{"start":{"line":375,"column":0},"end":{"line":375,"column":46}}},"fnMap":{"0":{"name":"(anonymous_0)","decl":{"start":{"line":12,"column":2},"end":{"line":12,"column":3}},"loc":{"start":{"line":12,"column":29},"end":{"line":68,"column":3}},"line":12},"1":{"name":"(anonymous_1)","decl":{"start":{"line":55,"column":60},"end":{"line":55,"column":61}},"loc":{"start":{"line":55,"column":69},"end":{"line":57,"column":7}},"line":55},"2":{"name":"(anonymous_2)","decl":{"start":{"line":75,"column":2},"end":{"line":75,"column":3}},"loc":{"start":{"line":75,"column":42},"end":{"line":136,"column":3}},"line":75},"3":{"name":"(anonymous_3)","decl":{"start":{"line":143,"column":2},"end":{"line":143,"column":3}},"loc":{"start":{"line":143,"column":30},"end":{"line":188,"column":3}},"line":143},"4":{"name":"(anonymous_4)","decl":{"start":{"line":195,"column":2},"end":{"line":195,"column":3}},"loc":{"start":{"line":195,"column":40},"end":{"line":229,"column":3}},"line":195},"5":{"name":"(anonymous_5)","decl":{"start":{"line":215,"column":61},"end":{"line":215,"column":62}},"loc":{"start":{"line":215,"column":70},"end":{"line":217,"column":7}},"line":215},"6":{"name":"(anonymous_6)","decl":{"start":{"line":236,"column":2},"end":{"line":236,"column":3}},"loc":{"start":{"line":236,"column":37},"end":{"line":263,"column":3}},"line":236},"7":{"name":"(anonymous_7)","decl":{"start":{"line":270,"column":2},"end":{"line":270,"column":3}},"loc":{"start":{"line":270,"column":41},"end":{"line":291,"column":3}},"line":270},"8":{"name":"(anonymous_8)","decl":{"start":{"line":298,"column":2},"end":{"line":298,"column":3}},"loc":{"start":{"line":298,"column":34},"end":{"line":314,"column":3}},"line":298},"9":{"name":"(anonymous_9)","decl":{"start":{"line":321,"column":2},"end":{"line":321,"column":3}},"loc":{"start":{"line":321,"column":39},"end":{"line":344,"column":3}},"line":321},"10":{"name":"(anonymous_10)","decl":{"start":{"line":351,"column":2},"end":{"line":351,"column":3}},"loc":{"start":{"line":351,"column":33},"end":{"line":372,"column":3}},"line":351}},"branchMap":{"0":{"loc":{"start":{"line":14,"column":6},"end":{"line":16,"column":7}},"type":"if","locations":[{"start":{"line":14,"column":6},"end":{"line":16,"column":7}},{"start":{},"end":{}}],"line":14},"1":{"loc":{"start":{"line":14,"column":10},"end":{"line":14,"column":59}},"type":"binary-expr","locations":[{"start":{"line":14,"column":10},"end":{"line":14,"column":20}},{"start":{"line":14,"column":24},"end":{"line":14,"column":59}}],"line":14},"2":{"loc":{"start":{"line":21,"column":6},"end":{"line":23,"column":7}},"type":"if","locations":[{"start":{"line":21,"column":6},"end":{"line":23,"column":7}},{"start":{},"end":{}}],"line":21},"3":{"loc":{"start":{"line":27,"column":6},"end":{"line":29,"column":7}},"type":"if","locations":[{"start":{"line":27,"column":6},"end":{"line":29,"column":7}},{"start":{},"end":{}}],"line":27},"4":{"loc":{"start":{"line":33,"column":6},"end":{"line":35,"column":7}},"type":"if","locations":[{"start":{"line":33,"column":6},"end":{"line":35,"column":7}},{"start":{},"end":{}}],"line":33},"5":{"loc":{"start":{"line":79,"column":6},"end":{"line":81,"column":7}},"type":"if","locations":[{"start":{"line":79,"column":6},"end":{"line":81,"column":7}},{"start":{},"end":{}}],"line":79},"6":{"loc":{"start":{"line":79,"column":10},"end":{"line":79,"column":62}},"type":"binary-expr","locations":[{"start":{"line":79,"column":10},"end":{"line":79,"column":19}},{"start":{"line":79,"column":23},"end":{"line":79,"column":32}},{"start":{"line":79,"column":36},"end":{"line":79,"column":46}},{"start":{"line":79,"column":50},"end":{"line":79,"column":62}}],"line":79},"7":{"loc":{"start":{"line":84,"column":6},"end":{"line":86,"column":7}},"type":"if","locations":[{"start":{"line":84,"column":6},"end":{"line":86,"column":7}},{"start":{},"end":{}}],"line":84},"8":{"loc":{"start":{"line":90,"column":6},"end":{"line":92,"column":7}},"type":"if","locations":[{"start":{"line":90,"column":6},"end":{"line":92,"column":7}},{"start":{},"end":{}}],"line":90},"9":{"loc":{"start":{"line":98,"column":6},"end":{"line":100,"column":7}},"type":"if","locations":[{"start":{"line":98,"column":6},"end":{"line":100,"column":7}},{"start":{},"end":{}}],"line":98},"10":{"loc":{"start":{"line":102,"column":6},"end":{"line":104,"column":7}},"type":"if","locations":[{"start":{"line":102,"column":6},"end":{"line":104,"column":7}},{"start":{},"end":{}}],"line":102},"11":{"loc":{"start":{"line":145,"column":6},"end":{"line":147,"column":7}},"type":"if","locations":[{"start":{"line":145,"column":6},"end":{"line":147,"column":7}},{"start":{},"end":{}}],"line":145},"12":{"loc":{"start":{"line":145,"column":10},"end":{"line":145,"column":44}},"type":"binary-expr","locations":[{"start":{"line":145,"column":10},"end":{"line":145,"column":20}},{"start":{"line":145,"column":24},"end":{"line":145,"column":44}}],"line":145},"13":{"loc":{"start":{"line":151,"column":6},"end":{"line":153,"column":7}},"type":"if","locations":[{"start":{"line":151,"column":6},"end":{"line":153,"column":7}},{"start":{},"end":{}}],"line":151},"14":{"loc":{"start":{"line":151,"column":10},"end":{"line":151,"column":62}},"type":"binary-expr","locations":[{"start":{"line":151,"column":10},"end":{"line":151,"column":19}},{"start":{"line":151,"column":23},"end":{"line":151,"column":47}},{"start":{"line":151,"column":51},"end":{"line":151,"column":62}}],"line":151},"15":{"loc":{"start":{"line":162,"column":6},"end":{"line":164,"column":7}},"type":"if","locations":[{"start":{"line":162,"column":6},"end":{"line":164,"column":7}},{"start":{},"end":{}}],"line":162},"16":{"loc":{"start":{"line":168,"column":6},"end":{"line":170,"column":7}},"type":"if","locations":[{"start":{"line":168,"column":6},"end":{"line":170,"column":7}},{"start":{},"end":{}}],"line":168},"17":{"loc":{"start":{"line":199,"column":6},"end":{"line":201,"column":7}},"type":"if","locations":[{"start":{"line":199,"column":6},"end":{"line":201,"column":7}},{"start":{},"end":{}}],"line":199},"18":{"loc":{"start":{"line":207,"column":6},"end":{"line":209,"column":7}},"type":"if","locations":[{"start":{"line":207,"column":6},"end":{"line":209,"column":7}},{"start":{},"end":{}}],"line":207},"19":{"loc":{"start":{"line":240,"column":6},"end":{"line":242,"column":7}},"type":"if","locations":[{"start":{"line":240,"column":6},"end":{"line":242,"column":7}},{"start":{},"end":{}}],"line":240},"20":{"loc":{"start":{"line":248,"column":6},"end":{"line":250,"column":7}},"type":"if","locations":[{"start":{"line":248,"column":6},"end":{"line":250,"column":7}},{"start":{},"end":{}}],"line":248},"21":{"loc":{"start":{"line":274,"column":6},"end":{"line":276,"column":7}},"type":"if","locations":[{"start":{"line":274,"column":6},"end":{"line":276,"column":7}},{"start":{},"end":{}}],"line":274},"22":{"loc":{"start":{"line":282,"column":6},"end":{"line":284,"column":7}},"type":"if","locations":[{"start":{"line":282,"column":6},"end":{"line":284,"column":7}},{"start":{},"end":{}}],"line":282},"23":{"loc":{"start":{"line":305,"column":6},"end":{"line":307,"column":7}},"type":"if","locations":[{"start":{"line":305,"column":6},"end":{"line":307,"column":7}},{"start":{},"end":{}}],"line":305},"24":{"loc":{"start":{"line":324,"column":14},"end":{"line":324,"column":22}},"type":"default-arg","locations":[{"start":{"line":324,"column":21},"end":{"line":324,"column":22}}],"line":324},"25":{"loc":{"start":{"line":324,"column":24},"end":{"line":324,"column":35}},"type":"default-arg","locations":[{"start":{"line":324,"column":32},"end":{"line":324,"column":35}}],"line":324},"26":{"loc":{"start":{"line":335,"column":6},"end":{"line":337,"column":7}},"type":"if","locations":[{"start":{"line":335,"column":6},"end":{"line":337,"column":7}},{"start":{},"end":{}}],"line":335},"27":{"loc":{"start":{"line":356,"column":6},"end":{"line":358,"column":7}},"type":"if","locations":[{"start":{"line":356,"column":6},"end":{"line":358,"column":7}},{"start":{},"end":{}}],"line":356},"28":{"loc":{"start":{"line":356,"column":10},"end":{"line":356,"column":92}},"type":"binary-expr","locations":[{"start":{"line":356,"column":10},"end":{"line":356,"column":21}},{"start":{"line":356,"column":26},"end":{"line":356,"column":36}},{"start":{"line":356,"column":40},"end":{"line":356,"column":65}},{"start":{"line":356,"column":69},"end":{"line":356,"column":91}}],"line":356}},"s":{"0":0,"1":0,"2":0,"3":0,"4":0,"5":0,"6":0,"7":0,"8":0,"9":0,"10":0,"11":0,"12":0,"13":0,"14":0,"15":0,"16":0,"17":0,"18":0,"19":0,"20":0,"21":0,"22":0,"23":0,"24":0,"25":0,"26":0,"27":0,"28":0,"29":0,"30":0,"31":0,"32":0,"33":0,"34":0,"35":0,"36":0,"37":0,"38":0,"39":0,"40":0,"41":0,"42":0,"43":0,"44":0,"45":0,"46":0,"47":0,"48":0,"49":0,"50":0,"51":0,"52":0,"53":0,"54":0,"55":0,"56":0,"57":0,"58":0,"59":0,"60":0,"61":0,"62":0,"63":0,"64":0,"65":0,"66":0,"67":0,"68":0,"69":0,"70":0,"71":0,"72":0,"73":0,"74":0,"75":0,"76":0,"77":0,"78":0,"79":0,"80":0,"81":0,"82":0,"83":0,"84":0,"85":0,"86":0,"87":0,"88":0,"89":0,"90":0,"91":0,"92":0,"93":0,"94":0,"95":0,"96":0,"97":0,"98":0,"99":0,"100":0,"101":0,"102":0,"103":0,"104":0,"105":0,"106":0,"107":0,"108":0,"109":0,"110":0,"111":0,"112":0,"113":0,"114":0,"115":0,"116":0,"117":0,"118":0,"119":0,"120":0,"121":0,"122":0,"123":0,"124":0,"125":0,"126":0,"127":0,"128":0,"129":0,"130":0,"131":0,"132":0,"133":0,"134":0,"135":0,"136":0,"137":0,"138":0},"f":{"0":0,"1":0,"2":0,"3":0,"4":0,"5":0,"6":0,"7":0,"8":0,"9":0,"10":0},"b":{"0":[0,0],"1":[0,0],"2":[0,0],"3":[0,0],"4":[0,0],"5":[0,0],"6":[0,0,0,0],"7":[0,0],"8":[0,0],"9":[0,0],"10":[0,0],"11":[0,0],"12":[0,0],"13":[0,0],"14":[0,0,0],"15":[0,0],"16":[0,0],"17":[0,0],"18":[0,0],"19":[0,0],"20":[0,0],"21":[0,0],"22":[0,0],"23":[0,0],"24":[0],"25":[0],"26":[0,0],"27":[0,0],"28":[0,0,0,0]}}
,"/Users/nick/AirportCapacityPlanner/backend/src/controllers/FlightValidationController.js": {"path":"/Users/nick/AirportCapacityPlanner/backend/src/controllers/FlightValidationController.js","statementMap":{"0":{"start":{"line":1,"column":32},"end":{"line":1,"column":78}},"1":{"start":{"line":2,"column":28},"end":{"line":2,"column":70}},"2":{"start":{"line":11,"column":4},"end":{"line":44,"column":5}},"3":{"start":{"line":12,"column":21},"end":{"line":12,"column":31}},"4":{"start":{"line":15,"column":28},"end":{"line":15,"column":53}},"5":{"start":{"line":16,"column":21},"end":{"line":16,"column":58}},"6":{"start":{"line":18,"column":6},"end":{"line":20,"column":7}},"7":{"start":{"line":19,"column":8},"end":{"line":19,"column":67}},"8":{"start":{"line":22,"column":6},"end":{"line":27,"column":7}},"9":{"start":{"line":23,"column":8},"end":{"line":26,"column":11}},"10":{"start":{"line":30,"column":32},"end":{"line":30,"column":61}},"11":{"start":{"line":33,"column":6},"end":{"line":35,"column":9}},"12":{"start":{"line":34,"column":8},"end":{"line":34,"column":75}},"13":{"start":{"line":37,"column":6},"end":{"line":40,"column":9}},"14":{"start":{"line":42,"column":6},"end":{"line":42,"column":57}},"15":{"start":{"line":43,"column":6},"end":{"line":43,"column":75}},"16":{"start":{"line":53,"column":4},"end":{"line":67,"column":5}},"17":{"start":{"line":54,"column":21},"end":{"line":54,"column":31}},"18":{"start":{"line":56,"column":32},"end":{"line":56,"column":61}},"19":{"start":{"line":57,"column":20},"end":{"line":57,"column":66}},"20":{"start":{"line":59,"column":6},"end":{"line":61,"column":7}},"21":{"start":{"line":60,"column":8},"end":{"line":60,"column":95}},"22":{"start":{"line":63,"column":6},"end":{"line":63,"column":29}},"23":{"start":{"line":65,"column":6},"end":{"line":65,"column":62}},"24":{"start":{"line":66,"column":6},"end":{"line":66,"column":84}},"25":{"start":{"line":76,"column":4},"end":{"line":98,"column":5}},"26":{"start":{"line":77,"column":21},"end":{"line":77,"column":31}},"27":{"start":{"line":78,"column":106},"end":{"line":78,"column":115}},"28":{"start":{"line":80,"column":32},"end":{"line":80,"column":61}},"29":{"start":{"line":82,"column":22},"end":{"line":88,"column":8}},"30":{"start":{"line":90,"column":6},"end":{"line":92,"column":7}},"31":{"start":{"line":91,"column":8},"end":{"line":91,"column":95}},"32":{"start":{"line":94,"column":6},"end":{"line":94,"column":31}},"33":{"start":{"line":96,"column":6},"end":{"line":96,"column":61}},"34":{"start":{"line":97,"column":6},"end":{"line":97,"column":78}},"35":{"start":{"line":107,"column":4},"end":{"line":129,"column":5}},"36":{"start":{"line":108,"column":21},"end":{"line":108,"column":31}},"37":{"start":{"line":109,"column":106},"end":{"line":109,"column":115}},"38":{"start":{"line":111,"column":32},"end":{"line":111,"column":61}},"39":{"start":{"line":113,"column":22},"end":{"line":119,"column":8}},"40":{"start":{"line":121,"column":6},"end":{"line":123,"column":7}},"41":{"start":{"line":122,"column":8},"end":{"line":122,"column":95}},"42":{"start":{"line":125,"column":6},"end":{"line":125,"column":31}},"43":{"start":{"line":127,"column":6},"end":{"line":127,"column":63}},"44":{"start":{"line":128,"column":6},"end":{"line":128,"column":80}},"45":{"start":{"line":138,"column":4},"end":{"line":226,"column":5}},"46":{"start":{"line":139,"column":21},"end":{"line":139,"column":31}},"47":{"start":{"line":140,"column":91},"end":{"line":140,"column":100}},"48":{"start":{"line":143,"column":31},"end":{"line":143,"column":79}},"49":{"start":{"line":144,"column":33},"end":{"line":144,"column":85}},"50":{"start":{"line":147,"column":27},"end":{"line":147,"column":50}},"51":{"start":{"line":148,"column":6},"end":{"line":150,"column":7}},"52":{"start":{"line":149,"column":8},"end":{"line":149,"column":112}},"53":{"start":{"line":153,"column":28},"end":{"line":153,"column":53}},"54":{"start":{"line":154,"column":21},"end":{"line":154,"column":58}},"55":{"start":{"line":156,"column":6},"end":{"line":158,"column":7}},"56":{"start":{"line":157,"column":8},"end":{"line":157,"column":67}},"57":{"start":{"line":160,"column":32},"end":{"line":160,"column":61}},"58":{"start":{"line":163,"column":25},"end":{"line":167,"column":8}},"59":{"start":{"line":169,"column":6},"end":{"line":171,"column":7}},"60":{"start":{"line":170,"column":8},"end":{"line":170,"column":83}},"61":{"start":{"line":174,"column":24},"end":{"line":174,"column":61}},"62":{"start":{"line":175,"column":28},"end":{"line":175,"column":102}},"63":{"start":{"line":176,"column":23},"end":{"line":176,"column":81}},"64":{"start":{"line":179,"column":6},"end":{"line":222,"column":7}},"65":{"start":{"line":181,"column":10},"end":{"line":181,"column":52}},"66":{"start":{"line":182,"column":10},"end":{"line":182,"column":85}},"67":{"start":{"line":184,"column":26},"end":{"line":184,"column":73}},"68":{"start":{"line":187,"column":10},"end":{"line":193,"column":11}},"69":{"start":{"line":188,"column":12},"end":{"line":188,"column":46}},"70":{"start":{"line":189,"column":17},"end":{"line":193,"column":11}},"71":{"start":{"line":190,"column":12},"end":{"line":190,"column":48}},"72":{"start":{"line":192,"column":12},"end":{"line":192,"column":41}},"73":{"start":{"line":196,"column":10},"end":{"line":196,"column":109}},"74":{"start":{"line":197,"column":10},"end":{"line":197,"column":85}},"75":{"start":{"line":198,"column":29},"end":{"line":198,"column":83}},"76":{"start":{"line":199,"column":10},"end":{"line":199,"column":38}},"77":{"start":{"line":202,"column":10},"end":{"line":202,"column":60}},"78":{"start":{"line":203,"column":10},"end":{"line":203,"column":85}},"79":{"start":{"line":206,"column":10},"end":{"line":218,"column":11}},"80":{"start":{"line":207,"column":12},"end":{"line":210,"column":15}},"81":{"start":{"line":211,"column":17},"end":{"line":218,"column":11}},"82":{"start":{"line":212,"column":12},"end":{"line":215,"column":15}},"83":{"start":{"line":217,"column":12},"end":{"line":217,"column":40}},"84":{"start":{"line":221,"column":10},"end":{"line":221,"column":71}},"85":{"start":{"line":224,"column":6},"end":{"line":224,"column":65}},"86":{"start":{"line":225,"column":6},"end":{"line":225,"column":83}},"87":{"start":{"line":230,"column":0},"end":{"line":230,"column":50}}},"fnMap":{"0":{"name":"(anonymous_0)","decl":{"start":{"line":10,"column":2},"end":{"line":10,"column":3}},"loc":{"start":{"line":10,"column":34},"end":{"line":45,"column":3}},"line":10},"1":{"name":"(anonymous_1)","decl":{"start":{"line":33,"column":53},"end":{"line":33,"column":54}},"loc":{"start":{"line":33,"column":62},"end":{"line":35,"column":7}},"line":33},"2":{"name":"(anonymous_2)","decl":{"start":{"line":52,"column":2},"end":{"line":52,"column":3}},"loc":{"start":{"line":52,"column":37},"end":{"line":68,"column":3}},"line":52},"3":{"name":"(anonymous_3)","decl":{"start":{"line":75,"column":2},"end":{"line":75,"column":3}},"loc":{"start":{"line":75,"column":36},"end":{"line":99,"column":3}},"line":75},"4":{"name":"(anonymous_4)","decl":{"start":{"line":106,"column":2},"end":{"line":106,"column":3}},"loc":{"start":{"line":106,"column":38},"end":{"line":130,"column":3}},"line":106},"5":{"name":"(anonymous_5)","decl":{"start":{"line":137,"column":2},"end":{"line":137,"column":3}},"loc":{"start":{"line":137,"column":41},"end":{"line":227,"column":3}},"line":137}},"branchMap":{"0":{"loc":{"start":{"line":18,"column":6},"end":{"line":20,"column":7}},"type":"if","locations":[{"start":{"line":18,"column":6},"end":{"line":20,"column":7}},{"start":{},"end":{}}],"line":18},"1":{"loc":{"start":{"line":22,"column":6},"end":{"line":27,"column":7}},"type":"if","locations":[{"start":{"line":22,"column":6},"end":{"line":27,"column":7}},{"start":{},"end":{}}],"line":22},"2":{"loc":{"start":{"line":59,"column":6},"end":{"line":61,"column":7}},"type":"if","locations":[{"start":{"line":59,"column":6},"end":{"line":61,"column":7}},{"start":{},"end":{}}],"line":59},"3":{"loc":{"start":{"line":78,"column":14},"end":{"line":78,"column":22}},"type":"default-arg","locations":[{"start":{"line":78,"column":21},"end":{"line":78,"column":22}}],"line":78},"4":{"loc":{"start":{"line":78,"column":24},"end":{"line":78,"column":35}},"type":"default-arg","locations":[{"start":{"line":78,"column":32},"end":{"line":78,"column":35}}],"line":78},"5":{"loc":{"start":{"line":78,"column":55},"end":{"line":78,"column":82}},"type":"default-arg","locations":[{"start":{"line":78,"column":62},"end":{"line":78,"column":82}}],"line":78},"6":{"loc":{"start":{"line":78,"column":84},"end":{"line":78,"column":101}},"type":"default-arg","locations":[{"start":{"line":78,"column":96},"end":{"line":78,"column":101}}],"line":78},"7":{"loc":{"start":{"line":90,"column":6},"end":{"line":92,"column":7}},"type":"if","locations":[{"start":{"line":90,"column":6},"end":{"line":92,"column":7}},{"start":{},"end":{}}],"line":90},"8":{"loc":{"start":{"line":109,"column":14},"end":{"line":109,"column":22}},"type":"default-arg","locations":[{"start":{"line":109,"column":21},"end":{"line":109,"column":22}}],"line":109},"9":{"loc":{"start":{"line":109,"column":24},"end":{"line":109,"column":35}},"type":"default-arg","locations":[{"start":{"line":109,"column":32},"end":{"line":109,"column":35}}],"line":109},"10":{"loc":{"start":{"line":109,"column":55},"end":{"line":109,"column":82}},"type":"default-arg","locations":[{"start":{"line":109,"column":62},"end":{"line":109,"column":82}}],"line":109},"11":{"loc":{"start":{"line":109,"column":84},"end":{"line":109,"column":101}},"type":"default-arg","locations":[{"start":{"line":109,"column":96},"end":{"line":109,"column":101}}],"line":109},"12":{"loc":{"start":{"line":121,"column":6},"end":{"line":123,"column":7}},"type":"if","locations":[{"start":{"line":121,"column":6},"end":{"line":123,"column":7}},{"start":{},"end":{}}],"line":121},"13":{"loc":{"start":{"line":140,"column":14},"end":{"line":140,"column":28}},"type":"default-arg","locations":[{"start":{"line":140,"column":23},"end":{"line":140,"column":28}}],"line":140},"14":{"loc":{"start":{"line":140,"column":44},"end":{"line":140,"column":63}},"type":"default-arg","locations":[{"start":{"line":140,"column":59},"end":{"line":140,"column":63}}],"line":140},"15":{"loc":{"start":{"line":140,"column":65},"end":{"line":140,"column":86}},"type":"default-arg","locations":[{"start":{"line":140,"column":82},"end":{"line":140,"column":86}}],"line":140},"16":{"loc":{"start":{"line":143,"column":31},"end":{"line":143,"column":79}},"type":"binary-expr","locations":[{"start":{"line":143,"column":31},"end":{"line":143,"column":54}},{"start":{"line":143,"column":58},"end":{"line":143,"column":79}}],"line":143},"17":{"loc":{"start":{"line":144,"column":33},"end":{"line":144,"column":85}},"type":"binary-expr","locations":[{"start":{"line":144,"column":33},"end":{"line":144,"column":58}},{"start":{"line":144,"column":62},"end":{"line":144,"column":85}}],"line":144},"18":{"loc":{"start":{"line":148,"column":6},"end":{"line":150,"column":7}},"type":"if","locations":[{"start":{"line":148,"column":6},"end":{"line":150,"column":7}},{"start":{},"end":{}}],"line":148},"19":{"loc":{"start":{"line":156,"column":6},"end":{"line":158,"column":7}},"type":"if","locations":[{"start":{"line":156,"column":6},"end":{"line":158,"column":7}},{"start":{},"end":{}}],"line":156},"20":{"loc":{"start":{"line":169,"column":6},"end":{"line":171,"column":7}},"type":"if","locations":[{"start":{"line":169,"column":6},"end":{"line":171,"column":7}},{"start":{},"end":{}}],"line":169},"21":{"loc":{"start":{"line":169,"column":10},"end":{"line":169,"column":56}},"type":"binary-expr","locations":[{"start":{"line":169,"column":10},"end":{"line":169,"column":21}},{"start":{"line":169,"column":25},"end":{"line":169,"column":56}}],"line":169},"22":{"loc":{"start":{"line":175,"column":28},"end":{"line":175,"column":102}},"type":"cond-expr","locations":[{"start":{"line":175,"column":43},"end":{"line":175,"column":97}},{"start":{"line":175,"column":100},"end":{"line":175,"column":102}}],"line":175},"23":{"loc":{"start":{"line":175,"column":47},"end":{"line":175,"column":95}},"type":"cond-expr","locations":[{"start":{"line":175,"column":70},"end":{"line":175,"column":80}},{"start":{"line":175,"column":83},"end":{"line":175,"column":95}}],"line":175},"24":{"loc":{"start":{"line":179,"column":6},"end":{"line":222,"column":7}},"type":"switch","locations":[{"start":{"line":180,"column":8},"end":{"line":193,"column":11}},{"start":{"line":195,"column":8},"end":{"line":199,"column":38}},{"start":{"line":201,"column":8},"end":{"line":218,"column":11}},{"start":{"line":220,"column":8},"end":{"line":221,"column":71}}],"line":179},"25":{"loc":{"start":{"line":187,"column":10},"end":{"line":193,"column":11}},"type":"if","locations":[{"start":{"line":187,"column":10},"end":{"line":193,"column":11}},{"start":{"line":189,"column":17},"end":{"line":193,"column":11}}],"line":187},"26":{"loc":{"start":{"line":187,"column":14},"end":{"line":187,"column":54}},"type":"binary-expr","locations":[{"start":{"line":187,"column":14},"end":{"line":187,"column":34}},{"start":{"line":187,"column":38},"end":{"line":187,"column":54}}],"line":187},"27":{"loc":{"start":{"line":189,"column":17},"end":{"line":193,"column":11}},"type":"if","locations":[{"start":{"line":189,"column":17},"end":{"line":193,"column":11}},{"start":{"line":191,"column":17},"end":{"line":193,"column":11}}],"line":189},"28":{"loc":{"start":{"line":189,"column":21},"end":{"line":189,"column":63}},"type":"binary-expr","locations":[{"start":{"line":189,"column":21},"end":{"line":189,"column":41}},{"start":{"line":189,"column":45},"end":{"line":189,"column":63}}],"line":189},"29":{"loc":{"start":{"line":206,"column":10},"end":{"line":218,"column":11}},"type":"if","locations":[{"start":{"line":206,"column":10},"end":{"line":218,"column":11}},{"start":{"line":211,"column":17},"end":{"line":218,"column":11}}],"line":206},"30":{"loc":{"start":{"line":211,"column":17},"end":{"line":218,"column":11}},"type":"if","locations":[{"start":{"line":211,"column":17},"end":{"line":218,"column":11}},{"start":{"line":216,"column":17},"end":{"line":218,"column":11}}],"line":211}},"s":{"0":0,"1":0,"2":0,"3":0,"4":0,"5":0,"6":0,"7":0,"8":0,"9":0,"10":0,"11":0,"12":0,"13":0,"14":0,"15":0,"16":0,"17":0,"18":0,"19":0,"20":0,"21":0,"22":0,"23":0,"24":0,"25":0,"26":0,"27":0,"28":0,"29":0,"30":0,"31":0,"32":0,"33":0,"34":0,"35":0,"36":0,"37":0,"38":0,"39":0,"40":0,"41":0,"42":0,"43":0,"44":0,"45":0,"46":0,"47":0,"48":0,"49":0,"50":0,"51":0,"52":0,"53":0,"54":0,"55":0,"56":0,"57":0,"58":0,"59":0,"60":0,"61":0,"62":0,"63":0,"64":0,"65":0,"66":0,"67":0,"68":0,"69":0,"70":0,"71":0,"72":0,"73":0,"74":0,"75":0,"76":0,"77":0,"78":0,"79":0,"80":0,"81":0,"82":0,"83":0,"84":0,"85":0,"86":0,"87":0},"f":{"0":0,"1":0,"2":0,"3":0,"4":0,"5":0},"b":{"0":[0,0],"1":[0,0],"2":[0,0],"3":[0],"4":[0],"5":[0],"6":[0],"7":[0,0],"8":[0],"9":[0],"10":[0],"11":[0],"12":[0,0],"13":[0],"14":[0],"15":[0],"16":[0,0],"17":[0,0],"18":[0,0],"19":[0,0],"20":[0,0],"21":[0,0],"22":[0,0],"23":[0,0],"24":[0,0,0,0],"25":[0,0],"26":[0,0],"27":[0,0],"28":[0,0],"29":[0,0],"30":[0,0]}}
,"/Users/nick/AirportCapacityPlanner/backend/src/controllers/GroundHandlingAgentController.js": {"path":"/Users/nick/AirportCapacityPlanner/backend/src/controllers/GroundHandlingAgentController.js","statementMap":{"0":{"start":{"line":1,"column":35},"end":{"line":1,"column":84}},"1":{"start":{"line":13,"column":4},"end":{"line":65,"column":5}},"2":{"start":{"line":14,"column":6},"end":{"line":14,"column":75}},"3":{"start":{"line":16,"column":21},"end":{"line":25,"column":7}},"4":{"start":{"line":27,"column":6},"end":{"line":27,"column":48}},"5":{"start":{"line":29,"column":6},"end":{"line":55,"column":7}},"6":{"start":{"line":30,"column":21},"end":{"line":30,"column":72}},"7":{"start":{"line":31,"column":8},"end":{"line":31,"column":66}},"8":{"start":{"line":33,"column":22},"end":{"line":33,"column":74}},"9":{"start":{"line":34,"column":8},"end":{"line":34,"column":49}},"10":{"start":{"line":37,"column":21},"end":{"line":37,"column":42}},"11":{"start":{"line":38,"column":22},"end":{"line":38,"column":44}},"12":{"start":{"line":39,"column":27},"end":{"line":39,"column":51}},"13":{"start":{"line":41,"column":8},"end":{"line":51,"column":11}},"14":{"start":{"line":53,"column":8},"end":{"line":53,"column":63}},"15":{"start":{"line":54,"column":8},"end":{"line":54,"column":27}},"16":{"start":{"line":57,"column":6},"end":{"line":57,"column":50}},"17":{"start":{"line":58,"column":6},"end":{"line":60,"column":7}},"18":{"start":{"line":59,"column":8},"end":{"line":59,"column":51}},"19":{"start":{"line":61,"column":6},"end":{"line":63,"column":7}},"20":{"start":{"line":62,"column":8},"end":{"line":62,"column":49}},"21":{"start":{"line":64,"column":6},"end":{"line":64,"column":107}},"22":{"start":{"line":74,"column":4},"end":{"line":86,"column":5}},"23":{"start":{"line":75,"column":20},"end":{"line":75,"column":33}},"24":{"start":{"line":76,"column":18},"end":{"line":76,"column":68}},"25":{"start":{"line":78,"column":6},"end":{"line":80,"column":7}},"26":{"start":{"line":79,"column":8},"end":{"line":79,"column":82}},"27":{"start":{"line":82,"column":6},"end":{"line":82,"column":20}},"28":{"start":{"line":84,"column":6},"end":{"line":84,"column":66}},"29":{"start":{"line":85,"column":6},"end":{"line":85,"column":82}},"30":{"start":{"line":95,"column":4},"end":{"line":107,"column":5}},"31":{"start":{"line":96,"column":20},"end":{"line":96,"column":31}},"32":{"start":{"line":98,"column":6},"end":{"line":100,"column":7}},"33":{"start":{"line":99,"column":8},"end":{"line":99,"column":75}},"34":{"start":{"line":102,"column":19},"end":{"line":102,"column":73}},"35":{"start":{"line":103,"column":6},"end":{"line":103,"column":21}},"36":{"start":{"line":105,"column":6},"end":{"line":105,"column":52}},"37":{"start":{"line":106,"column":6},"end":{"line":106,"column":81}},"38":{"start":{"line":116,"column":4},"end":{"line":128,"column":5}},"39":{"start":{"line":117,"column":26},"end":{"line":117,"column":41}},"40":{"start":{"line":119,"column":6},"end":{"line":121,"column":7}},"41":{"start":{"line":120,"column":8},"end":{"line":120,"column":75}},"42":{"start":{"line":123,"column":19},"end":{"line":123,"column":82}},"43":{"start":{"line":124,"column":6},"end":{"line":124,"column":21}},"44":{"start":{"line":126,"column":6},"end":{"line":126,"column":81}},"45":{"start":{"line":127,"column":6},"end":{"line":127,"column":109}},"46":{"start":{"line":137,"column":4},"end":{"line":154,"column":5}},"47":{"start":{"line":138,"column":22},"end":{"line":138,"column":30}},"48":{"start":{"line":141,"column":6},"end":{"line":143,"column":7}},"49":{"start":{"line":142,"column":8},"end":{"line":142,"column":67}},"50":{"start":{"line":145,"column":21},"end":{"line":148,"column":8}},"51":{"start":{"line":150,"column":6},"end":{"line":150,"column":35}},"52":{"start":{"line":152,"column":6},"end":{"line":152,"column":50}},"53":{"start":{"line":153,"column":6},"end":{"line":153,"column":80}},"54":{"start":{"line":163,"column":4},"end":{"line":181,"column":5}},"55":{"start":{"line":164,"column":20},"end":{"line":164,"column":33}},"56":{"start":{"line":165,"column":22},"end":{"line":165,"column":30}},"57":{"start":{"line":168,"column":18},"end":{"line":168,"column":68}},"58":{"start":{"line":170,"column":6},"end":{"line":172,"column":7}},"59":{"start":{"line":171,"column":8},"end":{"line":171,"column":82}},"60":{"start":{"line":175,"column":25},"end":{"line":175,"column":83}},"61":{"start":{"line":177,"column":6},"end":{"line":177,"column":27}},"62":{"start":{"line":179,"column":6},"end":{"line":179,"column":67}},"63":{"start":{"line":180,"column":6},"end":{"line":180,"column":80}},"64":{"start":{"line":190,"column":4},"end":{"line":207,"column":5}},"65":{"start":{"line":191,"column":20},"end":{"line":191,"column":33}},"66":{"start":{"line":194,"column":18},"end":{"line":194,"column":68}},"67":{"start":{"line":196,"column":6},"end":{"line":198,"column":7}},"68":{"start":{"line":197,"column":8},"end":{"line":197,"column":82}},"69":{"start":{"line":201,"column":6},"end":{"line":201,"column":56}},"70":{"start":{"line":203,"column":6},"end":{"line":203,"column":28}},"71":{"start":{"line":205,"column":6},"end":{"line":205,"column":67}},"72":{"start":{"line":206,"column":6},"end":{"line":206,"column":80}},"73":{"start":{"line":216,"column":4},"end":{"line":235,"column":5}},"74":{"start":{"line":217,"column":19},"end":{"line":217,"column":27}},"75":{"start":{"line":219,"column":6},"end":{"line":221,"column":7}},"76":{"start":{"line":220,"column":8},"end":{"line":220,"column":106}},"77":{"start":{"line":223,"column":22},"end":{"line":223,"column":71}},"78":{"start":{"line":225,"column":6},"end":{"line":231,"column":9}},"79":{"start":{"line":233,"column":6},"end":{"line":233,"column":52}},"80":{"start":{"line":234,"column":6},"end":{"line":234,"column":81}},"81":{"start":{"line":244,"column":4},"end":{"line":257,"column":5}},"82":{"start":{"line":245,"column":41},"end":{"line":245,"column":
[...]
pacityPlanner/backend/src/utils/db.js","statementMap":{"0":{"start":{"line":1,"column":13},"end":{"line":1,"column":28}},"1":{"start":{"line":2,"column":15},"end":{"line":2,"column":32}},"2":{"start":{"line":5,"column":0},"end":{"line":5,"column":16}},"3":{"start":{"line":8,"column":15},"end":{"line":25,"column":1}},"4":{"start":{"line":28,"column":21},"end":{"line":28,"column":33}},"5":{"start":{"line":31,"column":19},"end":{"line":33,"column":1}},"6":{"start":{"line":32,"column":2},"end":{"line":32,"column":33}},"7":{"start":{"line":36,"column":0},"end":{"line":42,"column":3}},"8":{"start":{"line":37,"column":2},"end":{"line":41,"column":3}},"9":{"start":{"line":38,"column":4},"end":{"line":38,"column":59}},"10":{"start":{"line":40,"column":4},"end":{"line":40,"column":40}},"11":{"start":{"line":45,"column":0},"end":{"line":45,"column":71}},"12":{"start":{"line":46,"column":0},"end":{"line":46,"column":53}},"13":{"start":{"line":49,"column":0},"end":{"line":63,"column":2}},"14":{"start":{"line":50,"column":18},"end":{"line":53,"column":3}},"15":{"start":{"line":56,"column":2},"end":{"line":60,"column":5}},"16":{"start":{"line":57,"column":4},"end":{"line":59,"column":5}},"17":{"start":{"line":58,"column":6},"end":{"line":58,"column":58}},"18":{"start":{"line":62,"column":2},"end":{"line":62,"column":17}},"19":{"start":{"line":66,"column":23},"end":{"line":75,"column":1}},"20":{"start":{"line":67,"column":2},"end":{"line":74,"column":3}},"21":{"start":{"line":69,"column":4},"end":{"line":69,"column":51}},"22":{"start":{"line":70,"column":4},"end":{"line":70,"column":16}},"23":{"start":{"line":72,"column":4},"end":{"line":72,"column":55}},"24":{"start":{"line":73,"column":4},"end":{"line":73,"column":16}},"25":{"start":{"line":78,"column":0},"end":{"line":78,"column":28}},"26":{"start":{"line":79,"column":0},"end":{"line":79,"column":31}},"27":{"start":{"line":80,"column":0},"end":{"line":80,"column":47}},"28":{"start":{"line":81,"column":0},"end":{"line":81,"column":31}}},"fnMap":{"0":{"name":"(anonymous_0)","decl":{"start":{"line":31,"column":19},"end":{"line":31,"column":20}},"loc":{"start":{"line":31,"column":34},"end":{"line":33,"column":1}},"line":31},"1":{"name":"(anonymous_1)","decl":{"start":{"line":36,"column":34},"end":{"line":36,"column":35}},"loc":{"start":{"line":36,"column":41},"end":{"line":42,"column":1}},"line":36},"2":{"name":"(anonymous_2)","decl":{"start":{"line":49,"column":18},"end":{"line":49,"column":19}},"loc":{"start":{"line":49,"column":29},"end":{"line":63,"column":1}},"line":49},"3":{"name":"(anonymous_3)","decl":{"start":{"line":56,"column":36},"end":{"line":56,"column":37}},"loc":{"start":{"line":56,"column":43},"end":{"line":60,"column":3}},"line":56},"4":{"name":"(anonymous_4)","decl":{"start":{"line":66,"column":23},"end":{"line":66,"column":24}},"loc":{"start":{"line":66,"column":35},"end":{"line":75,"column":1}},"line":66}},"branchMap":{"0":{"loc":{"start":{"line":11,"column":10},"end":{"line":11,"column":44}},"type":"binary-expr","locations":[{"start":{"line":11,"column":10},"end":{"line":11,"column":29}},{"start":{"line":11,"column":33},"end":{"line":11,"column":44}}],"line":11},"1":{"loc":{"start":{"line":12,"column":10},"end":{"line":12,"column":37}},"type":"binary-expr","locations":[{"start":{"line":12,"column":10},"end":{"line":12,"column":29}},{"start":{"line":12,"column":33},"end":{"line":12,"column":37}}],"line":12},"2":{"loc":{"start":{"line":13,"column":14},"end":{"line":13,"column":63}},"type":"binary-expr","locations":[{"start":{"line":13,"column":14},"end":{"line":13,"column":33}},{"start":{"line":13,"column":37},"end":{"line":13,"column":63}}],"line":13},"3":{"loc":{"start":{"line":14,"column":10},"end":{"line":14,"column":43}},"type":"binary-expr","locations":[{"start":{"line":14,"column":10},"end":{"line":14,"column":29}},{"start":{"line":14,"column":33},"end":{"line":14,"column":43}}],"line":14},"4":{"loc":{"start":{"line":15,"column":14},"end":{"line":15,"column":51}},"type":"binary-expr","locations":[{"start":{"line":15,"column":14},"end":{"line":15,"column":37}},{"start":{"line":15,"column":41},"end":{"line":15,"column":51}}],"line":15},"5":{"loc":{"start":{"line":37,"column":2},"end":{"line":41,"column":3}},"type":"if","locations":[{"start":{"line":37,"column":2},"end":{"line":41,"column":3}},{"start":{"line":39,"column":9},"end":{"line":41,"column":3}}],"line":37},"6":{"loc":{"start":{"line":57,"column":4},"end":{"line":59,"column":5}},"type":"if","locations":[{"start":{"line":57,"column":4},"end":{"line":59,"column":5}},{"start":{},"end":{}}],"line":57}},"s":{"0":1,"1":1,"2":1,"3":1,"4":1,"5":1,"6":5,"7":1,"8":143,"9":138,"10":5,"11":1,"12":1,"13":1,"14":0,"15":0,"16":0,"17":0,"18":0,"19":1,"20":0,"21":0,"22":0,"23":0,"24":0,"25":1,"26":1,"27":1,"28":1},"f":{"0":5,"1":143,"2":0,"3":0,"4":0},"b":{"0":[1,0],"1":[1,0],"2":[1,0],"3":[1,0],"4":[1,0],"5":[138,5],"6":[0,0]},"_coverageSchema":"1a1c01bbd47fc00a2c39e90264f33305004495a9","hash":"05c7ee79c8a05cfbc9b8709f3f1d96f7e10225ea"}
,"/Users/nick/AirportCapacityPlanner/backend/src/utils/slotUtils.js": {"path":"/Users/nick/AirportCapacityPlanner/backend/src/utils/slotUtils.js","statementMap":{"0":{"start":{"line":11,"column":2},"end":{"line":13,"column":3}},"1":{"start":{"line":12,"column":4},"end":{"line":12,"column":43}},"2":{"start":{"line":15,"column":20},"end":{"line":15,"column":41}},"3":{"start":{"line":16,"column":2},"end":{"line":18,"column":3}},"4":{"start":{"line":17,"column":4},"end":{"line":17,"column":71}},"5":{"start":{"line":20,"column":16},"end":{"line":20,"column":42}},"6":{"start":{"line":21,"column":18},"end":{"line":21,"column":44}},"7":{"start":{"line":23,"column":2},"end":{"line":25,"column":3}},"8":{"start":{"line":24,"column":4},"end":{"line":24,"column":63}},"9":{"start":{"line":27,"column":2},"end":{"line":27,"column":30}},"10":{"start":{"line":36,"column":2},"end":{"line":38,"column":3}},"11":{"start":{"line":37,"column":4},"end":{"line":37,"column":45}},"12":{"start":{"line":41,"column":28},"end":{"line":41,"column":47}},"13":{"start":{"line":43,"column":16},"end":{"line":43,"column":50}},"14":{"start":{"line":44,"column":15},"end":{"line":44,"column":37}},"15":{"start":{"line":45,"column":2},"end":{"line":45,"column":87}},"16":{"start":{"line":56,"column":22},"end":{"line":56,"column":52}},"17":{"start":{"line":57,"column":23},"end":{"line":57,"column":58}},"18":{"start":{"line":60,"column":28},"end":{"line":60,"column":39}},"19":{"start":{"line":61,"column":2},"end":{"line":63,"column":3}},"20":{"start":{"line":62,"column":4},"end":{"line":62,"column":35}},"21":{"start":{"line":65,"column":2},"end":{"line":65,"column":80}},"22":{"start":{"line":76,"column":23},"end":{"line":76,"column":58}},"23":{"start":{"line":77,"column":21},"end":{"line":77,"column":75}},"24":{"start":{"line":78,"column":2},"end":{"line":78,"column":41}},"25":{"start":{"line":89,"column":23},"end":{"line":89,"column":58}},"26":{"start":{"line":90,"column":27},"end":{"line":90,"column":75}},"27":{"start":{"line":91,"column":2},"end":{"line":91,"column":47}},"28":{"start":{"line":102,"column":21},"end":{"line":102,"column":56}},"29":{"start":{"line":103,"column":19},"end":{"line":103,"column":52}},"30":{"start":{"line":106,"column":2},"end":{"line":108,"column":3}},"31":{"start":{"line":107,"column":4},"end":{"line":107,"column":26}},"32":{"start":{"line":110,"column":2},"end":{"line":110,"column":70}},"33":{"start":{"line":120,"column":2},"end":{"line":122,"column":3}},"34":{"start":{"line":121,"column":4},"end":{"line":121,"column":14}},"35":{"start":{"line":124,"column":17},"end":{"line":124,"column":19}},"36":{"start":{"line":125,"column":2},"end":{"line":128,"column":3}},"37":{"start":{"line":125,"column":15},"end":{"line":125,"column":16}},"38":{"start":{"line":126,"column":18},"end":{"line":126,"column":47}},"39":{"start":{"line":127,"column":4},"end":{"line":127,"column":23}},"40":{"start":{"line":129,"column":2},"end":{"line":129,"column":16}},"41":{"start":{"line":140,"column":22},"end":{"line":140,"column":52}},"42":{"start":{"line":141,"column":23},"end":{"line":141,"column":58}},"43":{"start":{"line":142,"column":21},"end":{"line":142,"column":54}},"44":{"start":{"line":145,"column":2},"end":{"line":147,"column":3}},"45":{"start":{"line":146,"column":4},"end":{"line":146,"column":67}},"46":{"start":{"line":150,"column":2},"end":{"line":150,"column":65}},"47":{"start":{"line":160,"column":2},"end":{"line":160,"column":59}},"48":{"start":{"line":171,"column":21},"end":{"line":171,"column":93}},"49":{"start":{"line":172,"column":16},"end":{"line":172,"column":18}},"50":{"start":{"line":174,"column":2},"end":{"line":189,"column":3}},"51":{"start":{"line":174,"column":15},"end":{"line":174,"column":16}},"52":{"start":{"line":175,"column":22},"end":{"line":175,"column":79}},"53":{"start":{"line":176,"column":20},"end":{"line":176,"column":75}},"54":{"start":{"line":179,"column":17},"end":{"line":179,"column":54}},"55":{"start":{"line":181,"column":4},"end":{"line":188,"column":7}},"56":{"start":{"line":191,"column":2},"end":{"line":191,"column":15}},"57":{"start":{"line":194,"column":0},"end":{"line":205,"column":2}}},"fnMap":{"0":{"name":"parseTimeToMinutes","decl":{"start":{"line":10,"column":9},"end":{"line":10,"column":27}},"loc":{"start":{"line":10,"column":40},"end":{"line":28,"column":1}},"line":10},"1":{"name":"minutesToTimeString","decl":{"start":{"line":35,"column":9},"end":{"line":35,"column":28}},"loc":{"start":{"line":35,"column":38},"end":{"line":46,"column":1}},"line":35},"2":{"name":"timeStringToSlotIndex","decl":{"start":{"line":55,"column":9},"end":{"line":55,"column":30}},"loc":{"start":{"line":55,"column":81},"end":{"line":66,"column":1}},"line":55},"3":{"name":"getSlotEndTime","decl":{"start":{"line":75,"column":9},"end":{"line":75,"column":23}},"loc":{"start":{"line":75,"column":73},"end":{"line":79,"column":1}},"line":75},"4":{"name":"getSlotStartTime","decl":{"start":{"line":88,"column":9},"end":{"line":88,"column":25}},"loc":{"start":{"line":88,"column":75},"end":{"line":92,"column":1}},"line":88},"5":{"name":"calculateTotalSlots","decl":{"start":{"line":101,"column":9},"end":{"line":101,"column":28}},"loc":{"start":{"line":101,"column":82},"end":{"line":111,"column":1}},"line":101},"6":{"name":"groupSlotsIntoBlocks","decl":{"start":{"line":119,"column":9},"end":{"line":119,"column":29}},"loc":{"start":{"line":119,"column":48},"end":{"line":130,"column":1}},"line":119},"7":{"name":"isTimeWithinOperatingHours","decl":{"start":{"line":139,"column":9},"end":{"line":139,"column":35}},"loc":{"start":{"line":139,"column":80},"end":{"line":151,"column":1}},"line":139},"8":{"name":"calculateRequiredSlots","decl":{"start":{"line":159,"column":9},"end":{"line":159,"column":31}},"loc":{"start":{"line":159,"column":71},"end":{"line":161,"column":1}},"line":159},"9":{"name":"createSlotMap","decl":{"start":{"line":170,"column":9},"end":{"line":170,"column":22}},"loc":{"start":{"line":170,"column":76},"end":{"line":192,"column":1}},"line":170}},"branchMap":{"0":{"loc":{"start":{"line":11,"column":2},"end":{"line":13,"column":3}},"type":"if","locations":[{"start":{"line":11,"column":2},"end":{"line":13,"column":3}},{"start":{},"end":{}}],"line":11},"1":{"loc":{"start":{"line":11,"column":6},"end":{"line":11,"column":51}},"type":"binary-expr","locations":[{"start":{"line":11,"column":6},"end":{"line":11,"column":17}},{"start":{"line":11,"column":21},"end":{"line":11,"column":51}}],"line":11},"2":{"loc":{"start":{"line":16,"column":2},"end":{"line":18,"column":3}},"type":"if","locations":[{"start":{"line":16,"column":2},"end":{"line":18,"column":3}},{"start":{},"end":{}}],"line":16},"3":{"loc":{"start":{"line":23,"column":2},"end":{"line":25,"column":3}},"type":"if","locations":[{"start":{"line":23,"column":2},"end":{"line":25,"column":3}},{"start":{},"end":{}}],"line":23},"4":{"loc":{"start":{"line":23,"column":6},"end":{"line":23,"column":94}},"type":"binary-expr","locations":[{"start":{"line":23,"column":6},"end":{"line":23,"column":18}},{"start":{"line":23,"column":22},"end":{"line":23,"column":36}},{"start":{"line":23,"column":40},"end":{"line":23,"column":49}},{"start":{"line":23,"column":53},"end":{"line":23,"column":63}},{"start":{"line":23,"column":67},"end":{"line":23,"column":78}},{"start":{"line":23,"column":82},"end":{"line":23,"column":94}}],"line":23},"5":{"loc":{"start":{"line":36,"column":2},"end":{"line":38,"column":3}},"type":"if","locations":[{"start":{"line":36,"column":2},"end":{"line":38,"column":3}},{"start":{},"end":{}}],"line":36},"6":{"loc":{"start":{"line":36,"column":6},"end":{"line":36,"column":69}},"type":"binary-expr","locations":[{"start":{"line":36,"column":6},"end":{"line":36,"column":33}},{"start":{"line":36,"column":37},"end":{"line":36,"column":48}},{"start":{"line":36,"column":52},"end":{"line":36,"column":69}}],"line":36},"7":{"loc":{"start":{"line":61,"column":2},"end":{"line":63,"column":3}},"type":"if","locations":[{"start":{"line":61,"column":2},"end":{"line":63,"column":3}},{"start":{},"end":{}}],"line":61},"8":{"loc":{"start":{"line":106,"column":2},"end":{"line":108,"column":3}},"type":"if","locations":[{"start":{"line":106,"column":2},"end":{"line":108,"column":3}},{"start":{},"end":{}}],"line":106},"9":{"loc":{"start":{"line":120,"column":2},"end":{"line":122,"column":3}},"type":"if","locations":[{"start":{"line":120,"column":2},"end":{"line":122,"column":3}},{"start":{},"end":{}}],"line":120},"10":{"loc":{"start":{"line":120,"column":6},"end":{"line":120,"column":44}},"type":"binary-expr","locations":[{"start":{"line":120,"column":6},"end":{"line":120,"column":27}},{"start":{"line":120,"column":31},"end":{"line":120,"column":44}}],"line":120},"11":{"loc":{"start":{"line":145,"column":2},"end":{"line":147,"column":3}},"type":"if","locations":[{"start":{"line":145,"column":2},"end":{"line":147,"column":3}},{"start":{},"end":{}}],"line":145},"12":{"loc":{"start":{"line":146,"column":11},"end":{"line":146,"column":66}},"type":"binary-expr","locations":[{"start":{"line":146,"column":11},"end":{"line":146,"column":38}},{"start":{"line":146,"column":42},"end":{"line":146,"column":66}}],"line":146},"13":{"loc":{"start":{"line":150,"column":9},"end":{"line":150,"column":64}},"type":"binary-expr","locations":[{"start":{"line":150,"column":9},"end":{"line":150,"column":36}},{"start":{"line":150,"column":40},"end":{"line":150,"column":64}}],"line":150}},"s":{"0":0,"1":0,"2":0,"3":0,"4":0,"5":0,"6":0,"7":0,"8":0,"9":0,"10":0,"11":0,"12":0,"13":0,"14":0,"15":0,"16":0,"17":0,"18":0,"19":0,"20":0,"21":0,"22":0,"23":0,"24":0,"25":0,"26":0,"27":0,"28":0,"29":0,"30":0,"31":0,"32":0,"33":0,"34":0,"35":0,"36":0,"37":0,"38":0,"39":0,"40":0,"41":0,"42":0,"43":0,"44":0,"45":0,"46":0,"47":0,"48":0,"49":0,"50":0,"51":0,"52":0,"53":0,"54":0,"55":0,"56":0,"57":0},"f":{"0":0,"1":0,"2":0,"3":0,"4":0,"5":0,"6":0,"7":0,"8":0,"9":0},"b":{"0":[0,0],"1":[0,0],"2":[0,0],"3":[0,0],"4":[0,0,0,0,0,0],"5":[0,0],"6":[0,0,0],"7":[0,0],"8":[0,0],"9":[0,0],"10":[0,0],"11":[0,0],"12":[0,0],"13":[0,0]}}
,"/Users/nick/AirportCapacityPlanner/backend/src/utils/validation.js": {"path":"/Users/nick/AirportCapacityPlanner/backend/src/utils/validation.js","statementMap":{"0":{"start":{"line":10,"column":24},"end":{"line":18,"column":1}},"1":{"start":{"line":11,"column":2},"end":{"line":11,"column":52}},"2":{"start":{"line":11,"column":39},"end":{"line":11,"column":52}},"3":{"start":{"line":14,"column":16},"end":{"line":14,"column":62}},"4":{"start":{"line":17,"column":2},"end":{"line":17,"column":46}},"5":{"start":{"line":25,"column":34},"end":{"line":33,"column":1}},"6":{"start":{"line":26,"column":2},"end":{"line":26,"column":52}},"7":{"start":{"line":26,"column":39},"end":{"line":26,"column":52}},"8":{"start":{"line":29,"column":16},"end":{"line":29,"column":62}},"9":{"start":{"line":32,"column":2},"end":{"line":32,"column":46}},"10":{"start":{"line":40,"column":31},"end":{"line":48,"column":1}},"11":{"start":{"line":41,"column":2},"end":{"line":41,"column":52}},"12":{"start":{"line":41,"column":39},"end":{"line":41,"column":52}},"13":{"start":{"line":44,"column":16},"end":{"line":44,"column":62}},"14":{"start":{"line":47,"column":2},"end":{"line":47,"column":46}},"15":{"start":{"line":50,"column":0},"end":{"line":54,"column":2}}},"fnMap":{"0":{"name":"(anonymous_0)","decl":{"start":{"line":10,"column":24},"end":{"line":10,"column":25}},"loc":{"start":{"line":10,"column":32},"end":{"line":18,"column":1}},"line":10},"1":{"name":"(anonymous_1)","decl":{"start":{"line":25,"column":34},"end":{"line":25,"column":35}},"loc":{"start":{"line":25,"column":42},"end":{"line":33,"column":1}},"line":25},"2":{"name":"(anonymous_2)","decl":{"start":{"line":40,"column":31},"end":{"line":40,"column":32}},"loc":{"start":{"line":40,"column":39},"end":{"line":48,"column":1}},"line":40}},"branchMap":{"0":{"loc":{"start":{"line":11,"column":2},"end":{"line":11,"column":52}},"type":"if","locations":[{"start":{"line":11,"column":2},"end":{"line":11,"column":52}},{"start":{},"end":{}}],"line":11},"1":{"loc":{"start":{"line":11,"column":6},"end":{"line":11,"column":37}},"type":"binary-expr","locations":[{"start":{"line":11,"column":6},"end":{"line":11,"column":22}},{"start":{"line":11,"column":26},"end":{"line":11,"column":37}}],"line":11},"2":{"loc":{"start":{"line":14,"column":16},"end":{"line":14,"column":62}},"type":"cond-expr","locations":[{"start":{"line":14,"column":41},"end":{"line":14,"column":57}},{"start":{"line":14,"column":60},"end":{"line":14,"column":62}}],"line":14},"3":{"loc":{"start":{"line":17,"column":9},"end":{"line":17,"column":45}},"type":"binary-expr","locations":[{"start":{"line":17,"column":9},"end":{"line":17,"column":32}},{"start":{"line":17,"column":36},"end":{"line":17,"column":45}}],"line":17},"4":{"loc":{"start":{"line":26,"column":2},"end":{"line":26,"column":52}},"type":"if","locations":[{"start":{"line":26,"column":2},"end":{"line":26,"column":52}},{"start":{},"end":{}}],"line":26},"5":{"loc":{"start":{"line":26,"column":6},"end":{"line":26,"column":37}},"type":"binary-expr","locations":[{"start":{"line":26,"column":6},"end":{"line":26,"column":22}},{"start":{"line":26,"column":26},"end":{"line":26,"column":37}}],"line":26},"6":{"loc":{"start":{"line":29,"column":16},"end":{"line":29,"column":62}},"type":"cond-expr","locations":[{"start":{"line":29,"column":41},"end":{"line":29,"column":57}},{"start":{"line":29,"column":60},"end":{"line":29,"column":62}}],"line":29},"7":{"loc":{"start":{"line":32,"column":9},"end":{"line":32,"column":45}},"type":"binary-expr","locations":[{"start":{"line":32,"column":9},"end":{"line":32,"column":32}},{"start":{"line":32,"column":36},"end":{"line":32,"column":45}}],"line":32},"8":{"loc":{"start":{"line":41,"column":2},"end":{"line":41,"column":52}},"type":"if","locations":[{"start":{"line":41,"column":2},"end":{"line":41,"column":52}},{"start":{},"end":{}}],"line":41},"9":{"loc":{"start":{"line":41,"column":6},"end":{"line":41,"column":37}},"type":"binary-expr","locations":[{"start":{"line":41,"column":6},"end":{"line":41,"column":22}},{"start":{"line":41,"column":26},"end":{"line":41,"column":37}}],"line":41},"10":{"loc":{"start":{"line":44,"column":16},"end":{"line":44,"column":62}},"type":"cond-expr","locations":[{"start":{"line":44,"column":41},"end":{"line":44,"column":57}},{"start":{"line":44,"column":60},"end":{"line":44,"column":62}}],"line":44},"11":{"loc":{"start":{"line":47,"column":9},"end":{"line":47,"column":45}},"type":"binary-expr","locations":[{"start":{"line":47,"column":9},"end":{"line":47,"column":32}},{"start":{"line":47,"column":36},"end":{"line":47,"column":45}}],"line":47}},"s":{"0":0,"1":0,"2":0,"3":0,"4":0,"5":0,"6":0,"7":0,"8":0,"9":0,"10":0,"11":0,"12":0,"13":0,"14":0,"15":0},"f":{"0":0,"1":0,"2":0},"b":{"0":[0,0],"1":[0,0],"2":[0,0],"3":[0,0],"4":[0,0],"5":[0,0],"6":[0,0],"7":[0,0],"8":[0,0],"9":[0,0],"10":[0,0],"11":[0,0]}}
}
