{"/Users/nick/AirportCapacityPlanner/backend/src/index.js": {"path":"/Users/nick/AirportCapacityPlanner/backend/src/index.js","statementMap":{"0":{"start":{"line":1,"column":16},"end":{"line":1,"column":34}},"1":{"start":{"line":2,"column":13},"end":{"line":2,"column":28}},"2":{"start":{"line":3,"column":15},"end":{"line":3,"column":32}},"3":{"start":{"line":4,"column":15},"end":{"line":4,"column":32}},"4":{"start":{"line":5,"column":15},"end":{"line":5,"column":32}},"5":{"start":{"line":6,"column":25},"end":{"line":6,"column":61}},"6":{"start":{"line":7,"column":11},"end":{"line":7,"column":32}},"7":{"start":{"line":10,"column":0},"end":{"line":10,"column":16}},"8":{"start":{"line":13,"column":12},"end":{"line":13,"column":21}},"9":{"start":{"line":14,"column":13},"end":{"line":14,"column":37}},"10":{"start":{"line":17,"column":0},"end":{"line":17,"column":18}},"11":{"start":{"line":18,"column":0},"end":{"line":20,"column":4}},"12":{"start":{"line":21,"column":0},"end":{"line":21,"column":24}},"13":{"start":{"line":22,"column":0},"end":{"line":22,"column":23}},"14":{"start":{"line":25,"column":0},"end":{"line":27,"column":66}},"15":{"start":{"line":26,"column":14},"end":{"line":26,"column":59}},"16":{"start":{"line":27,"column":16},"end":{"line":27,"column":64}},"17":{"start":{"line":30,"column":0},"end":{"line":30,"column":57}},"18":{"start":{"line":31,"column":0},"end":{"line":31,"column":67}},"19":{"start":{"line":32,"column":0},"end":{"line":32,"column":49}},"20":{"start":{"line":33,"column":0},"end":{"line":33,"column":51}},"21":{"start":{"line":34,"column":0},"end":{"line":34,"column":73}},"22":{"start":{"line":37,"column":0},"end":{"line":39,"column":3}},"23":{"start":{"line":38,"column":2},"end":{"line":38,"column":78}},"24":{"start":{"line":42,"column":0},"end":{"line":42,"column":22}},"25":{"start":{"line":45,"column":0},"end":{"line":50,"column":1}},"26":{"start":{"line":46,"column":2},"end":{"line":49,"column":5}},"27":{"start":{"line":47,"column":4},"end":{"line":47,"column":50}},"28":{"start":{"line":48,"column":4},"end":{"line":48,"column":73}},"29":{"start":{"line":53,"column":0},"end":{"line":55,"column":3}},"30":{"start":{"line":54,"column":2},"end":{"line":54,"column":53}},"31":{"start":{"line":57,"column":0},"end":{"line":57,"column":21}}},"fnMap":{"0":{"name":"(anonymous_0)","decl":{"start":{"line":26,"column":8},"end":{"line":26,"column":9}},"loc":{"start":{"line":26,"column":14},"end":{"line":26,"column":59}},"line":26},"1":{"name":"(anonymous_1)","decl":{"start":{"line":27,"column":9},"end":{"line":27,"column":10}},"loc":{"start":{"line":27,"column":16},"end":{"line":27,"column":64}},"line":27},"2":{"name":"(anonymous_2)","decl":{"start":{"line":37,"column":23},"end":{"line":37,"column":24}},"loc":{"start":{"line":37,"column":37},"end":{"line":39,"column":1}},"line":37},"3":{"name":"(anonymous_3)","decl":{"start":{"line":46,"column":19},"end":{"line":46,"column":20}},"loc":{"start":{"line":46,"column":25},"end":{"line":49,"column":3}},"line":46},"4":{"name":"(anonymous_4)","decl":{"start":{"line":53,"column":33},"end":{"line":53,"column":34}},"loc":{"start":{"line":53,"column":42},"end":{"line":55,"column":1}},"line":53}},"branchMap":{"0":{"loc":{"start":{"line":14,"column":13},"end":{"line":14,"column":37}},"type":"binary-expr","locations":[{"start":{"line":14,"column":13},"end":{"line":14,"column":29}},{"start":{"line":14,"column":33},"end":{"line":14,"column":37}}],"line":14},"1":{"loc":{"start":{"line":19,"column":10},"end":{"line":19,"column":60}},"type":"binary-expr","locations":[{"start":{"line":19,"column":10},"end":{"line":19,"column":33}},{"start":{"line":19,"column":37},"end":{"line":19,"column":60}}],"line":19},"2":{"loc":{"start":{"line":45,"column":0},"end":{"line":50,"column":1}},"type":"if","locations":[{"start":{"line":45,"column":0},"end":{"line":50,"column":1}},{"start":{},"end":{}}],"line":45},"3":{"loc":{"start":{"line":48,"column":32},"end":{"line":48,"column":69}},"type":"binary-expr","locations":[{"start":{"line":48,"column":32},"end":{"line":48,"column":52}},{"start":{"line":48,"column":56},"end":{"line":48,"column":69}}],"line":48}},"s":{"0":4,"1":4,"2":4,"3":4,"4":4,"5":4,"6":4,"7":4,"8":4,"9":4,"10":4,"11":4,"12":4,"13":4,"14":4,"15":4,"16":0,"17":4,"18":4,"19":4,"20":4,"21":4,"22":4,"23":0,"24":4,"25":4,"26":0,"27":0,"28":0,"29":4,"30":0,"31":4},"f":{"0":4,"1":0,"2":0,"3":0,"4":0},"b":{"0":[4,0],"1":[4,0],"2":[0,4],"3":[0,0]},"_coverageSchema":"1a1c01bbd47fc00a2c39e90264f33305004495a9","hash":"e53f2f1dd32fcaa9614a0dd8b85d266a7ed6c59e"}
,"/Users/nick/AirportCapacityPlanner/backend/src/middleware/errorHandler.js": {"path":"/Users/nick/AirportCapacityPlanner/backend/src/middleware/errorHandler.js","statementMap":{"0":{"start":{"line":4,"column":21},"end":{"line":15,"column":1}},"1":{"start":{"line":5,"column":2},"end":{"line":5,"column":27}},"2":{"start":{"line":7,"column":21},"end":{"line":7,"column":42}},"3":{"start":{"line":8,"column":18},"end":{"line":8,"column":56}},"4":{"start":{"line":10,"column":2},"end":{"line":14,"column":5}},"5":{"start":{"line":17,"column":0},"end":{"line":19,"column":2}}},"fnMap":{"0":{"name":"(anonymous_0)","decl":{"start":{"line":4,"column":21},"end":{"line":4,"column":22}},"loc":{"start":{"line":4,"column":46},"end":{"line":15,"column":1}},"line":4}},"branchMap":{"0":{"loc":{"start":{"line":7,"column":21},"end":{"line":7,"column":42}},"type":"binary-expr","locations":[{"start":{"line":7,"column":21},"end":{"line":7,"column":35}},{"start":{"line":7,"column":39},"end":{"line":7,"column":42}}],"line":7},"1":{"loc":{"start":{"line":8,"column":18},"end":{"line":8,"column":56}},"type":"binary-expr","locations":[{"start":{"line":8,"column":18},"end":{"line":8,"column":29}},{"start":{"line":8,"column":33},"end":{"line":8,"column":56}}],"line":8},"2":{"loc":{"start":{"line":13,"column":11},"end":{"line":13,"column":73}},"type":"cond-expr","locations":[{"start":{"line":13,"column":52},"end":{"line":13,"column":61}},{"start":{"line":13,"column":64},"end":{"line":13,"column":73}}],"line":13}},"s":{"0":4,"1":11,"2":11,"3":11,"4":11,"5":4},"f":{"0":11},"b":{"0":[11,11],"1":[11,0],"2":[0,11]},"_coverageSchema":"1a1c01bbd47fc00a2c39e90264f33305004495a9","hash":"b85db9bb43b804df65cf9d155b09867df37c7c13"}
,"/Users/nick/AirportCapacityPlanner/backend/src/routes/aircraft-types.js": {"path":"/Users/nick/AirportCapacityPlanner/backend/src/routes/aircraft-types.js","statementMap":{"0":{"start":{"line":1,"column":16},"end":{"line":1,"column":34}},"1":{"start":{"line":2,"column":15},"end":{"line":2,"column":31}},"2":{"start":{"line":3,"column":15},"end":{"line":3,"column":37}},"3":{"start":{"line":6,"column":0},"end":{"line":13,"column":3}},"4":{"start":{"line":7,"column":2},"end":{"line":12,"column":3}},"5":{"start":{"line":8,"column":26},"end":{"line":8,"column":64}},"6":{"start":{"line":9,"column":4},"end":{"line":9,"column":28}},"7":{"start":{"line":11,"column":4},"end":{"line":11,"column":16}},"8":{"start":{"line":16,"column":0},"end":{"line":29,"column":3}},"9":{"start":{"line":17,"column":2},"end":{"line":28,"column":3}},"10":{"start":{"line":18,"column":19},"end":{"line":18,"column":29}},"11":{"start":{"line":19,"column":25},"end":{"line":19,"column":73}},"12":{"start":{"line":21,"column":4},"end":{"line":23,"column":5}},"13":{"start":{"line":22,"column":6},"end":{"line":22,"column":87}},"14":{"start":{"line":25,"column":4},"end":{"line":25,"column":27}},"15":{"start":{"line":27,"column":4},"end":{"line":27,"column":16}},"16":{"start":{"line":32,"column":0},"end":{"line":70,"column":3}},"17":{"start":{"line":33,"column":2},"end":{"line":69,"column":3}},"18":{"start":{"line":43,"column":8},"end":{"line":43,"column":16}},"19":{"start":{"line":46,"column":4},"end":{"line":51,"column":5}},"20":{"start":{"line":47,"column":6},"end":{"line":50,"column":9}},"21":{"start":{"line":53,"column":17},"end":{"line":62,"column":22}},"22":{"start":{"line":64,"column":28},"end":{"line":64,"column":76}},"23":{"start":{"line":66,"column":4},"end":{"line":66,"column":42}},"24":{"start":{"line":68,"column":4},"end":{"line":68,"column":16}},"25":{"start":{"line":73,"column":0},"end":{"line":112,"column":3}},"26":{"start":{"line":74,"column":2},"end":{"line":111,"column":3}},"27":{"start":{"line":75,"column":19},"end":{"line":75,"column":29}},"28":{"start":{"line":85,"column":8},"end":{"line":85,"column":16}},"29":{"start":{"line":88,"column":25},"end":{"line":88,"column":73}},"30":{"start":{"line":89,"column":4},"end":{"line":91,"column":5}},"31":{"start":{"line":90,"column":6},"end":{"line":90,"column":87}},"32":{"start":{"line":94,"column":4},"end":{"line":104,"column":7}},"33":{"start":{"line":106,"column":32},"end":{"line":106,"column":80}},"34":{"start":{"line":108,"column":4},"end":{"line":108,"column":34}},"35":{"start":{"line":110,"column":4},"end":{"line":110,"column":16}},"36":{"start":{"line":115,"column":0},"end":{"line":132,"column":3}},"37":{"start":{"line":116,"column":2},"end":{"line":131,"column":3}},"38":{"start":{"line":117,"column":19},"end":{"line":117,"column":29}},"39":{"start":{"line":120,"column":25},"end":{"line":120,"column":73}},"40":{"start":{"line":121,"column":4},"end":{"line":123,"column":5}},"41":{"start":{"line":122,"column":6},"end":{"line":122,"column":87}},"42":{"start":{"line":126,"column":4},"end":{"line":126,"column":51}},"43":{"start":{"line":128,"column":4},"end":{"line":128,"column":26}},"44":{"start":{"line":130,"column":4},"end":{"line":130,"column":16}},"45":{"start":{"line":134,"column":0},"end":{"line":134,"column":24}}},"fnMap":{"0":{"name":"(anonymous_0)","decl":{"start":{"line":6,"column":16},"end":{"line":6,"column":17}},"loc":{"start":{"line":6,"column":42},"end":{"line":13,"column":1}},"line":6},"1":{"name":"(anonymous_1)","decl":{"start":{"line":16,"column":19},"end":{"line":16,"column":20}},"loc":{"start":{"line":16,"column":45},"end":{"line":29,"column":1}},"line":16},"2":{"name":"(anonymous_2)","decl":{"start":{"line":32,"column":17},"end":{"line":32,"column":18}},"loc":{"start":{"line":32,"column":43},"end":{"line":70,"column":1}},"line":32},"3":{"name":"(anonymous_3)","decl":{"start":{"line":73,"column":19},"end":{"line":73,"column":20}},"loc":{"start":{"line":73,"column":45},"end":{"line":112,"column":1}},"line":73},"4":{"name":"(anonymous_4)","decl":{"start":{"line":115,"column":22},"end":{"line":115,"column":23}},"loc":{"start":{"line":115,"column":48},"end":{"line":132,"column":1}},"line":115}},"branchMap":{"0":{"loc":{"start":{"line":21,"column":4},"end":{"line":23,"column":5}},"type":"if","locations":[{"start":{"line":21,"column":4},"end":{"line":23,"column":5}},{"start":{},"end":{}}],"line":21},"1":{"loc":{"start":{"line":46,"column":4},"end":{"line":51,"column":5}},"type":"if","locations":[{"start":{"line":46,"column":4},"end":{"line":51,"column":5}},{"start":{},"end":{}}],"line":46},"2":{"loc":{"start":{"line":46,"column":8},"end":{"line":46,"column":41}},"type":"binary-expr","locations":[{"start":{"line":46,"column":8},"end":{"line":46,"column":18}},{"start":{"line":46,"column":22},"end":{"line":46,"column":32}},{"start":{"line":46,"column":36},"end":{"line":46,"column":41}}],"line":46},"3":{"loc":{"start":{"line":89,"column":4},"end":{"line":91,"column":5}},"type":"if","locations":[{"start":{"line":89,"column":4},"end":{"line":91,"column":5}},{"start":{},"end":{}}],"line":89},"4":{"loc":{"start":{"line":121,"column":4},"end":{"line":123,"column":5}},"type":"if","locations":[{"start":{"line":121,"column":4},"end":{"line":123,"column":5}},{"start":{},"end":{}}],"line":121}},"s":{"0":4,"1":4,"2":4,"3":4,"4":1,"5":1,"6":1,"7":0,"8":4,"9":2,"10":2,"11":2,"12":1,"13":1,"14":0,"15":1,"16":4,"17":3,"18":3,"19":3,"20":1,"21":2,"22":1,"23":0,"24":2,"25":4,"26":2,"27":2,"28":2,"29":2,"30":1,"31":1,"32":0,"33":0,"34":0,"35":1,"36":4,"37":2,"38":2,"39":2,"40":1,"41":1,"42":0,"43":0,"44":1,"45":4},"f":{"0":1,"1":2,"2":3,"3":2,"4":2},"b":{"0":[1,0],"1":[1,2],"2":[3,2,2],"3":[1,0],"4":[1,0]},"_coverageSchema":"1a1c01bbd47fc00a2c39e90264f33305004495a9","hash":"7c597963af0dad23859ed77d10a1e37e69a2ee79"}
,"/Users/nick/AirportCapacityPlanner/backend/src/routes/piers.js": {"path":"/Users/nick/AirportCapacityPlanner/backend/src/routes/piers.js","statementMap":{"0":{"start":{"line":1,"column":16},"end":{"line":1,"column":34}},"1":{"start":{"line":2,"column":15},"end":{"line":2,"column":31}},"2":{"start":{"line":3,"column":15},"end":{"line":3,"column":37}},"3":{"start":{"line":6,"column":0},"end":{"line":19,"column":3}},"4":{"start":{"line":7,"column":2},"end":{"line":18,"column":3}},"5":{"start":{"line":8,"column":18},"end":{"line":13,"column":65}},"6":{"start":{"line":15,"column":4},"end":{"line":15,"column":20}},"7":{"start":{"line":17,"column":4},"end":{"line":17,"column":16}},"8":{"start":{"line":22,"column":0},"end":{"line":42,"column":3}},"9":{"start":{"line":23,"column":2},"end":{"line":41,"column":3}},"10":{"start":{"line":24,"column":19},"end":{"line":24,"column":29}},"11":{"start":{"line":25,"column":17},"end":{"line":32,"column":14}},"12":{"start":{"line":34,"column":4},"end":{"line":36,"column":5}},"13":{"start":{"line":35,"column":6},"end":{"line":35,"column":78}},"14":{"start":{"line":38,"column":4},"end":{"line":38,"column":19}},"15":{"start":{"line":40,"column":4},"end":{"line":40,"column":16}},"16":{"start":{"line":45,"column":0},"end":{"line":67,"column":3}},"17":{"start":{"line":46,"column":2},"end":{"line":66,"column":3}},"18":{"start":{"line":47,"column":27},"end":{"line":47,"column":37}},"19":{"start":{"line":50,"column":21},"end":{"line":50,"column":76}},"20":{"start":{"line":51,"column":4},"end":{"line":53,"column":5}},"21":{"start":{"line":52,"column":6},"end":{"line":52,"column":82}},"22":{"start":{"line":55,"column":18},"end":{"line":61,"column":45}},"23":{"start":{"line":63,"column":4},"end":{"line":63,"column":20}},"24":{"start":{"line":65,"column":4},"end":{"line":65,"column":16}},"25":{"start":{"line":70,"column":0},"end":{"line":120,"column":3}},"26":{"start":{"line":71,"column":2},"end":{"line":119,"column":3}},"27":{"start":{"line":72,"column":53},"end":{"line":72,"column":61}},"28":{"start":{"line":75,"column":4},"end":{"line":80,"column":5}},"29":{"start":{"line":76,"column":6},"end":{"line":79,"column":9}},"30":{"start":{"line":83,"column":21},"end":{"line":83,"column":77}},"31":{"start":{"line":84,"column":4},"end":{"line":86,"column":5}},"32":{"start":{"line":85,"column":6},"end":{"line":85,"column":83}},"33":{"start":{"line":89,"column":25},"end":{"line":91,"column":14}},"34":{"start":{"line":93,"column":4},"end":{"line":98,"column":5}},"35":{"start":{"line":94,"column":6},"end":{"line":97,"column":9}},"36":{"start":{"line":100,"column":17},"end":{"line":105,"column":22}},"37":{"start":{"line":107,"column":20},"end":{"line":114,"column":14}},"38":{"start":{"line":116,"column":4},"end":{"line":116,"column":34}},"39":{"start":{"line":118,"column":4},"end":{"line":118,"column":16}},"40":{"start":{"line":123,"column":0},"end":{"line":179,"column":3}},"41":{"start":{"line":124,"column":2},"end":{"line":178,"column":3}},"42":{"start":{"line":125,"column":19},"end":{"line":125,"column":29}},"43":{"start":{"line":126,"column":53},"end":{"line":126,"column":61}},"44":{"start":{"line":129,"column":17},"end":{"line":129,"column":56}},"45":{"start":{"line":130,"column":4},"end":{"line":132,"column":5}},"46":{"start":{"line":131,"column":6},"end":{"line":131,"column":78}},"47":{"start":{"line":135,"column":4},"end":{"line":155,"column":5}},"48":{"start":{"line":136,"column":23},"end":{"line":136,"column":79}},"49":{"start":{"line":137,"column":6},"end":{"line":139,"column":7}},"50":{"start":{"line":138,"column":8},"end":{"line":138,"column":85}},"51":{"start":{"line":142,"column":6},"end":{"line":154,"column":7}},"52":{"start":{"line":143,"column":29},"end":{"line":146,"column":18}},"53":{"start":{"line":148,"column":8},"end":{"line":153,"column":9}},"54":{"start":{"line":149,"column":10},"end":{"line":152,"column":13}},"55":{"start":{"line":158,"column":4},"end":{"line":164,"column":7}},"56":{"start":{"line":166,"column":24},"end":{"line":173,"column":14}},"57":{"start":{"line":175,"column":4},"end":{"line":175,"column":26}},"58":{"start":{"line":177,"column":4},"end":{"line":177,"column":16}},"59":{"start":{"line":182,"column":0},"end":{"line":208,"column":3}},"60":{"start":{"line":183,"column":2},"end":{"line":207,"column":3}},"61":{"start":{"line":184,"column":19},"end":{"line":184,"column":29}},"62":{"start":{"line":187,"column":17},"end":{"line":187,"column":56}},"63":{"start":{"line":188,"column":4},"end":{"line":190,"column":5}},"64":{"start":{"line":189,"column":6},"end":{"line":189,"column":78}},"65":{"start":{"line":193,"column":24},"end":{"line":193,"column":81}},"66":{"start":{"line":194,"column":4},"end":{"line":199,"column":5}},"67":{"start":{"line":195,"column":6},"end":{"line":198,"column":9}},"68":{"start":{"line":202,"column":4},"end":{"line":202,"column":42}},"69":{"start":{"line":204,"column":4},"end":{"line":204,"column":26}},"70":{"start":{"line":206,"column":4},"end":{"line":206,"column":16}},"71":{"start":{"line":210,"column":0},"end":{"line":210,"column":24}}},"fnMap":{"0":{"name":"(anonymous_0)","decl":{"start":{"line":6,"column":16},"end":{"line":6,"column":17}},"loc":{"start":{"line":6,"column":42},"end":{"line":19,"column":1}},"line":6},"1":{"name":"(anonymous_1)","decl":{"start":{"line":22,"column":19},"end":{"line":22,"column":20}},"loc":{"start":{"line":22,"column":45},"end":{"line":42,"column":1}},"line":22},"2":{"name":"(anonymous_2)","decl":{"start":{"line":45,"column":39},"end":{"line":45,"column":40}},"loc":{"start":{"line":45,"column":65},"end":{"line":67,"column":1}},"line":45},"3":{"name":"(anonymous_3)","decl":{"start":{"line":70,"column":17},"end":{"line":70,"column":18}},"loc":{"start":{"line":70,"column":43},"end":{"line":120,"column":1}},"line":70},"4":{"name":"(anonymous_4)","decl":{"start":{"line":123,"column":19},"end":{"line":123,"column":20}},"loc":{"start":{"line":123,"column":45},"end":{"line":179,"column":1}},"line":123},"5":{"name":"(anonymous_5)","decl":{"start":{"line":182,"column":22},"end":{"line":182,"column":23}},"loc":{"start":{"line":182,"column":48},"end":{"line":208,"column":1}},"line":182}},"branchMap":{"0":{"loc":{"start":{"line":34,"column":4},"end":{"line":36,"column":5}},"type":"if","locations":[{"start":{"line":34,"column":4},"end":{"line":36,"column":5}},{"start":{},"end":{}}],"line":34},"1":{"loc":{"start":{"line":51,"column":4},"end":{"line":53,"column":5}},"type":"if","locations":[{"start":{"line":51,"column":4},"end":{"line":53,"column":5}},{"start":{},"end":{}}],"line":51},"2":{"loc":{"start":{"line":75,"column":4},"end":{"line":80,"column":5}},"type":"if","locations":[{"start":{"line":75,"column":4},"end":{"line":80,"column":5}},{"start":{},"end":{}}],"line":75},"3":{"loc":{"start":{"line":75,"column":8},"end":{"line":75,"column":38}},"type":"binary-expr","locations":[{"start":{"line":75,"column":8},"end":{"line":75,"column":13}},{"start":{"line":75,"column":17},"end":{"line":75,"column":22}},{"start":{"line":75,"column":26},"end":{"line":75,"column":38}}],"line":75},"4":{"loc":{"start":{"line":84,"column":4},"end":{"line":86,"column":5}},"type":"if","locations":[{"start":{"line":84,"column":4},"end":{"line":86,"column":5}},{"start":{},"end":{}}],"line":84},"5":{"loc":{"start":{"line":93,"column":4},"end":{"line":98,"column":5}},"type":"if","locations":[{"start":{"line":93,"column":4},"end":{"line":98,"column":5}},{"start":{},"end":{}}],"line":93},"6":{"loc":{"start":{"line":130,"column":4},"end":{"line":132,"column":5}},"type":"if","locations":[{"start":{"line":130,"column":4},"end":{"line":132,"column":5}},{"start":{},"end":{}}],"line":130},"7":{"loc":{"start":{"line":135,"column":4},"end":{"line":155,"column":5}},"type":"if","locations":[{"start":{"line":135,"column":4},"end":{"line":155,"column":5}},{"start":{},"end":{}}],"line":135},"8":{"loc":{"start":{"line":135,"column":8},"end":{"line":135,"column":55}},"type":"binary-expr","locations":[{"start":{"line":135,"column":8},"end":{"line":135,"column":19}},{"start":{"line":135,"column":23},"end":{"line":135,"column":55}}],"line":135},"9":{"loc":{"start":{"line":137,"column":6},"end":{"line":139,"column":7}},"type":"if","locations":[{"start":{"line":137,"column":6},"end":{"line":139,"column":7}},{"start":{},"end":{}}],"line":137},"10":{"loc":{"start":{"line":142,"column":6},"end":{"line":154,"column":7}},"type":"if","locations":[{"start":{"line":142,"column":6},"end":{"line":154,"column":7}},{"start":{},"end":{}}],"line":142},"11":{"loc":{"start":{"line":142,"column":10},"end":{"line":142,"column":64}},"type":"binary-expr","locations":[{"start":{"line":142,"column":10},"end":{"line":142,"column":28}},{"start":{"line":142,"column":32},"end":{"line":142,"column":64}}],"line":142},"12":{"loc":{"start":{"line":148,"column":8},"end":{"line":153,"column":9}},"type":"if","locations":[{"start":{"line":148,"column":8},"end":{"line":153,"column":9}},{"start":{},"end":{}}],"line":148},"13":{"loc":{"start":{"line":188,"column":4},"end":{"line":190,"column":5}},"type":"if","locations":[{"start":{"line":188,"column":4},"end":{"line":190,"column":5}},{"start":{},"end":{}}],"line":188},"14":{"loc":{"start":{"line":194,"column":4},"end":{"line":199,"column":5}},"type":"if","locations":[{"start":{"line":194,"column":4},"end":{"line":199,"column":5}},{"start":{},"end":{}}],"line":194}},"s":{"0":4,"1":4,"2":4,"3":4,"4":1,"5":1,"6":1,"7":0,"8":4,"9":2,"10":2,"11":2,"12":1,"13":1,"14":0,"15":1,"16":4,"17":2,"18":2,"19":2,"20":1,"21":1,"22":0,"23":0,"24":1,"25":4,"26":4,"27":4,"28":4,"29":1,"30":3,"31":1,"32":1,"33":0,"34":0,"35":0,"36":0,"37":0,"38":0,"39":2,"40":4,"41":2,"42":2,"43":2,"44":2,"45":1,"46":1,"47":0,"48":0,"49":0,"50":0,"51":0,"52":0,"53":0,"54":0,"55":0,"56":0,"57":0,"58":1,"59":4,"60":2,"61":2,"62":2,"63":1,"64":1,"65":0,"66":0,"67":0,"68":0,"69":0,"70":1,"71":4},"f":{"0":1,"1":2,"2":2,"3":4,"4":2,"5":2},"b":{"0":[1,0],"1":[1,0],"2":[1,3],"3":[4,3,3],"4":[1,0],"5":[0,0],"6":[1,0],"7":[0,0],"8":[0,0],"9":[0,0],"10":[0,0],"11":[0,0],"12":[0,0],"13":[1,0],"14":[0,0]},"_coverageSchema":"1a1c01bbd47fc00a2c39e90264f33305004495a9","hash":"7c9aca7fcbdb58aa5d8b535ac9be9548bdf4849b"}
,"/Users/nick/AirportCapacityPlanner/backend/src/routes/stand-constraints.js": {"path":"/Users/nick/AirportCapacityPlanner/backend/src/routes/stand-constraints.js","statementMap":{"0":{"start":{"line":1,"column":16},"end":{"line":1,"column":34}},"1":{"start":{"line":2,"column":15},"end":{"line":2,"column":31}},"2":{"start":{"line":3,"column":15},"end":{"line":3,"column":37}},"3":{"start":{"line":6,"column":0},"end":{"line":24,"column":3}},"4":{"start":{"line":7,"column":2},"end":{"line":23,"column":3}},"5":{"start":{"line":8,"column":24},"end":{"line":18,"column":101}},"6":{"start":{"line":20,"column":4},"end":{"line":20,"column":26}},"7":{"start":{"line":22,"column":4},"end":{"line":22,"column":16}},"8":{"start":{"line":27,"column":0},"end":{"line":51,"column":3}},"9":{"start":{"line":28,"column":2},"end":{"line":50,"column":3}},"10":{"start":{"line":29,"column":24},"end":{"line":29,"column":34}},"11":{"start":{"line":32,"column":18},"end":{"line":32,"column":67}},"12":{"start":{"line":33,"column":4},"end":{"line":35,"column":5}},"13":{"start":{"line":34,"column":6},"end":{"line":34,"column":79}},"14":{"start":{"line":37,"column":24},"end":{"line":45,"column":60}},"15":{"start":{"line":47,"column":4},"end":{"line":47,"column":26}},"16":{"start":{"line":49,"column":4},"end":{"line":49,"column":16}},"17":{"start":{"line":54,"column":0},"end":{"line":77,"column":3}},"18":{"start":{"line":55,"column":2},"end":{"line":76,"column":3}},"19":{"start":{"line":56,"column":31},"end":{"line":56,"column":41}},"20":{"start":{"line":59,"column":25},"end":{"line":59,"column":89}},"21":{"start":{"line":60,"column":4},"end":{"line":62,"column":5}},"22":{"start":{"line":61,"column":6},"end":{"line":61,"column":87}},"23":{"start":{"line":64,"column":24},"end":{"line":71,"column":75}},"24":{"start":{"line":73,"column":4},"end":{"line":73,"column":26}},"25":{"start":{"line":75,"column":4},"end":{"line":75,"column":16}},"26":{"start":{"line":80,"column":0},"end":{"line":141,"column":3}},"27":{"start":{"line":81,"column":2},"end":{"line":140,"column":3}},"28":{"start":{"line":82,"column":74},"end":{"line":82,"column":82}},"29":{"start":{"line":85,"column":4},"end":{"line":90,"column":5}},"30":{"start":{"line":86,"column":6},"end":{"line":89,"column":9}},"31":{"start":{"line":93,"column":18},"end":{"line":93,"column":68}},"32":{"start":{"line":94,"column":4},"end":{"line":96,"column":5}},"33":{"start":{"line":95,"column":6},"end":{"line":95,"column":80}},"34":{"start":{"line":99,"column":25},"end":{"line":99,"column":91}},"35":{"start":{"line":100,"column":4},"end":{"line":102,"column":5}},"36":{"start":{"line":101,"column":6},"end":{"line":101,"column":88}},"37":{"start":{"line":105,"column":31},"end":{"line":107,"column":14}},"38":{"start":{"line":109,"column":4},"end":{"line":114,"column":5}},"39":{"start":{"line":110,"column":6},"end":{"line":113,"column":9}},"40":{"start":{"line":116,"column":17},"end":{"line":121,"column":22}},"41":{"start":{"line":123,"column":26},"end":{"line":135,"column":14}},"42":{"start":{"line":137,"column":4},"end":{"line":137,"column":40}},"43":{"start":{"line":139,"column":4},"end":{"line":139,"column":16}},"44":{"start":{"line":144,"column":0},"end":{"line":219,"column":3}},"45":{"start":{"line":145,"column":2},"end":{"line":218,"column":3}},"46":{"start":{"line":146,"column":19},"end":{"line":146,"column":29}},"47":{"start":{"line":147,"column":74},"end":{"line":147,"column":82}},"48":{"start":{"line":150,"column":23},"end":{"line":150,"column":83}},"49":{"start":{"line":151,"column":4},"end":{"line":153,"column":5}},"50":{"start":{"line":152,"column":6},"end":{"line":152,"column":84}},"51":{"start":{"line":156,"column":4},"end":{"line":190,"column":5}},"52":{"start":{"line":160,"column":6},"end":{"line":165,"column":7}},"53":{"start":{"line":161,"column":22},"end":{"line":161,"column":72}},"54":{"start":{"line":162,"column":8},"end":{"line":164,"column":9}},"55":{"start":{"line":163,"column":10},"end":{"line":163,"column":84}},"56":{"start":{"line":168,"column":6},"end":{"line":173,"column":7}},"57":{"start":{"line":169,"column":29},"end":{"line":169,"column":95}},"58":{"start":{"line":170,"column":8},"end":{"line":172,"column":9}},"59":{"start":{"line":171,"column":10},"end":{"line":171,"column":92}},"60":{"start":{"line":176,"column":33},"end":{"line":182,"column":16}},"61":{"start":{"line":184,"column":6},"end":{"line":189,"column":7}},"62":{"start":{"line":185,"column":8},"end":{"line":188,"column":11}},"63":{"start":{"line":193,"column":4},"end":{"line":199,"column":7}},"64":{"start":{"line":201,"column":30},"end":{"line":213,"column":14}},"65":{"start":{"line":215,"column":4},"end":{"line":215,"column":32}},"66":{"start":{"line":217,"column":4},"end":{"line":217,"column":16}},"67":{"start":{"line":222,"column":0},"end":{"line":239,"column":3}},"68":{"start":{"line":223,"column":2},"end":{"line":238,"column":3}},"69":{"start":{"line":224,"column":19},"end":{"line":224,"column":29}},"70":{"start":{"line":227,"column":23},"end":{"line":227,"column":83}},"71":{"start":{"line":228,"column":4},"end":{"line":230,"column":5}},"72":{"start":{"line":229,"column":6},"end":{"line":229,"column":84}},"73":{"start":{"line":233,"column":4},"end":{"line":233,"column":63}},"74":{"start":{"line":235,"column":4},"end":{"line":235,"column":26}},"75":{"start":{"line":237,"column":4},"end":{"line":237,"column":16}},"76":{"start":{"line":241,"column":0},"end":{"line":241,"column":24}}},"fnMap":{"0":{"name":"(anonymous_0)","decl":{"start":{"line":6,"column":16},"end":{"line":6,"column":17}},"loc":{"start":{"line":6,"column":42},"end":{"line":24,"column":1}},"line":6},"1":{"name":"(anonymous_1)","decl":{"start":{"line":27,"column":33},"end":{"line":27,"column":34}},"loc":{"start":{"line":27,"column":59},"end":{"line":51,"column":1}},"line":27},"2":{"name":"(anonymous_2)","decl":{"start":{"line":54,"column":43},"end":{"line":54,"column":44}},"loc":{"start":{"line":54,"column":69},"end":{"line":77,"column":1}},"line":54},"3":{"name":"(anonymous_3)","decl":{"start":{"line":80,"column":17},"end":{"line":80,"column":18}},"loc":{"start":{"line":80,"column":43},"end":{"line":141,"column":1}},"line":80},"4":{"name":"(anonymous_4)","decl":{"start":{"line":144,"column":19},"end":{"line":144,"column":20}},"loc":{"start":{"line":144,"column":45},"end":{"line":219,"column":1}},"line":144},"5":{"name":"(anonymous_5)","decl":{"start":{"line":222,"column":22},"end":{"line":222,"column":23}},"loc":{"start":{"line":222,"column":48},"end":{"line":239,"column":1}},"line":222}},"branchMap":{"0":{"loc":{"start":{"line":33,"column":4},"end":{"line":35,"column":5}},"type":"if","locations":[{"start":{"line":33,"column":4},"end":{"line":35,"column":5}},{"start":{},"end":{}}],"line":33},"1":{"loc":{"start":{"line":60,"column":4},"end":{"line":62,"column":5}},"type":"if","locations":[{"start":{"line":60,"column":4},"end":{"line":62,"column":5}},{"start":{},"end":{}}],"line":60},"2":{"loc":{"start":{"line":85,"column":4},"end":{"line":90,"column":5}},"type":"if","locations":[{"start":{"line":85,"column":4},"end":{"line":90,"column":5}},{"start":{},"end":{}}],"line":85},"3":{"loc":{"start":{"line":85,"column":8},"end":{"line":85,"column":38}},"type":"binary-expr","locations":[{"start":{"line":85,"column":8},"end":{"line":85,"column":17}},{"start":{"line":85,"column":21},"end":{"line":85,"column":38}}],"line":85},"4":{"loc":{"start":{"line":94,"column":4},"end":{"line":96,"column":5}},"type":"if","locations":[{"start":{"line":94,"column":4},"end":{"line":96,"column":5}},{"start":{},"end":{}}],"line":94},"5":{"loc":{"start":{"line":100,"column":4},"end":{"line":102,"column":5}},"type":"if","locations":[{"start":{"line":100,"column":4},"end":{"line":102,"column":5}},{"start":{},"end":{}}],"line":100},"6":{"loc":{"start":{"line":109,"column":4},"end":{"line":114,"column":5}},"type":"if","locations":[{"start":{"line":109,"column":4},"end":{"line":114,"column":5}},{"start":{},"end":{}}],"line":109},"7":{"loc":{"start":{"line":119,"column":18},"end":{"line":119,"column":62}},"type":"cond-expr","locations":[{"start":{"line":119,"column":45},"end":{"line":119,"column":55}},{"start":{"line":119,"column":58},"end":{"line":119,"column":62}}],"line":119},"8":{"loc":{"start":{"line":151,"column":4},"end":{"line":153,"column":5}},"type":"if","locations":[{"start":{"line":151,"column":4},"end":{"line":153,"column":5}},{"start":{},"end":{}}],"line":151},"9":{"loc":{"start":{"line":156,"column":4},"end":{"line":190,"column":5}},"type":"if","locations":[{"start":{"line":156,"column":4},"end":{"line":190,"column":5}},{"start":{},"end":{}}],"line":156},"10":{"loc":{"start":{"line":156,"column":8},"end":{"line":157,"column":78}},"type":"binary-expr","locations":[{"start":{"line":156,"column":9},"end":{"line":156,"column":17}},{"start":{"line":156,"column":21},"end":{"line":156,"column":53}},{"start":{"line":157,"column":9},"end":{"line":157,"column":25}},{"start":{"line":157,"column":29},"end":{"line":157,"column":77}}],"line":156},"11":{"loc":{"start":{"line":160,"column":6},"end":{"line":165,"column":7}},"type":"if","locations":[{"start":{"line":160,"column":6},"end":{"line":165,"column":7}},{"start":{},"end":{}}],"line":160},"12":{"loc":{"start":{"line":160,"column":10},"end":{"line":160,"column":54}},"type":"binary-expr","locations":[{"start":{"line":160,"column":10},"end":{"line":160,"column":18}},{"start":{"line":160,"column":22},"end":{"line":160,"column":54}}],"line":160},"13":{"loc":{"start":{"line":162,"column":8},"end":{"line":164,"column":9}},"type":"if","locations":[{"start":{"line":162,"column":8},"end":{"line":164,"column":9}},{"start":{},"end":{}}],"line":162},"14":{"loc":{"start":{"line":168,"column":6},"end":{"line":173,"column":7}},"type":"if","locations":[{"start":{"line":168,"column":6},"end":{"line":173,"column":7}},{"start":{},"end":{}}],"line":168},"15":{"loc":{"start":{"line":168,"column":10},"end":{"line":168,"column":78}},"type":"binary-expr","locations":[{"start":{"line":168,"column":10},"end":{"line":168,"column":26}},{"start":{"line":168,"column":30},"end":{"line":168,"column":78}}],"line":168},"16":{"loc":{"start":{"line":170,"column":8},"end":{"line":172,"column":9}},"type":"if","locations":[{"start":{"line":170,"column":8},"end":{"line":172,"column":9}},{"start":{},"end":{}}],"line":170},"17":{"loc":{"start":{"line":178,"column":20},"end":{"line":178,"column":51}},"type":"binary-expr","locations":[{"start":{"line":178,"column":20},"end":{"line":178,"column":28}},{"start":{"line":178,"column":32},"end":{"line":178,"column":51}}],"line":178},"18":{"loc":{"start":{"line":179,"column":28},"end":{"line":179,"column":75}},"type":"binary-expr","locations":[{"start":{"line":179,"column":28},"end":{"line":179,"column":44}},{"start":{"line":179,"column":48},"end":{"line":179,"column":75}}],"line":179},"19":{"loc":{"start":{"line":184,"column":6},"end":{"line":189,"column":7}},"type":"if","locations":[{"start":{"line":184,"column":6},"end":{"line":189,"column":7}},{"start":{},"end":{}}],"line":184},"20":{"loc":{"start":{"line":194,"column":16},"end":{"line":194,"column":47}},"type":"binary-expr","locations":[{"start":{"line":194,"column":16},"end":{"line":194,"column":24}},{"start":{"line":194,"column":28},"end":{"line":194,"column":47}}],"line":194},"21":{"loc":{"start":{"line":195,"column":24},"end":{"line":195,"column":71}},"type":"binary-expr","locations":[{"start":{"line":195,"column":24},"end":{"line":195,"column":40}},{"start":{"line":195,"column":44},"end":{"line":195,"column":71}}],"line":195},"22":{"loc":{"start":{"line":196,"column":18},"end":{"line":196,"column":79}},"type":"cond-expr","locations":[{"start":{"line":196,"column":45},"end":{"line":196,"column":55}},{"start":{"line":196,"column":58},"end":{"line":196,"column":79}}],"line":196},"23":{"loc":{"start":{"line":197,"column":25},"end":{"line":197,"column":107}},"type":"cond-expr","locations":[{"start":{"line":197,"column":59},"end":{"line":197,"column":76}},{"start":{"line":197,"column":79},"end":{"line":197,"column":107}}],"line":197},"24":{"loc":{"start":{"line":228,"column":4},"end":{"line":230,"column":5}},"type":"if","locations":[{"start":{"line":228,"column":4},"end":{"line":230,"column":5}},{"start":{},"end":{}}],"line":228}},"s":{"0":4,"1":4,"2":4,"3":4,"4":0,"5":0,"6":0,"7":0,"8":4,"9":0,"10":0,"11":0,"12":0,"13":0,"14":0,"15":0,"16":0,"17":4,"18":0,"19":0,"20":0,"21":0,"22":0,"23":0,"24":0,"25":0,"26":4,"27":0,"28":0,"29":0,"30":0,"31":0,"32":0,"33":0,"34":0,"35":0,"36":0,"37":0,"38":0,"39":0,"40":0,"41":0,"42":0,"43":0,"44":4,"45":0,"46":0,"47":0,"48":0,"49":0,"50":0,"51":0,"52":0,"53":0,"54":0,"55":0,"56":0,"57":0,"58":0,"59":0,"60":0,"61":0,"62":0,"63":0,"64":0,"65":0,"66":0,"67":4,"68":0,"69":0,"70":0,"71":0,"72":0,"73":0,"74":0,"75":0,"76":4},"f":{"0":0,"1":0,"2":0,"3":0,"4":0,"5":0},"b":{"0":[0,0],"1":[0,0],"2":[0,0],"3":[0,0],"4":[0,0],"5":[0,0],"6":[0,0],"7":[0,0],"8":[0,0],"9":[0,0],"10":[0,0,0,0],"11":[0,0],"12":[0,0],"13":[0,0],"14":[0,0],"15":[0,0],"16":[0,0],"17":[0,0],"18":[0,0],"19":[0,0],"20":[0,0],"21":[0,0],"22":[0,0],"23":[0,0],"24":[0,0]},"_coverageSchema":"1a1c01bbd47fc00a2c39e90264f33305004495a9","hash":"60182483b0a0cee57291b51a388ce32635ef9631"}
,"/Users/nick/AirportCapacityPlanner/backend/src/routes/stands.js": {"path":"/Users/nick/AirportCapacityPlanner/backend/src/routes/stands.js","statementMap":{"0":{"start":{"line":1,"column":16},"end":{"line":1,"column":34}},"1":{"start":{"line":2,"column":15},"end":{"line":2,"column":31}},"2":{"start":{"line":3,"column":15},"end":{"line":3,"column":37}},"3":{"start":{"line":6,"column":0},"end":{"line":21,"column":3}},"4":{"start":{"line":7,"column":2},"end":{"line":20,"column":3}},"5":{"start":{"line":8,"column":19},"end":{"line":15,"column":65}},"6":{"start":{"line":17,"column":4},"end":{"line":17,"column":21}},"7":{"start":{"line":19,"column":4},"end":{"line":19,"column":16}},"8":{"start":{"line":24,"column":0},"end":{"line":46,"column":3}},"9":{"start":{"line":25,"column":2},"end":{"line":45,"column":3}},"10":{"start":{"line":26,"column":19},"end":{"line":26,"column":29}},"11":{"start":{"line":27,"column":18},"end":{"line":36,"column":14}},"12":{"start":{"line":38,"column":4},"end":{"line":40,"column":5}},"13":{"start":{"line":39,"column":6},"end":{"line":39,"column":79}},"14":{"start":{"line":42,"column":4},"end":{"line":42,"column":20}},"15":{"start":{"line":44,"column":4},"end":{"line":44,"column":16}},"16":{"start":{"line":49,"column":0},"end":{"line":73,"column":3}},"17":{"start":{"line":50,"column":2},"end":{"line":72,"column":3}},"18":{"start":{"line":51,"column":23},"end":{"line":51,"column":33}},"19":{"start":{"line":54,"column":17},"end":{"line":54,"column":64}},"20":{"start":{"line":55,"column":4},"end":{"line":57,"column":5}},"21":{"start":{"line":56,"column":6},"end":{"line":56,"column":78}},"22":{"start":{"line":59,"column":19},"end":{"line":67,"column":38}},"23":{"start":{"line":69,"column":4},"end":{"line":69,"column":21}},"24":{"start":{"line":71,"column":4},"end":{"line":71,"column":16}},"25":{"start":{"line":76,"column":0},"end":{"line":149,"column":3}},"26":{"start":{"line":77,"column":2},"end":{"line":148,"column":3}},"27":{"start":{"line":91,"column":8},"end":{"line":91,"column":16}},"28":{"start":{"line":94,"column":4},"end":{"line":99,"column":5}},"29":{"start":{"line":95,"column":6},"end":{"line":98,"column":9}},"30":{"start":{"line":102,"column":17},"end":{"line":102,"column":65}},"31":{"start":{"line":103,"column":4},"end":{"line":105,"column":5}},"32":{"start":{"line":104,"column":6},"end":{"line":104,"column":79}},"33":{"start":{"line":108,"column":26},"end":{"line":110,"column":14}},"34":{"start":{"line":112,"column":4},"end":{"line":117,"column":5}},"35":{"start":{"line":113,"column":6},"end":{"line":116,"column":9}},"36":{"start":{"line":119,"column":17},"end":{"line":132,"column":22}},"37":{"start":{"line":134,"column":21},"end":{"line":143,"column":14}},"38":{"start":{"line":145,"column":4},"end":{"line":145,"column":35}},"39":{"start":{"line":147,"column":4},"end":{"line":147,"column":16}},"40":{"start":{"line":152,"column":0},"end":{"line":231,"column":3}},"41":{"start":{"line":153,"column":2},"end":{"line":230,"column":3}},"42":{"start":{"line":154,"column":19},"end":{"line":154,"column":29}},"43":{"start":{"line":168,"column":8},"end":{"line":168,"column":16}},"44":{"start":{"line":171,"column":18},"end":{"line":171,"column":58}},"45":{"start":{"line":172,"column":4},"end":{"line":174,"column":5}},"46":{"start":{"line":173,"column":6},"end":{"line":173,"column":79}},"47":{"start":{"line":177,"column":4},"end":{"line":197,"column":5}},"48":{"start":{"line":178,"column":19},"end":{"line":178,"column":67}},"49":{"start":{"line":179,"column":6},"end":{"line":181,"column":7}},"50":{"start":{"line":180,"column":8},"end":{"line":180,"column":81}},"51":{"start":{"line":184,"column":6},"end":{"line":196,"column":7}},"52":{"start":{"line":185,"column":30},"end":{"line":188,"column":18}},"53":{"start":{"line":190,"column":8},"end":{"line":195,"column":9}},"54":{"start":{"line":191,"column":10},"end":{"line":194,"column":13}},"55":{"start":{"line":200,"column":4},"end":{"line":214,"column":7}},"56":{"start":{"line":216,"column":25},"end":{"line":225,"column":14}},"57":{"start":{"line":227,"column":4},"end":{"line":227,"column":27}},"58":{"start":{"line":229,"column":4},"end":{"line":229,"column":16}},"59":{"start":{"line":234,"column":0},"end":{"line":251,"column":3}},"60":{"start":{"line":235,"column":2},"end":{"line":250,"column":3}},"61":{"start":{"line":236,"column":19},"end":{"line":236,"column":29}},"62":{"start":{"line":239,"column":18},"end":{"line":239,"column":58}},"63":{"start":{"line":240,"column":4},"end":{"line":242,"column":5}},"64":{"start":{"line":241,"column":6},"end":{"line":241,"column":79}},"65":{"start":{"line":245,"column":4},"end":{"line":245,"column":43}},"66":{"start":{"line":247,"column":4},"end":{"line":247,"column":26}},"67":{"start":{"line":249,"column":4},"end":{"line":249,"column":16}},"68":{"start":{"line":253,"column":0},"end":{"line":253,"column":24}}},"fnMap":{"0":{"name":"(anonymous_0)","decl":{"start":{"line":6,"column":16},"end":{"line":6,"column":17}},"loc":{"start":{"line":6,"column":42},"end":{"line":21,"column":1}},"line":6},"1":{"name":"(anonymous_1)","decl":{"start":{"line":24,"column":19},"end":{"line":24,"column":20}},"loc":{"start":{"line":24,"column":45},"end":{"line":46,"column":1}},"line":24},"2":{"name":"(anonymous_2)","decl":{"start":{"line":49,"column":31},"end":{"line":49,"column":32}},"loc":{"start":{"line":49,"column":57},"end":{"line":73,"column":1}},"line":49},"3":{"name":"(anonymous_3)","decl":{"start":{"line":76,"column":17},"end":{"line":76,"column":18}},"loc":{"start":{"line":76,"column":43},"end":{"line":149,"column":1}},"line":76},"4":{"name":"(anonymous_4)","decl":{"start":{"line":152,"column":19},"end":{"line":152,"column":20}},"loc":{"start":{"line":152,"column":45},"end":{"line":231,"column":1}},"line":152},"5":{"name":"(anonymous_5)","decl":{"start":{"line":234,"column":22},"end":{"line":234,"column":23}},"loc":{"start":{"line":234,"column":48},"end":{"line":251,"column":1}},"line":234}},"branchMap":{"0":{"loc":{"start":{"line":38,"column":4},"end":{"line":40,"column":5}},"type":"if","locations":[{"start":{"line":38,"column":4},"end":{"line":40,"column":5}},{"start":{},"end":{}}],"line":38},"1":{"loc":{"start":{"line":55,"column":4},"end":{"line":57,"column":5}},"type":"if","locations":[{"start":{"line":55,"column":4},"end":{"line":57,"column":5}},{"start":{},"end":{}}],"line":55},"2":{"loc":{"start":{"line":94,"column":4},"end":{"line":99,"column":5}},"type":"if","locations":[{"start":{"line":94,"column":4},"end":{"line":99,"column":5}},{"start":{},"end":{}}],"line":94},"3":{"loc":{"start":{"line":94,"column":8},"end":{"line":94,"column":34}},"type":"binary-expr","locations":[{"start":{"line":94,"column":8},"end":{"line":94,"column":13}},{"start":{"line":94,"column":17},"end":{"line":94,"column":22}},{"start":{"line":94,"column":26},"end":{"line":94,"column":34}}],"line":94},"4":{"loc":{"start":{"line":103,"column":4},"end":{"line":105,"column":5}},"type":"if","locations":[{"start":{"line":103,"column":4},"end":{"line":105,"column":5}},{"start":{},"end":{}}],"line":103},"5":{"loc":{"start":{"line":112,"column":4},"end":{"line":117,"column":5}},"type":"if","locations":[{"start":{"line":112,"column":4},"end":{"line":117,"column":5}},{"start":{},"end":{}}],"line":112},"6":{"loc":{"start":{"line":172,"column":4},"end":{"line":174,"column":5}},"type":"if","locations":[{"start":{"line":172,"column":4},"end":{"line":174,"column":5}},{"start":{},"end":{}}],"line":172},"7":{"loc":{"start":{"line":177,"column":4},"end":{"line":197,"column":5}},"type":"if","locations":[{"start":{"line":177,"column":4},"end":{"line":197,"column":5}},{"start":{},"end":{}}],"line":177},"8":{"loc":{"start":{"line":177,"column":8},"end":{"line":177,"column":44}},"type":"binary-expr","locations":[{"start":{"line":177,"column":8},"end":{"line":177,"column":15}},{"start":{"line":177,"column":19},"end":{"line":177,"column":44}}],"line":177},"9":{"loc":{"start":{"line":179,"column":6},"end":{"line":181,"column":7}},"type":"if","locations":[{"start":{"line":179,"column":6},"end":{"line":181,"column":7}},{"start":{},"end":{}}],"line":179},"10":{"loc":{"start":{"line":184,"column":6},"end":{"line":196,"column":7}},"type":"if","locations":[{"start":{"line":184,"column":6},"end":{"line":196,"column":7}},{"start":{},"end":{}}],"line":184},"11":{"loc":{"start":{"line":184,"column":10},"end":{"line":184,"column":58}},"type":"binary-expr","locations":[{"start":{"line":184,"column":10},"end":{"line":184,"column":29}},{"start":{"line":184,"column":33},"end":{"line":184,"column":58}}],"line":184},"12":{"loc":{"start":{"line":190,"column":8},"end":{"line":195,"column":9}},"type":"if","locations":[{"start":{"line":190,"column":8},"end":{"line":195,"column":9}},{"start":{},"end":{}}],"line":190},"13":{"loc":{"start":{"line":240,"column":4},"end":{"line":242,"column":5}},"type":"if","locations":[{"start":{"line":240,"column":4},"end":{"line":242,"column":5}},{"start":{},"end":{}}],"line":240}},"s":{"0":4,"1":4,"2":4,"3":4,"4":0,"5":0,"6":0,"7":0,"8":4,"9":0,"10":0,"11":0,"12":0,"13":0,"14":0,"15":0,"16":4,"17":0,"18":0,"19":0,"20":0,"21":0,"22":0,"23":0,"24":0,"25":4,"26":0,"27":0,"28":0,"29":0,"30":0,"31":0,"32":0,"33":0,"34":0,"35":0,"36":0,"37":0,"38":0,"39":0,"40":4,"41":0,"42":0,"43":0,"44":0,"45":0,"46":0,"47":0,"48":0,"49":0,"50":0,"51":0,"52":0,"53":0,"54":0,"55":0,"56":0,"57":0,"58":0,"59":4,"60":0,"61":0,"62":0,"63":0,"64":0,"65":0,"66":0,"67":0,"68":4},"f":{"0":0,"1":0,"2":0,"3":0,"4":0,"5":0},"b":{"0":[0,0],"1":[0,0],"2":[0,0],"3":[0,0,0],"4":[0,0],"5":[0,0],"6":[0,0],"7":[0,0],"8":[0,0],"9":[0,0],"10":[0,0],"11":[0,0],"12":[0,0],"13":[0,0]},"_coverageSchema":"1a1c01bbd47fc00a2c39e90264f33305004495a9","hash":"2762945850c6238344b6b3026aa0cf81b7ff6ca2"}
,"/Users/nick/AirportCapacityPlanner/backend/src/routes/terminals.js": {"path":"/Users/nick/AirportCapacityPlanner/backend/src/routes/terminals.js","statementMap":{"0":{"start":{"line":1,"column":16},"end":{"line":1,"column":34}},"1":{"start":{"line":2,"column":15},"end":{"line":2,"column":31}},"2":{"start":{"line":3,"column":15},"end":{"line":3,"column":37}},"3":{"start":{"line":6,"column":0},"end":{"line":13,"column":3}},"4":{"start":{"line":7,"column":2},"end":{"line":12,"column":3}},"5":{"start":{"line":8,"column":22},"end":{"line":8,"column":55}},"6":{"start":{"line":9,"column":4},"end":{"line":9,"column":24}},"7":{"start":{"line":11,"column":4},"end":{"line":11,"column":16}},"8":{"start":{"line":16,"column":0},"end":{"line":29,"column":3}},"9":{"start":{"line":17,"column":2},"end":{"line":28,"column":3}},"10":{"start":{"line":18,"column":19},"end":{"line":18,"column":29}},"11":{"start":{"line":19,"column":21},"end":{"line":19,"column":64}},"12":{"start":{"line":21,"column":4},"end":{"line":23,"column":5}},"13":{"start":{"line":22,"column":6},"end":{"line":22,"column":82}},"14":{"start":{"line":25,"column":4},"end":{"line":25,"column":23}},"15":{"start":{"line":27,"column":4},"end":{"line":27,"column":16}},"16":{"start":{"line":32,"column":0},"end":{"line":53,"column":3}},"17":{"start":{"line":33,"column":2},"end":{"line":52,"column":3}},"18":{"start":{"line":34,"column":40},"end":{"line":34,"column":48}},"19":{"start":{"line":37,"column":4},"end":{"line":39,"column":5}},"20":{"start":{"line":38,"column":6},"end":{"line":38,"column":90}},"21":{"start":{"line":41,"column":17},"end":{"line":45,"column":22}},"22":{"start":{"line":47,"column":24},"end":{"line":47,"column":67}},"23":{"start":{"line":49,"column":4},"end":{"line":49,"column":38}},"24":{"start":{"line":51,"column":4},"end":{"line":51,"column":16}},"25":{"start":{"line":55,"column":0},"end":{"line":55,"column":24}}},"fnMap":{"0":{"name":"(anonymous_0)","decl":{"start":{"line":6,"column":16},"end":{"line":6,"column":17}},"loc":{"start":{"line":6,"column":42},"end":{"line":13,"column":1}},"line":6},"1":{"name":"(anonymous_1)","decl":{"start":{"line":16,"column":19},"end":{"line":16,"column":20}},"loc":{"start":{"line":16,"column":45},"end":{"line":29,"column":1}},"line":16},"2":{"name":"(anonymous_2)","decl":{"start":{"line":32,"column":17},"end":{"line":32,"column":18}},"loc":{"start":{"line":32,"column":43},"end":{"line":53,"column":1}},"line":32}},"branchMap":{"0":{"loc":{"start":{"line":21,"column":4},"end":{"line":23,"column":5}},"type":"if","locations":[{"start":{"line":21,"column":4},"end":{"line":23,"column":5}},{"start":{},"end":{}}],"line":21},"1":{"loc":{"start":{"line":37,"column":4},"end":{"line":39,"column":5}},"type":"if","locations":[{"start":{"line":37,"column":4},"end":{"line":39,"column":5}},{"start":{},"end":{}}],"line":37},"2":{"loc":{"start":{"line":37,"column":8},"end":{"line":37,"column":22}},"type":"binary-expr","locations":[{"start":{"line":37,"column":8},"end":{"line":37,"column":13}},{"start":{"line":37,"column":17},"end":{"line":37,"column":22}}],"line":37}},"s":{"0":4,"1":4,"2":4,"3":4,"4":0,"5":0,"6":0,"7":0,"8":4,"9":0,"10":0,"11":0,"12":0,"13":0,"14":0,"15":0,"16":4,"17":0,"18":0,"19":0,"20":0,"21":0,"22":0,"23":0,"24":0,"25":4},"f":{"0":0,"1":0,"2":0},"b":{"0":[0,0],"1":[0,0],"2":[0,0]},"_coverageSchema":"1a1c01bbd47fc00a2c39e90264f33305004495a9","hash":"9578f1eac49866a0dd60e5b5d02a386289d0ac62"}
,"/Users/nick/AirportCapacityPlanner/backend/src/utils/db.js": {"path":"/Users/nick/AirportCapacityPlanner/backend/src/utils/db.js","statementMap":{"0":{"start":{"line":1,"column":13},"end":{"line":1,"column":28}},"1":{"start":{"line":2,"column":15},"end":{"line":2,"column":32}},"2":{"start":{"line":5,"column":0},"end":{"line":5,"column":16}},"3":{"start":{"line":8,"column":15},"end":{"line":25,"column":1}},"4":{"start":{"line":28,"column":11},"end":{"line":28,"column":23}},"5":{"start":{"line":31,"column":23},"end":{"line":40,"column":1}},"6":{"start":{"line":32,"column":2},"end":{"line":39,"column":3}},"7":{"start":{"line":34,"column":4},"end":{"line":34,"column":41}},"8":{"start":{"line":35,"column":4},"end":{"line":35,"column":16}},"9":{"start":{"line":37,"column":4},"end":{"line":37,"column":55}},"10":{"start":{"line":38,"column":4},"end":{"line":38,"column":16}},"11":{"start":{"line":42,"column":0},"end":{"line":46,"column":2}}},"fnMap":{"0":{"name":"(anonymous_0)","decl":{"start":{"line":31,"column":23},"end":{"line":31,"column":24}},"loc":{"start":{"line":31,"column":35},"end":{"line":40,"column":1}},"line":31}},"branchMap":{"0":{"loc":{"start":{"line":11,"column":10},"end":{"line":11,"column":44}},"type":"binary-expr","locations":[{"start":{"line":11,"column":10},"end":{"line":11,"column":29}},{"start":{"line":11,"column":33},"end":{"line":11,"column":44}}],"line":11},"1":{"loc":{"start":{"line":12,"column":10},"end":{"line":12,"column":37}},"type":"binary-expr","locations":[{"start":{"line":12,"column":10},"end":{"line":12,"column":29}},{"start":{"line":12,"column":33},"end":{"line":12,"column":37}}],"line":12},"2":{"loc":{"start":{"line":13,"column":14},"end":{"line":13,"column":63}},"type":"binary-expr","locations":[{"start":{"line":13,"column":14},"end":{"line":13,"column":33}},{"start":{"line":13,"column":37},"end":{"line":13,"column":63}}],"line":13},"3":{"loc":{"start":{"line":14,"column":10},"end":{"line":14,"column":43}},"type":"binary-expr","locations":[{"start":{"line":14,"column":10},"end":{"line":14,"column":29}},{"start":{"line":14,"column":33},"end":{"line":14,"column":43}}],"line":14},"4":{"loc":{"start":{"line":15,"column":14},"end":{"line":15,"column":51}},"type":"binary-expr","locations":[{"start":{"line":15,"column":14},"end":{"line":15,"column":37}},{"start":{"line":15,"column":41},"end":{"line":15,"column":51}}],"line":15}},"s":{"0":6,"1":6,"2":6,"3":6,"4":6,"5":6,"6":4,"7":4,"8":4,"9":0,"10":0,"11":6},"f":{"0":4},"b":{"0":[6,0],"1":[6,0],"2":[6,0],"3":[6,0],"4":[6,0]},"_coverageSchema":"1a1c01bbd47fc00a2c39e90264f33305004495a9","hash":"d4bbf16ad4b588bef7aa5580df19b552713ee04c"}
}
