TN:
SF:src/index.js
FN:26,(anonymous_0)
FN:27,(anonymous_1)
FN:37,(anonymous_2)
FN:46,(anonymous_3)
FN:53,(anonymous_4)
FNF:5
FNH:1
FNDA:4,(anonymous_0)
FNDA:0,(anonymous_1)
FNDA:0,(anonymous_2)
FNDA:0,(anonymous_3)
FNDA:0,(anonymous_4)
DA:1,4
DA:2,4
DA:3,4
DA:4,4
DA:5,4
DA:6,4
DA:7,4
DA:10,4
DA:13,4
DA:14,4
DA:17,4
DA:18,4
DA:21,4
DA:22,4
DA:25,4
DA:26,4
DA:27,0
DA:30,4
DA:31,4
DA:32,4
DA:33,4
DA:34,4
DA:37,4
DA:38,0
DA:42,4
DA:45,4
DA:46,0
DA:47,0
DA:48,0
DA:53,4
DA:54,0
DA:57,4
LF:32
LH:26
BRDA:14,0,0,4
BRDA:14,0,1,0
BRDA:19,1,0,4
BRDA:19,1,1,0
BRDA:45,2,0,0
BRDA:45,2,1,4
BRDA:48,3,0,0
BRDA:48,3,1,0
BRF:8
BRH:3
end_of_record
TN:
SF:src/middleware/errorHandler.js
FN:4,(anonymous_0)
FNF:1
FNH:1
FNDA:11,(anonymous_0)
DA:4,4
DA:5,11
DA:7,11
DA:8,11
DA:10,11
DA:17,4
LF:6
LH:6
BRDA:7,0,0,11
BRDA:7,0,1,11
BRDA:8,1,0,11
BRDA:8,1,1,0
BRDA:13,2,0,0
BRDA:13,2,1,11
BRF:6
BRH:4
end_of_record
TN:
SF:src/routes/aircraft-types.js
FN:6,(anonymous_0)
FN:16,(anonymous_1)
FN:32,(anonymous_2)
FN:73,(anonymous_3)
FN:115,(anonymous_4)
FNF:5
FNH:5
FNDA:1,(anonymous_0)
FNDA:2,(anonymous_1)
FNDA:3,(anonymous_2)
FNDA:2,(anonymous_3)
FNDA:2,(anonymous_4)
DA:1,4
DA:2,4
DA:3,4
DA:6,4
DA:7,1
DA:8,1
DA:9,1
DA:11,0
DA:16,4
DA:17,2
DA:18,2
DA:19,2
DA:21,1
DA:22,1
DA:25,0
DA:27,1
DA:32,4
DA:33,3
DA:43,3
DA:46,3
DA:47,1
DA:53,2
DA:64,1
DA:66,0
DA:68,2
DA:73,4
DA:74,2
DA:75,2
DA:85,2
DA:88,2
DA:89,1
DA:90,1
DA:94,0
DA:106,0
DA:108,0
DA:110,1
DA:115,4
DA:116,2
DA:117,2
DA:120,2
DA:121,1
DA:122,1
DA:126,0
DA:128,0
DA:130,1
DA:134,4
LF:46
LH:38
BRDA:21,0,0,1
BRDA:21,0,1,0
BRDA:46,1,0,1
BRDA:46,1,1,2
BRDA:46,2,0,3
BRDA:46,2,1,2
BRDA:46,2,2,2
BRDA:89,3,0,1
BRDA:89,3,1,0
BRDA:121,4,0,1
BRDA:121,4,1,0
BRF:11
BRH:8
end_of_record
TN:
SF:src/routes/piers.js
FN:6,(anonymous_0)
FN:22,(anonymous_1)
FN:45,(anonymous_2)
FN:70,(anonymous_3)
FN:123,(anonymous_4)
FN:182,(anonymous_5)
FNF:6
FNH:6
FNDA:1,(anonymous_0)
FNDA:2,(anonymous_1)
FNDA:2,(anonymous_2)
FNDA:4,(anonymous_3)
FNDA:2,(anonymous_4)
FNDA:2,(anonymous_5)
DA:1,4
DA:2,4
DA:3,4
DA:6,4
DA:7,1
DA:8,1
DA:15,1
DA:17,0
DA:22,4
DA:23,2
DA:24,2
DA:25,2
DA:34,1
DA:35,1
DA:38,0
DA:40,1
DA:45,4
DA:46,2
DA:47,2
DA:50,2
DA:51,1
DA:52,1
DA:55,0
DA:63,0
DA:65,1
DA:70,4
DA:71,4
DA:72,4
DA:75,4
DA:76,1
DA:83,3
DA:84,1
DA:85,1
DA:89,0
DA:93,0
DA:94,0
DA:100,0
DA:107,0
DA:116,0
DA:118,2
DA:123,4
DA:124,2
DA:125,2
DA:126,2
DA:129,2
DA:130,1
DA:131,1
DA:135,0
DA:136,0
DA:137,0
DA:138,0
DA:142,0
DA:143,0
DA:148,0
DA:149,0
DA:158,0
DA:166,0
DA:175,0
DA:177,1
DA:182,4
DA:183,2
DA:184,2
DA:187,2
DA:188,1
DA:189,1
DA:193,0
DA:194,0
DA:195,0
DA:202,0
DA:204,0
DA:206,1
DA:210,4
LF:72
LH:46
BRDA:34,0,0,1
BRDA:34,0,1,0
BRDA:51,1,0,1
BRDA:51,1,1,0
BRDA:75,2,0,1
BRDA:75,2,1,3
BRDA:75,3,0,4
BRDA:75,3,1,3
BRDA:75,3,2,3
BRDA:84,4,0,1
BRDA:84,4,1,0
BRDA:93,5,0,0
BRDA:93,5,1,0
BRDA:130,6,0,1
BRDA:130,6,1,0
BRDA:135,7,0,0
BRDA:135,7,1,0
BRDA:135,8,0,0
BRDA:135,8,1,0
BRDA:137,9,0,0
BRDA:137,9,1,0
BRDA:142,10,0,0
BRDA:142,10,1,0
BRDA:142,11,0,0
BRDA:142,11,1,0
BRDA:148,12,0,0
BRDA:148,12,1,0
BRDA:188,13,0,1
BRDA:188,13,1,0
BRDA:194,14,0,0
BRDA:194,14,1,0
BRF:31
BRH:10
end_of_record
TN:
SF:src/routes/stand-constraints.js
FN:6,(anonymous_0)
FN:27,(anonymous_1)
FN:54,(anonymous_2)
FN:80,(anonymous_3)
FN:144,(anonymous_4)
FN:222,(anonymous_5)
FNF:6
FNH:0
FNDA:0,(anonymous_0)
FNDA:0,(anonymous_1)
FNDA:0,(anonymous_2)
FNDA:0,(anonymous_3)
FNDA:0,(anonymous_4)
FNDA:0,(anonymous_5)
DA:1,4
DA:2,4
DA:3,4
DA:6,4
DA:7,0
DA:8,0
DA:20,0
DA:22,0
DA:27,4
DA:28,0
DA:29,0
DA:32,0
DA:33,0
DA:34,0
DA:37,0
DA:47,0
DA:49,0
DA:54,4
DA:55,0
DA:56,0
DA:59,0
DA:60,0
DA:61,0
DA:64,0
DA:73,0
DA:75,0
DA:80,4
DA:81,0
DA:82,0
DA:85,0
DA:86,0
DA:93,0
DA:94,0
DA:95,0
DA:99,0
DA:100,0
DA:101,0
DA:105,0
DA:109,0
DA:110,0
DA:116,0
DA:123,0
DA:137,0
DA:139,0
DA:144,4
DA:145,0
DA:146,0
DA:147,0
DA:150,0
DA:151,0
DA:152,0
DA:156,0
DA:160,0
DA:161,0
DA:162,0
DA:163,0
DA:168,0
DA:169,0
DA:170,0
DA:171,0
DA:176,0
DA:184,0
DA:185,0
DA:193,0
DA:201,0
DA:215,0
DA:217,0
DA:222,4
DA:223,0
DA:224,0
DA:227,0
DA:228,0
DA:229,0
DA:233,0
DA:235,0
DA:237,0
DA:241,4
LF:77
LH:10
BRDA:33,0,0,0
BRDA:33,0,1,0
BRDA:60,1,0,0
BRDA:60,1,1,0
BRDA:85,2,0,0
BRDA:85,2,1,0
BRDA:85,3,0,0
BRDA:85,3,1,0
BRDA:94,4,0,0
BRDA:94,4,1,0
BRDA:100,5,0,0
BRDA:100,5,1,0
BRDA:109,6,0,0
BRDA:109,6,1,0
BRDA:119,7,0,0
BRDA:119,7,1,0
BRDA:151,8,0,0
BRDA:151,8,1,0
BRDA:156,9,0,0
BRDA:156,9,1,0
BRDA:156,10,0,0
BRDA:156,10,1,0
BRDA:156,10,2,0
BRDA:156,10,3,0
BRDA:160,11,0,0
BRDA:160,11,1,0
BRDA:160,12,0,0
BRDA:160,12,1,0
BRDA:162,13,0,0
BRDA:162,13,1,0
BRDA:168,14,0,0
BRDA:168,14,1,0
BRDA:168,15,0,0
BRDA:168,15,1,0
BRDA:170,16,0,0
BRDA:170,16,1,0
BRDA:178,17,0,0
BRDA:178,17,1,0
BRDA:179,18,0,0
BRDA:179,18,1,0
BRDA:184,19,0,0
BRDA:184,19,1,0
BRDA:194,20,0,0
BRDA:194,20,1,0
BRDA:195,21,0,0
BRDA:195,21,1,0
BRDA:196,22,0,0
BRDA:196,22,1,0
BRDA:197,23,0,0
BRDA:197,23,1,0
BRDA:228,24,0,0
BRDA:228,24,1,0
BRF:52
BRH:0
end_of_record
TN:
SF:src/routes/stands.js
FN:6,(anonymous_0)
FN:24,(anonymous_1)
FN:49,(anonymous_2)
FN:76,(anonymous_3)
FN:152,(anonymous_4)
FN:234,(anonymous_5)
FNF:6
FNH:0
FNDA:0,(anonymous_0)
FNDA:0,(anonymous_1)
FNDA:0,(anonymous_2)
FNDA:0,(anonymous_3)
FNDA:0,(anonymous_4)
FNDA:0,(anonymous_5)
DA:1,4
DA:2,4
DA:3,4
DA:6,4
DA:7,0
DA:8,0
DA:17,0
DA:19,0
DA:24,4
DA:25,0
DA:26,0
DA:27,0
DA:38,0
DA:39,0
DA:42,0
DA:44,0
DA:49,4
DA:50,0
DA:51,0
DA:54,0
DA:55,0
DA:56,0
DA:59,0
DA:69,0
DA:71,0
DA:76,4
DA:77,0
DA:91,0
DA:94,0
DA:95,0
DA:102,0
DA:103,0
DA:104,0
DA:108,0
DA:112,0
DA:113,0
DA:119,0
DA:134,0
DA:145,0
DA:147,0
DA:152,4
DA:153,0
DA:154,0
DA:168,0
DA:171,0
DA:172,0
DA:173,0
DA:177,0
DA:178,0
DA:179,0
DA:180,0
DA:184,0
DA:185,0
DA:190,0
DA:191,0
DA:200,0
DA:216,0
DA:227,0
DA:229,0
DA:234,4
DA:235,0
DA:236,0
DA:239,0
DA:240,0
DA:241,0
DA:245,0
DA:247,0
DA:249,0
DA:253,4
LF:69
LH:10
BRDA:38,0,0,0
BRDA:38,0,1,0
BRDA:55,1,0,0
BRDA:55,1,1,0
BRDA:94,2,0,0
BRDA:94,2,1,0
BRDA:94,3,0,0
BRDA:94,3,1,0
BRDA:94,3,2,0
BRDA:103,4,0,0
BRDA:103,4,1,0
BRDA:112,5,0,0
BRDA:112,5,1,0
BRDA:172,6,0,0
BRDA:172,6,1,0
BRDA:177,7,0,0
BRDA:177,7,1,0
BRDA:177,8,0,0
BRDA:177,8,1,0
BRDA:179,9,0,0
BRDA:179,9,1,0
BRDA:184,10,0,0
BRDA:184,10,1,0
BRDA:184,11,0,0
BRDA:184,11,1,0
BRDA:190,12,0,0
BRDA:190,12,1,0
BRDA:240,13,0,0
BRDA:240,13,1,0
BRF:29
BRH:0
end_of_record
TN:
SF:src/routes/terminals.js
FN:6,(anonymous_0)
FN:16,(anonymous_1)
FN:32,(anonymous_2)
FNF:3
FNH:0
FNDA:0,(anonymous_0)
FNDA:0,(anonymous_1)
FNDA:0,(anonymous_2)
DA:1,4
DA:2,4
DA:3,4
DA:6,4
DA:7,0
DA:8,0
DA:9,0
DA:11,0
DA:16,4
DA:17,0
DA:18,0
DA:19,0
DA:21,0
DA:22,0
DA:25,0
DA:27,0
DA:32,4
DA:33,0
DA:34,0
DA:37,0
DA:38,0
DA:41,0
DA:47,0
DA:49,0
DA:51,0
DA:55,4
LF:26
LH:7
BRDA:21,0,0,0
BRDA:21,0,1,0
BRDA:37,1,0,0
BRDA:37,1,1,0
BRDA:37,2,0,0
BRDA:37,2,1,0
BRF:6
BRH:0
end_of_record
TN:
SF:src/utils/db.js
FN:31,(anonymous_0)
FNF:1
FNH:1
FNDA:4,(anonymous_0)
DA:1,6
DA:2,6
DA:5,6
DA:8,6
DA:28,6
DA:31,6
DA:32,4
DA:34,4
DA:35,4
DA:37,0
DA:38,0
DA:42,6
LF:12
LH:10
BRDA:11,0,0,6
BRDA:11,0,1,0
BRDA:12,1,0,6
BRDA:12,1,1,0
BRDA:13,2,0,6
BRDA:13,2,1,0
BRDA:14,3,0,6
BRDA:14,3,1,0
BRDA:15,4,0,6
BRDA:15,4,1,0
BRF:10
BRH:5
end_of_record
