TN:
SF:src/config.js
FNF:0
FNH:0
DA:8,0
DA:10,0
LF:2
LH:0
BRDA:13,0,0,0
BRDA:13,0,1,0
BRDA:14,1,0,0
BRDA:14,1,1,0
BRDA:15,2,0,0
BRDA:15,2,1,0
BRDA:20,3,0,0
BRDA:20,3,1,0
BRDA:22,4,0,0
BRDA:22,4,1,0
BRDA:23,5,0,0
BRDA:23,5,1,0
BRDA:24,6,0,0
BRDA:24,6,1,0
BRDA:25,7,0,0
BRDA:25,7,1,0
BRDA:26,8,0,0
BRDA:26,8,1,0
BRDA:27,9,0,0
BRDA:27,9,1,0
BRDA:37,10,0,0
BRDA:37,10,1,0
BRDA:38,11,0,0
BRDA:38,11,1,0
BRDA:43,12,0,0
BRDA:43,12,1,0
BRDA:44,13,0,0
BRDA:44,13,1,0
BRDA:50,14,0,0
BRDA:50,14,1,0
BRDA:57,15,0,0
BRDA:57,15,1,0
BRDA:58,16,0,0
BRDA:58,16,1,0
BRDA:59,17,0,0
BRDA:59,17,1,0
BRDA:64,18,0,0
BRDA:64,18,1,0
BRDA:65,19,0,0
BRDA:65,19,1,0
BRDA:69,20,0,0
BRDA:69,20,1,0
BRF:42
BRH:0
end_of_record
TN:
SF:src/db.js
FNF:0
FNH:0
DA:8,0
LF:1
LH:0
BRF:0
BRH:0
end_of_record
TN:
SF:src/index.js
FNF:0
FNH:0
DA:5,0
DA:6,0
DA:9,0
DA:10,0
DA:13,0
DA:15,0
DA:18,0
LF:7
LH:0
BRF:0
BRH:0
end_of_record
TN:
SF:src/cli/capacityImpactAnalyzer/analyzer.js
FN:7,doTimeRangesOverlap
FN:12,deepCopy
FN:17,combineDateAndTime
FN:26,getBodyType
FN:35,isMaintenanceActiveOnDate
FN:49,isMaintenanceActiveInSlot
FN:72,calculateDailyImpacts
FN:86,(anonymous_7)
FN:94,(anonymous_8)
FN:103,(anonymous_9)
FN:128,(anonymous_10)
FN:129,(anonymous_11)
FN:162,(anonymous_12)
FN:186,(anonymous_13)
FN:244,(anonymous_14)
FN:259,(anonymous_15)
FNF:16
FNH:0
FNDA:0,doTimeRangesOverlap
FNDA:0,deepCopy
FNDA:0,combineDateAndTime
FNDA:0,getBodyType
FNDA:0,isMaintenanceActiveOnDate
FNDA:0,isMaintenanceActiveInSlot
FNDA:0,calculateDailyImpacts
FNDA:0,(anonymous_7)
FNDA:0,(anonymous_8)
FNDA:0,(anonymous_9)
FNDA:0,(anonymous_10)
FNDA:0,(anonymous_11)
FNDA:0,(anonymous_12)
FNDA:0,(anonymous_13)
FNDA:0,(anonymous_14)
FNDA:0,(anonymous_15)
DA:8,0
DA:13,0
DA:18,0
DA:19,0
DA:21,0
DA:22,0
DA:27,0
DA:28,0
DA:29,0
DA:31,0
DA:36,0
DA:37,0
DA:39,0
DA:40,0
DA:42,0
DA:43,0
DA:45,0
DA:50,0
DA:51,0
DA:53,0
DA:80,0
DA:82,0
DA:85,0
DA:86,0
DA:87,0
DA:93,0
DA:94,0
DA:95,0
DA:102,0
DA:103,0
DA:104,0
DA:108,0
DA:109,0
DA:110,0
DA:112,0
DA:113,0
DA:117,0
DA:118,0
DA:121,0
DA:128,0
DA:129,0
DA:130,0
DA:131,0
DA:132,0
DA:133,0
DA:134,0
DA:135,0
DA:137,0
DA:143,0
DA:149,0
DA:155,0
DA:156,0
DA:159,0
DA:162,0
DA:163,0
DA:166,0
DA:167,0
DA:168,0
DA:171,0
DA:174,0
DA:175,0
DA:176,0
DA:181,0
DA:182,0
DA:183,0
DA:186,0
DA:187,0
DA:191,0
DA:192,0
DA:193,0
DA:196,0
DA:198,0
DA:199,0
DA:201,0
DA:204,0
DA:205,0
DA:208,0
DA:209,0
DA:210,0
DA:212,0
DA:215,0
DA:216,0
DA:217,0
DA:220,0
DA:221,0
DA:223,0
DA:225,0
DA:228,0
DA:229,0
DA:231,0
DA:233,0
DA:236,0
DA:239,0
DA:240,0
DA:241,0
DA:244,0
DA:245,0
DA:254,0
DA:255,0
DA:256,0
DA:259,0
DA:260,0
DA:275,0
DA:281,0
DA:288,0
DA:305,0
DA:308,0
DA:311,0
LF:108
LH:0
BRDA:8,0,0,0
BRDA:8,0,1,0
BRDA:27,1,0,0
BRDA:27,1,1,0
BRDA:28,2,0,0
BRDA:28,2,1,0
BRDA:98,3,0,0
BRDA:98,3,1,0
BRDA:131,4,0,0
BRDA:131,4,1,0
BRDA:132,5,0,0
BRDA:132,5,1,0
BRDA:134,6,0,0
BRDA:134,6,1,0
BRDA:167,7,0,0
BRDA:167,7,1,0
BRDA:198,8,0,0
BRDA:198,8,1,0
BRDA:210,9,0,0
BRDA:210,9,1,0
BRDA:225,10,0,0
BRDA:225,10,1,0
BRDA:225,11,0,0
BRDA:225,11,1,0
BRDA:228,12,0,0
BRDA:228,12,1,0
BRDA:233,13,0,0
BRDA:233,13,1,0
BRDA:239,14,0,0
BRDA:239,14,1,0
BRDA:244,15,0,0
BRDA:244,15,1,0
BRDA:249,16,0,0
BRDA:249,16,1,0
BRDA:249,16,2,0
BRDA:254,17,0,0
BRDA:254,17,1,0
BRDA:259,18,0,0
BRDA:259,18,1,0
BRDA:264,19,0,0
BRDA:264,19,1,0
BRDA:264,19,2,0
BRF:42
BRH:0
end_of_record
TN:
SF:src/cli/capacityImpactAnalyzer/cli.js
FN:13,parseArgs
FN:43,printUsage
FN:57,loadMockData
FN:95,isValidDateFormat
FN:100,main
FNF:5
FNH:0
FNDA:0,parseArgs
FNDA:0,printUsage
FNDA:0,loadMockData
FNDA:0,isValidDateFormat
FNDA:0,main
DA:8,0
DA:9,0
DA:10,0
DA:14,0
DA:15,0
DA:22,0
DA:23,0
DA:25,0
DA:26,0
DA:27,0
DA:28,0
DA:29,0
DA:30,0
DA:31,0
DA:32,0
DA:33,0
DA:34,0
DA:35,0
DA:39,0
DA:44,0
DA:58,0
DA:60,0
DA:63,0
DA:66,0
DA:69,0
DA:72,0
DA:75,0
DA:79,0
DA:88,0
DA:89,0
DA:90,0
DA:96,0
DA:102,0
DA:105,0
DA:106,0
DA:107,0
DA:108,0
DA:112,0
DA:113,0
DA:114,0
DA:118,0
DA:119,0
DA:120,0
DA:123,0
DA:125,0
DA:126,0
DA:129,0
DA:135,0
DA:136,0
DA:146,0
DA:147,0
DA:148,0
DA:149,0
DA:151,0
DA:154,0
DA:156,0
DA:157,0
DA:162,0
LF:58
LH:0
BRDA:25,0,0,0
BRDA:25,0,1,0
BRDA:25,1,0,0
BRDA:25,1,1,0
BRDA:27,2,0,0
BRDA:27,2,1,0
BRDA:27,3,0,0
BRDA:27,3,1,0
BRDA:29,4,0,0
BRDA:29,4,1,0
BRDA:29,5,0,0
BRDA:29,5,1,0
BRDA:31,6,0,0
BRDA:31,6,1,0
BRDA:31,7,0,0
BRDA:31,7,1,0
BRDA:33,8,0,0
BRDA:33,8,1,0
BRDA:33,9,0,0
BRDA:33,9,1,0
BRDA:105,10,0,0
BRDA:105,10,1,0
BRDA:105,11,0,0
BRDA:105,11,1,0
BRDA:112,12,0,0
BRDA:112,12,1,0
BRDA:112,13,0,0
BRDA:112,13,1,0
BRDA:118,14,0,0
BRDA:118,14,1,0
BRDA:147,15,0,0
BRDA:147,15,1,0
BRF:32
BRH:0
end_of_record
TN:
SF:src/cli/capacityImpactAnalyzer/live_cli.js
FN:18,parseArgs
FN:45,printUsage
FN:58,loadLiveData
FN:72,(anonymous_3)
FN:81,(anonymous_4)
FN:83,(anonymous_5)
FN:107,(anonymous_6)
FN:142,(anonymous_7)
FN:171,(anonymous_8)
FN:195,(anonymous_9)
FN:224,determineCompatibleAircraftTypes
FN:250,(anonymous_11)
FN:251,(anonymous_12)
FN:255,getBodyType
FN:264,isValidDateFormat
FN:269,main
FN:348,(anonymous_16)
FNF:17
FNH:0
FNDA:0,parseArgs
FNDA:0,printUsage
FNDA:0,loadLiveData
FNDA:0,(anonymous_3)
FNDA:0,(anonymous_4)
FNDA:0,(anonymous_5)
FNDA:0,(anonymous_6)
FNDA:0,(anonymous_7)
FNDA:0,(anonymous_8)
FNDA:0,(anonymous_9)
FNDA:0,determineCompatibleAircraftTypes
FNDA:0,(anonymous_11)
FNDA:0,(anonymous_12)
FNDA:0,getBodyType
FNDA:0,isValidDateFormat
FNDA:0,main
FNDA:0,(anonymous_16)
DA:8,0
DA:9,0
DA:10,0
DA:11,0
DA:14,0
DA:15,0
DA:19,0
DA:20,0
DA:26,0
DA:27,0
DA:29,0
DA:30,0
DA:31,0
DA:32,0
DA:33,0
DA:34,0
DA:35,0
DA:36,0
DA:37,0
DA:41,0
DA:46,0
DA:59,0
DA:61,0
DA:62,0
DA:65,0
DA:66,0
DA:71,0
DA:72,0
DA:81,0
DA:82,0
DA:83,0
DA:84,0
DA:89,0
DA:90,0
DA:95,0
DA:101,0
DA:102,0
DA:103,0
DA:107,0
DA:118,0
DA:121,0
DA:122,0
DA:123,0
DA:126,0
DA:127,0
DA:128,0
DA:131,0
DA:132,0
DA:135,0
DA:136,0
DA:137,0
DA:138,0
DA:142,0
DA:143,0
DA:144,0
DA:149,0
DA:150,0
DA:152,0
DA:155,0
DA:157,0
DA:160,0
DA:167,0
DA:168,0
DA:171,0
DA:179,0
DA:180,0
DA:182,0
DA:190,0
DA:191,0
DA:194,0
DA:195,0
DA:197,0
DA:203,0
DA:209,0
DA:218,0
DA:219,0
DA:226,0
DA:227,0
DA:228,0
DA:232,0
DA:235,0
DA:238,0
DA:240,0
DA:241,0
DA:242,0
DA:246,0
DA:249,0
DA:250,0
DA:251,0
DA:256,0
DA:257,0
DA:258,0
DA:260,0
DA:265,0
DA:271,0
DA:274,0
DA:275,0
DA:276,0
DA:277,0
DA:281,0
DA:282,0
DA:283,0
DA:287,0
DA:288,0
DA:289,0
DA:292,0
DA:294,0
DA:295,0
DA:298,0
DA:299,0
DA:302,0
DA:308,0
DA:309,0
DA:319,0
DA:320,0
DA:321,0
DA:322,0
DA:324,0
DA:327,0
DA:330,0
DA:331,0
DA:333,0
DA:334,0
DA:337,0
DA:338,0
DA:340,0
DA:343,0
DA:348,0
DA:349,0
DA:350,0
LF:130
LH:0
BRDA:29,0,0,0
BRDA:29,0,1,0
BRDA:29,1,0,0
BRDA:29,1,1,0
BRDA:31,2,0,0
BRDA:31,2,1,0
BRDA:31,3,0,0
BRDA:31,3,1,0
BRDA:33,4,0,0
BRDA:33,4,1,0
BRDA:33,5,0,0
BRDA:33,5,1,0
BRDA:35,6,0,0
BRDA:35,6,1,0
BRDA:35,7,0,0
BRDA:35,7,1,0
BRDA:102,8,0,0
BRDA:102,8,1,0
BRDA:137,9,0,0
BRDA:137,9,1,0
BRDA:143,10,0,0
BRDA:143,10,1,0
BRDA:152,11,0,0
BRDA:152,11,1,0
BRDA:155,12,0,0
BRDA:155,12,1,0
BRDA:155,13,0,0
BRDA:155,13,1,0
BRDA:174,14,0,0
BRDA:174,14,1,0
BRDA:175,15,0,0
BRDA:175,15,1,0
BRDA:183,16,0,0
BRDA:183,16,1,0
BRDA:184,17,0,0
BRDA:184,17,1,0
BRDA:185,18,0,0
BRDA:185,18,1,0
BRDA:186,19,0,0
BRDA:186,19,1,0
BRDA:226,20,0,0
BRDA:226,20,1,0
BRDA:226,21,0,0
BRDA:226,21,1,0
BRDA:240,22,0,0
BRDA:240,22,1,0
BRDA:256,23,0,0
BRDA:256,23,1,0
BRDA:257,24,0,0
BRDA:257,24,1,0
BRDA:274,25,0,0
BRDA:274,25,1,0
BRDA:274,26,0,0
BRDA:274,26,1,0
BRDA:281,27,0,0
BRDA:281,27,1,0
BRDA:281,28,0,0
BRDA:281,28,1,0
BRDA:287,29,0,0
BRDA:287,29,1,0
BRDA:320,30,0,0
BRDA:320,30,1,0
BRF:62
BRH:0
end_of_record
TN:
SF:src/cli/capacityImpactAnalyzer/populate_test_data.js
FN:7,populateTestData
FN:18,(anonymous_1)
FN:59,(anonymous_2)
FN:84,(anonymous_3)
FN:147,(anonymous_4)
FN:160,(anonymous_5)
FN:244,(anonymous_6)
FN:260,(anonymous_7)
FN:273,(anonymous_8)
FN:313,(anonymous_9)
FN:334,(anonymous_10)
FN:347,(anonymous_11)
FN:383,(anonymous_12)
FN:410,(anonymous_13)
FN:447,(anonymous_14)
FN:482,(anonymous_15)
FN:620,(anonymous_16)
FN:637,(anonymous_17)
FN:798,(anonymous_18)
FN:806,(anonymous_19)
FNF:20
FNH:0
FNDA:0,populateTestData
FNDA:0,(anonymous_1)
FNDA:0,(anonymous_2)
FNDA:0,(anonymous_3)
FNDA:0,(anonymous_4)
FNDA:0,(anonymous_5)
FNDA:0,(anonymous_6)
FNDA:0,(anonymous_7)
FNDA:0,(anonymous_8)
FNDA:0,(anonymous_9)
FNDA:0,(anonymous_10)
FNDA:0,(anonymous_11)
FNDA:0,(anonymous_12)
FNDA:0,(anonymous_13)
FNDA:0,(anonymous_14)
FNDA:0,(anonymous_15)
FNDA:0,(anonymous_16)
FNDA:0,(anonymous_17)
FNDA:0,(anonymous_18)
FNDA:0,(anonymous_19)
DA:5,0
DA:8,0
DA:9,0
DA:12,0
DA:18,0
DA:19,0
DA:22,0
DA:24,0
DA:25,0
DA:27,0
DA:28,0
DA:30,0
DA:31,0
DA:33,0
DA:34,0
DA:36,0
DA:37,0
DA:39,0
DA:40,0
DA:42,0
DA:43,0
DA:47,0
DA:48,0
DA:49,0
DA:58,0
DA:59,0
DA:60,0
DA:61,0
DA:64,0
DA:75,0
DA:76,0
DA:78,0
DA:84,0
DA:85,0
DA:88,0
DA:147,0
DA:148,0
DA:149,0
DA:150,0
DA:151,0
DA:154,0
DA:157,0
DA:159,0
DA:160,0
DA:161,0
DA:162,0
DA:163,0
DA:164,0
DA:165,0
DA:166,0
DA:167,0
DA:168,0
DA:169,0
DA:170,0
DA:171,0
DA:172,0
DA:175,0
DA:235,0
DA:236,0
DA:238,0
DA:244,0
DA:245,0
DA:248,0
DA:260,0
DA:261,0
DA:262,0
DA:263,0
DA:264,0
DA:267,0
DA:270,0
DA:272,0
DA:273,0
DA:274,0
DA:275,0
DA:276,0
DA:277,0
DA:278,0
DA:279,0
DA:280,0
DA:281,0
DA:282,0
DA:283,0
DA:284,0
DA:285,0
DA:286,0
DA:287,0
DA:288,0
DA:291,0
DA:304,0
DA:305,0
DA:307,0
DA:313,0
DA:314,0
DA:317,0
DA:334,0
DA:335,0
DA:336,0
DA:337,0
DA:338,0
DA:341,0
DA:344,0
DA:346,0
DA:347,0
DA:348,0
DA:349,0
DA:350,0
DA:351,0
DA:352,0
DA:353,0
DA:356,0
DA:374,0
DA:375,0
DA:377,0
DA:383,0
DA:384,0
DA:387,0
DA:396,0
DA:397,0
DA:398,0
DA:399,0
DA:403,0
DA:404,0
DA:406,0
DA:409,0
DA:410,0
DA:411,0
DA:412,0
DA:413,0
DA:414,0
DA:415,0
DA:418,0
DA:428,0
DA:429,0
DA:430,0
DA:431,0
DA:432,0
DA:433,0
DA:434,0
DA:436,0
DA:444,0
DA:446,0
DA:447,0
DA:448,0
DA:449,0
DA:450,0
DA:451,0
DA:452,0
DA:455,0
DA:456,0
DA:457,0
DA:458,0
DA:459,0
DA:461,0
DA:469,0
DA:473,0
DA:474,0
DA:476,0
DA:482,0
DA:483,0
DA:486,0
DA:620,0
DA:621,0
DA:622,0
DA:623,0
DA:624,0
DA:627,0
DA:630,0
DA:631,0
DA:633,0
DA:636,0
DA:637,0
DA:638,0
DA:639,0
DA:640,0
DA:641,0
DA:642,0
DA:643,0
DA:644,0
DA:645,0
DA:646,0
DA:647,0
DA:648,0
DA:649,0
DA:650,0
DA:653,0
DA:787,0
DA:788,0
DA:790,0
DA:791,0
DA:793,0
DA:798,0
DA:799,0
DA:800,0
DA:801,0
DA:803,0
DA:804,0
DA:807,0
DA:808,0
LF:198
LH:0
BRDA:24,0,0,0
BRDA:24,0,1,0
BRDA:27,1,0,0
BRDA:27,1,1,0
BRDA:30,2,0,0
BRDA:30,2,1,0
BRDA:33,3,0,0
BRDA:33,3,1,0
BRDA:36,4,0,0
BRDA:36,4,1,0
BRDA:39,5,0,0
BRDA:39,5,1,0
BRDA:42,6,0,0
BRDA:42,6,1,0
BRDA:48,7,0,0
BRDA:48,7,1,0
BRDA:76,8,0,0
BRDA:76,8,1,0
BRDA:150,9,0,0
BRDA:150,9,1,0
BRDA:236,10,0,0
BRDA:236,10,1,0
BRDA:263,11,0,0
BRDA:263,11,1,0
BRDA:305,12,0,0
BRDA:305,12,1,0
BRDA:337,13,0,0
BRDA:337,13,1,0
BRDA:375,14,0,0
BRDA:375,14,1,0
BRDA:398,15,0,0
BRDA:398,15,1,0
BRDA:403,16,0,0
BRDA:403,16,1,0
BRDA:429,17,0,0
BRDA:429,17,1,0
BRDA:474,18,0,0
BRDA:474,18,1,0
BRDA:623,19,0,0
BRDA:623,19,1,0
BRDA:630,20,0,0
BRDA:630,20,1,0
BRDA:799,21,0,0
BRDA:799,21,1,0
BRF:44
BRH:0
end_of_record
TN:
SF:src/controllers/AirlineController.js
FN:9,(anonymous_0)
FN:32,(anonymous_1)
FN:62,(anonymous_2)
FN:92,(anonymous_3)
FN:122,(anonymous_4)
FN:167,(anonymous_5)
FN:221,(anonymous_6)
FN:251,(anonymous_7)
FN:282,(anonymous_8)
FNF:9
FNH:0
FNDA:0,(anonymous_0)
FNDA:0,(anonymous_1)
FNDA:0,(anonymous_2)
FNDA:0,(anonymous_3)
FNDA:0,(anonymous_4)
FNDA:0,(anonymous_5)
FNDA:0,(anonymous_6)
FNDA:0,(anonymous_7)
FNDA:0,(anonymous_8)
DA:1,0
DA:10,0
DA:11,0
DA:12,0
DA:14,0
DA:19,0
DA:33,0
DA:34,0
DA:35,0
DA:37,0
DA:38,0
DA:44,0
DA:49,0
DA:63,0
DA:64,0
DA:65,0
DA:67,0
DA:68,0
DA:74,0
DA:79,0
DA:93,0
DA:94,0
DA:95,0
DA:97,0
DA:98,0
DA:104,0
DA:109,0
DA:123,0
DA:124,0
DA:127,0
DA:128,0
DA:129,0
DA:130,0
DA:137,0
DA:138,0
DA:139,0
DA:140,0
DA:147,0
DA:149,0
DA:154,0
DA:168,0
DA:169,0
DA:170,0
DA:173,0
DA:174,0
DA:175,0
DA:176,0
DA:184,0
DA:185,0
DA:186,0
DA:187,0
DA:194,0
DA:196,0
DA:197,0
DA:203,0
DA:208,0
DA:222,0
DA:223,0
DA:224,0
DA:226,0
DA:227,0
DA:233,0
DA:238,0
DA:252,0
DA:253,0
DA:255,0
DA:256,0
DA:262,0
DA:264,0
DA:269,0
DA:283,0
DA:284,0
DA:286,0
DA:287,0
DA:293,0
DA:295,0
DA:304,0
DA:313,0
LF:78
LH:0
BRDA:37,0,0,0
BRDA:37,0,1,0
BRDA:67,1,0,0
BRDA:67,1,1,0
BRDA:97,2,0,0
BRDA:97,2,1,0
BRDA:127,3,0,0
BRDA:127,3,1,0
BRDA:129,4,0,0
BRDA:129,4,1,0
BRDA:137,5,0,0
BRDA:137,5,1,0
BRDA:139,6,0,0
BRDA:139,6,1,0
BRDA:173,7,0,0
BRDA:173,7,1,0
BRDA:175,8,0,0
BRDA:175,8,1,0
BRDA:175,9,0,0
BRDA:175,9,1,0
BRDA:184,10,0,0
BRDA:184,10,1,0
BRDA:186,11,0,0
BRDA:186,11,1,0
BRDA:186,12,0,0
BRDA:186,12,1,0
BRDA:196,13,0,0
BRDA:196,13,1,0
BRDA:226,14,0,0
BRDA:226,14,1,0
BRDA:255,15,0,0
BRDA:255,15,1,0
BRDA:255,16,0,0
BRDA:255,16,1,0
BRDA:255,16,2,0
BRDA:284,17,0,0
BRDA:286,18,0,0
BRDA:286,18,1,0
BRF:38
BRH:0
end_of_record
TN:
SF:src/controllers/AirportController.js
FN:9,(anonymous_0)
FN:60,(anonymous_1)
FN:92,(anonymous_2)
FN:124,(anonymous_3)
FN:156,(anonymous_4)
FN:189,(anonymous_5)
FN:212,(anonymous_6)
FN:244,(anonymous_7)
FN:276,(anonymous_8)
FN:325,(anonymous_9)
FN:375,(anonymous_10)
FN:410,(anonymous_11)
FNF:12
FNH:0
FNDA:0,(anonymous_0)
FNDA:0,(anonymous_1)
FNDA:0,(anonymous_2)
FNDA:0,(anonymous_3)
FNDA:0,(anonymous_4)
FNDA:0,(anonymous_5)
FNDA:0,(anonymous_6)
FNDA:0,(anonymous_7)
FNDA:0,(anonymous_8)
FNDA:0,(anonymous_9)
FNDA:0,(anonymous_10)
FNDA:0,(anonymous_11)
DA:1,0
DA:10,0
DA:18,0
DA:21,0
DA:22,0
DA:25,0
DA:34,0
DA:46,0
DA:47,0
DA:61,0
DA:62,0
DA:63,0
DA:65,0
DA:66,0
DA:72,0
DA:78,0
DA:79,0
DA:93,0
DA:94,0
DA:95,0
DA:97,0
DA:98,0
DA:104,0
DA:110,0
DA:111,0
DA:125,0
DA:126,0
DA:127,0
DA:129,0
DA:130,0
DA:136,0
DA:142,0
DA:143,0
DA:157,0
DA:158,0
DA:160,0
DA:161,0
DA:167,0
DA:169,0
DA:175,0
DA:176,0
DA:190,0
DA:191,0
DA:192,0
DA:198,0
DA:199,0
DA:213,0
DA:214,0
DA:215,0
DA:217,0
DA:218,0
DA:224,0
DA:230,0
DA:231,0
DA:245,0
DA:246,0
DA:247,0
DA:249,0
DA:250,0
DA:256,0
DA:262,0
DA:263,0
DA:277,0
DA:278,0
DA:280,0
DA:281,0
DA:287,0
DA:288,0
DA:289,0
DA:291,0
DA:292,0
DA:298,0
DA:300,0
DA:311,0
DA:312,0
DA:326,0
DA:327,0
DA:329,0
DA:330,0
DA:336,0
DA:337,0
DA:339,0
DA:340,0
DA:346,0
DA:348,0
DA:349,0
DA:355,0
DA:361,0
DA:362,0
DA:376,0
DA:377,0
DA:379,0
DA:380,0
DA:386,0
DA:388,0
DA:397,0
DA:411,0
DA:412,0
DA:414,0
DA:415,0
DA:421,0
DA:423,0
DA:428,0
DA:437,0
LF:104
LH:0
BRDA:12,0,0,0
BRDA:13,1,0,0
BRDA:14,2,0,0
BRDA:15,3,0,0
BRDA:16,4,0,0
BRDA:17,5,0,0
BRDA:65,6,0,0
BRDA:65,6,1,0
BRDA:97,7,0,0
BRDA:97,7,1,0
BRDA:129,8,0,0
BRDA:129,8,1,0
BRDA:160,9,0,0
BRDA:160,9,1,0
BRDA:160,10,0,0
BRDA:160,10,1,0
BRDA:217,11,0,0
BRDA:217,11,1,0
BRDA:249,12,0,0
BRDA:249,12,1,0
BRDA:278,13,0,0
BRDA:280,14,0,0
BRDA:280,14,1,0
BRDA:280,15,0,0
BRDA:280,15,1,0
BRDA:291,16,0,0
BRDA:291,16,1,0
BRDA:291,17,0,0
BRDA:291,17,1,0
BRDA:291,17,2,0
BRDA:329,18,0,0
BRDA:329,18,1,0
BRDA:329,19,0,0
BRDA:329,19,1,0
BRDA:339,20,0,0
BRDA:339,20,1,0
BRDA:339,21,0,0
BRDA:339,21,1,0
BRDA:348,22,0,0
BRDA:348,22,1,0
BRDA:377,23,0,0
BRDA:379,24,0,0
BRDA:379,24,1,0
BRDA:414,25,0,0
BRDA:414,25,1,0
BRDA:414,26,0,0
BRDA:414,26,1,0
BRDA:414,26,2,0
BRF:48
BRH:0
end_of_record
TN:
SF:src/controllers/AutonomousOperationsController.js
FN:14,(anonymous_0)
FN:39,(anonymous_1)
FN:67,(anonymous_2)
FN:88,(anonymous_3)
FN:100,(anonymous_4)
FN:130,(anonymous_5)
FN:159,(anonymous_6)
FN:178,(anonymous_7)
FN:206,(anonymous_8)
FN:237,(anonymous_9)
FN:267,(anonymous_10)
FNF:11
FNH:0
FNDA:0,(anonymous_0)
FNDA:0,(anonymous_1)
FNDA:0,(anonymous_2)
FNDA:0,(anonymous_3)
FNDA:0,(anonymous_4)
FNDA:0,(anonymous_5)
FNDA:0,(anonymous_6)
FNDA:0,(anonymous_7)
FNDA:0,(anonymous_8)
FNDA:0,(anonymous_9)
FNDA:0,(anonymous_10)
DA:8,0
DA:9,0
DA:14,0
DA:15,0
DA:16,0
DA:21,0
DA:23,0
DA:28,0
DA:29,0
DA:39,0
DA:40,0
DA:41,0
DA:44,0
DA:45,0
DA:52,0
DA:54,0
DA:56,0
DA:57,0
DA:67,0
DA:68,0
DA:69,0
DA:70,0
DA:73,0
DA:75,0
DA:77,0
DA:78,0
DA:88,0
DA:89,0
DA:90,0
DA:97,0
DA:100,0
DA:101,0
DA:103,0
DA:105,0
DA:106,0
DA:107,0
DA:110,0
DA:113,0
DA:119,0
DA:120,0
DA:130,0
DA:131,0
DA:132,0
DA:141,0
DA:143,0
DA:148,0
DA:149,0
DA:159,0
DA:160,0
DA:161,0
DA:163,0
DA:165,0
DA:167,0
DA:168,0
DA:178,0
DA:179,0
DA:180,0
DA:183,0
DA:184,0
DA:191,0
DA:193,0
DA:195,0
DA:196,0
DA:206,0
DA:207,0
DA:208,0
DA:209,0
DA:215,0
DA:217,0
DA:226,0
DA:227,0
DA:237,0
DA:238,0
DA:239,0
DA:240,0
DA:246,0
DA:248,0
DA:256,0
DA:257,0
DA:267,0
DA:268,0
DA:269,0
DA:274,0
DA:276,0
DA:278,0
DA:279,0
LF:86
LH:0
BRDA:44,0,0,0
BRDA:44,0,1,0
BRDA:44,1,0,0
BRDA:44,1,1,0
BRDA:101,2,0,0
BRDA:101,2,1,0
BRDA:103,3,0,0
BRDA:103,3,1,0
BRDA:183,4,0,0
BRDA:183,4,1,0
BRDA:183,5,0,0
BRDA:183,5,1,0
BRDA:211,6,0,0
BRDA:211,6,1,0
BRDA:222,7,0,0
BRDA:222,7,1,0
BRDA:242,8,0,0
BRDA:242,8,1,0
BRF:18
BRH:0
end_of_record
TN:
SF:src/controllers/CollaborationController.js
FN:17,(anonymous_0)
FN:37,(anonymous_1)
FN:72,(anonymous_2)
FN:102,(anonymous_3)
FN:142,(anonymous_4)
FN:189,(anonymous_5)
FN:226,(anonymous_6)
FN:264,(anonymous_7)
FN:285,(anonymous_8)
FN:330,(anonymous_9)
FN:375,(anonymous_10)
FN:422,(anonymous_11)
FNF:12
FNH:0
FNDA:0,(anonymous_0)
FNDA:0,(anonymous_1)
FNDA:0,(anonymous_2)
FNDA:0,(anonymous_3)
FNDA:0,(anonymous_4)
FNDA:0,(anonymous_5)
FNDA:0,(anonymous_6)
FNDA:0,(anonymous_7)
FNDA:0,(anonymous_8)
FNDA:0,(anonymous_9)
FNDA:0,(anonymous_10)
FNDA:0,(anonymous_11)
DA:9,0
DA:10,0
DA:11,0
DA:19,0
DA:25,0
DA:29,0
DA:38,0
DA:39,0
DA:42,0
DA:53,0
DA:54,0
DA:58,0
DA:60,0
DA:62,0
DA:63,0
DA:73,0
DA:74,0
DA:76,0
DA:79,0
DA:81,0
DA:83,0
DA:85,0
DA:86,0
DA:89,0
DA:90,0
DA:93,0
DA:103,0
DA:104,0
DA:106,0
DA:109,0
DA:111,0
DA:112,0
DA:113,0
DA:114,0
DA:115,0
DA:116,0
DA:119,0
DA:121,0
DA:123,0
DA:125,0
DA:126,0
DA:129,0
DA:130,0
DA:133,0
DA:143,0
DA:144,0
DA:146,0
DA:149,0
DA:161,0
DA:162,0
DA:166,0
DA:168,0
DA:170,0
DA:172,0
DA:173,0
DA:176,0
DA:177,0
DA:180,0
DA:190,0
DA:191,0
DA:193,0
DA:196,0
DA:203,0
DA:205,0
DA:207,0
DA:209,0
DA:210,0
DA:213,0
DA:214,0
DA:217,0
DA:227,0
DA:228,0
DA:230,0
DA:233,0
DA:241,0
DA:243,0
DA:245,0
DA:247,0
DA:248,0
DA:251,0
DA:252,0
DA:255,0
DA:265,0
DA:266,0
DA:268,0
DA:271,0
DA:273,0
DA:275,0
DA:276,0
DA:286,0
DA:287,0
DA:289,0
DA:292,0
DA:298,0
DA:299,0
DA:303,0
DA:305,0
DA:307,0
DA:309,0
DA:310,0
DA:313,0
DA:314,0
DA:317,0
DA:318,0
DA:321,0
DA:331,0
DA:332,0
DA:334,0
DA:337,0
DA:343,0
DA:344,0
DA:348,0
DA:350,0
DA:352,0
DA:354,0
DA:355,0
DA:358,0
DA:359,0
DA:362,0
DA:363,0
DA:366,0
DA:376,0
DA:377,0
DA:379,0
DA:382,0
DA:393,0
DA:395,0
DA:399,0
DA:401,0
DA:403,0
DA:405,0
DA:406,0
DA:409,0
DA:410,0
DA:413,0
DA:423,0
DA:424,0
DA:427,0
DA:429,0
DA:431,0
DA:432,0
DA:437,0
LF:142
LH:0
BRDA:20,0,0,0
BRDA:20,0,1,0
BRDA:45,1,0,0
BRDA:45,1,1,0
BRDA:53,2,0,0
BRDA:53,2,1,0
BRDA:85,3,0,0
BRDA:85,3,1,0
BRDA:89,4,0,0
BRDA:89,4,1,0
BRDA:111,5,0,0
BRDA:111,5,1,0
BRDA:112,6,0,0
BRDA:112,6,1,0
BRDA:113,7,0,0
BRDA:113,7,1,0
BRDA:114,8,0,0
BRDA:114,8,1,0
BRDA:115,9,0,0
BRDA:115,9,1,0
BRDA:116,10,0,0
BRDA:116,10,1,0
BRDA:125,11,0,0
BRDA:125,11,1,0
BRDA:129,12,0,0
BRDA:129,12,1,0
BRDA:161,13,0,0
BRDA:161,13,1,0
BRDA:161,14,0,0
BRDA:161,14,1,0
BRDA:161,14,2,0
BRDA:172,15,0,0
BRDA:172,15,1,0
BRDA:176,16,0,0
BRDA:176,16,1,0
BRDA:199,17,0,0
BRDA:199,17,1,0
BRDA:209,18,0,0
BRDA:209,18,1,0
BRDA:213,19,0,0
BRDA:213,19,1,0
BRDA:234,20,0,0
BRDA:234,20,1,0
BRDA:247,21,0,0
BRDA:247,21,1,0
BRDA:251,22,0,0
BRDA:251,22,1,0
BRDA:298,23,0,0
BRDA:298,23,1,0
BRDA:298,24,0,0
BRDA:298,24,1,0
BRDA:309,25,0,0
BRDA:309,25,1,0
BRDA:313,26,0,0
BRDA:313,26,1,0
BRDA:317,27,0,0
BRDA:317,27,1,0
BRDA:343,28,0,0
BRDA:343,28,1,0
BRDA:343,29,0,0
BRDA:343,29,1,0
BRDA:354,30,0,0
BRDA:354,30,1,0
BRDA:358,31,0,0
BRDA:358,31,1,0
BRDA:362,32,0,0
BRDA:362,32,1,0
BRDA:393,33,0,0
BRDA:393,33,1,0
BRDA:393,34,0,0
BRDA:393,34,1,0
BRDA:393,34,2,0
BRDA:393,34,3,0
BRDA:405,35,0,0
BRDA:405,35,1,0
BRDA:409,36,0,0
BRDA:409,36,1,0
BRF:77
BRH:0
end_of_record
TN:
SF:src/controllers/ColumnMappingController.js
FN:10,(anonymous_0)
FN:19,(anonymous_1)
FN:50,(anonymous_2)
FN:91,(anonymous_3)
FN:110,(anonymous_4)
FN:135,(anonymous_5)
FN:209,(anonymous_6)
FN:231,(anonymous_7)
FN:265,(anonymous_8)
FN:294,(anonymous_9)
FN:338,(anonymous_10)
FN:371,(anonymous_11)
FNF:12
FNH:0
FNDA:0,(anonymous_0)
FNDA:0,(anonymous_1)
FNDA:0,(anonymous_2)
FNDA:0,(anonymous_3)
FNDA:0,(anonymous_4)
FNDA:0,(anonymous_5)
FNDA:0,(anonymous_6)
FNDA:0,(anonymous_7)
FNDA:0,(anonymous_8)
FNDA:0,(anonymous_9)
FNDA:0,(anonymous_10)
FNDA:0,(anonymous_11)
DA:1,0
DA:2,0
DA:3,0
DA:4,0
DA:11,0
DA:20,0
DA:21,0
DA:22,0
DA:25,0
DA:28,0
DA:29,0
DA:33,0
DA:35,0
DA:40,0
DA:41,0
DA:51,0
DA:52,0
DA:54,0
DA:55,0
DA:59,0
DA:60,0
DA:64,0
DA:65,0
DA:69,0
DA:70,0
DA:74,0
DA:76,0
DA:81,0
DA:82,0
DA:92,0
DA:93,0
DA:95,0
DA:100,0
DA:101,0
DA:111,0
DA:112,0
DA:114,0
DA:115,0
DA:118,0
DA:120,0
DA:125,0
DA:126,0
DA:136,0
DA:137,0
DA:139,0
DA:140,0
DA:143,0
DA:144,0
DA:148,0
DA:150,0
DA:151,0
DA:159,0
DA:160,0
DA:164,0
DA:165,0
DA:169,0
DA:170,0
DA:174,0
DA:175,0
DA:182,0
DA:185,0
DA:186,0
DA:187,0
DA:190,0
DA:191,0
DA:196,0
DA:199,0
DA:208,0
DA:209,0
DA:210,0
DA:214,0
DA:221,0
DA:222,0
DA:232,0
DA:233,0
DA:235,0
DA:236,0
DA:240,0
DA:249,0
DA:255,0
DA:256,0
DA:266,0
DA:267,0
DA:269,0
DA:270,0
DA:273,0
DA:275,0
DA:276,0
DA:279,0
DA:284,0
DA:285,0
DA:295,0
DA:296,0
DA:297,0
DA:299,0
DA:300,0
DA:303,0
DA:304,0
DA:308,0
DA:310,0
DA:311,0
DA:315,0
DA:323,0
DA:328,0
DA:329,0
DA:339,0
DA:340,0
DA:342,0
DA:343,0
DA:347,0
DA:349,0
DA:350,0
DA:354,0
DA:356,0
DA:361,0
DA:362,0
DA:372,0
DA:373,0
DA:374,0
DA:376,0
DA:381,0
DA:382,0
DA:387,0
LF:123
LH:0
BRDA:21,0,0,0
BRDA:21,0,1,0
BRDA:21,1,0,0
BRDA:21,1,1,0
BRDA:28,2,0,0
BRDA:28,2,1,0
BRDA:54,3,0,0
BRDA:54,3,1,0
BRDA:64,4,0,0
BRDA:64,4,1,0
BRDA:69,5,0,0
BRDA:69,5,1,0
BRDA:114,6,0,0
BRDA:114,6,1,0
BRDA:114,7,0,0
BRDA:114,7,1,0
BRDA:139,8,0,0
BRDA:139,8,1,0
BRDA:143,9,0,0
BRDA:143,9,1,0
BRDA:143,10,0,0
BRDA:143,10,1,0
BRDA:150,11,0,0
BRDA:150,11,1,0
BRDA:164,12,0,0
BRDA:164,12,1,0
BRDA:169,13,0,0
BRDA:169,13,1,0
BRDA:193,14,0,0
BRDA:193,14,1,0
BRDA:203,15,0,0
BRDA:203,15,1,0
BRDA:208,16,0,0
BRDA:208,16,1,0
BRDA:235,17,0,0
BRDA:235,17,1,0
BRDA:235,18,0,0
BRDA:235,18,1,0
BRDA:269,19,0,0
BRDA:269,19,1,0
BRDA:275,20,0,0
BRDA:275,20,1,0
BRDA:299,21,0,0
BRDA:299,21,1,0
BRDA:303,22,0,0
BRDA:303,22,1,0
BRDA:303,23,0,0
BRDA:303,23,1,0
BRDA:310,24,0,0
BRDA:310,24,1,0
BRDA:325,25,0,0
BRDA:325,25,1,0
BRDA:342,26,0,0
BRDA:342,26,1,0
BRDA:349,27,0,0
BRDA:349,27,1,0
BRDA:358,28,0,0
BRDA:358,28,1,0
BRF:58
BRH:0
end_of_record
TN:
SF:src/controllers/ExternalDataController.js
FN:17,(anonymous_0)
FN:42,(anonymous_1)
FN:73,(anonymous_2)
FN:103,(anonymous_3)
FN:128,(anonymous_4)
FN:159,(anonymous_5)
FNF:6
FNH:0
FNDA:0,(anonymous_0)
FNDA:0,(anonymous_1)
FNDA:0,(anonymous_2)
FNDA:0,(anonymous_3)
FNDA:0,(anonymous_4)
FNDA:0,(anonymous_5)
DA:10,0
DA:11,0
DA:19,0
DA:34,0
DA:43,0
DA:44,0
DA:46,0
DA:54,0
DA:55,0
DA:59,0
DA:61,0
DA:63,0
DA:64,0
DA:74,0
DA:75,0
DA:77,0
DA:84,0
DA:85,0
DA:89,0
DA:91,0
DA:93,0
DA:94,0
DA:104,0
DA:105,0
DA:107,0
DA:114,0
DA:116,0
DA:118,0
DA:119,0
DA:129,0
DA:130,0
DA:132,0
DA:140,0
DA:141,0
DA:145,0
DA:147,0
DA:149,0
DA:150,0
DA:160,0
DA:161,0
DA:163,0
DA:171,0
DA:173,0
DA:175,0
DA:176,0
DA:181,0
LF:46
LH:0
BRDA:50,0,0,0
BRDA:50,0,1,0
BRDA:54,1,0,0
BRDA:54,1,1,0
BRDA:54,2,0,0
BRDA:54,2,1,0
BRDA:84,3,0,0
BRDA:84,3,1,0
BRDA:108,4,0,0
BRDA:108,4,1,0
BRDA:140,5,0,0
BRDA:140,5,1,0
BRDA:140,6,0,0
BRDA:140,6,1,0
BRF:14
BRH:0
end_of_record
TN:
SF:src/controllers/FeedbackController.js
FN:16,(anonymous_0)
FN:28,(anonymous_1)
FN:63,(anonymous_2)
FN:93,(anonymous_3)
FN:118,(anonymous_4)
FN:145,(anonymous_5)
FN:171,(anonymous_6)
FNF:7
FNH:0
FNDA:0,(anonymous_0)
FNDA:0,(anonymous_1)
FNDA:0,(anonymous_2)
FNDA:0,(anonymous_3)
FNDA:0,(anonymous_4)
FNDA:0,(anonymous_5)
FNDA:0,(anonymous_6)
DA:9,0
DA:10,0
DA:18,0
DA:20,0
DA:29,0
DA:30,0
DA:33,0
DA:39,0
DA:40,0
DA:44,0
DA:46,0
DA:48,0
DA:50,0
DA:51,0
DA:54,0
DA:64,0
DA:65,0
DA:68,0
DA:74,0
DA:75,0
DA:79,0
DA:81,0
DA:83,0
DA:84,0
DA:94,0
DA:95,0
DA:98,0
DA:104,0
DA:106,0
DA:108,0
DA:109,0
DA:119,0
DA:120,0
DA:123,0
DA:126,0
DA:127,0
DA:131,0
DA:133,0
DA:135,0
DA:136,0
DA:146,0
DA:147,0
DA:149,0
DA:152,0
DA:154,0
DA:156,0
DA:158,0
DA:159,0
DA:162,0
DA:172,0
DA:173,0
DA:174,0
DA:176,0
DA:179,0
DA:185,0
DA:187,0
DA:189,0
DA:191,0
DA:192,0
DA:195,0
DA:196,0
DA:199,0
DA:204,0
LF:63
LH:0
BRDA:39,0,0,0
BRDA:39,0,1,0
BRDA:39,1,0,0
BRDA:39,1,1,0
BRDA:39,1,2,0
BRDA:50,2,0,0
BRDA:50,2,1,0
BRDA:74,3,0,0
BRDA:74,3,1,0
BRDA:74,4,0,0
BRDA:74,4,1,0
BRDA:74,4,2,0
BRDA:99,5,0,0
BRDA:99,5,1,0
BRDA:126,6,0,0
BRDA:126,6,1,0
BRDA:126,7,0,0
BRDA:126,7,1,0
BRDA:126,7,2,0
BRDA:158,8,0,0
BRDA:158,8,1,0
BRDA:191,9,0,0
BRDA:191,9,1,0
BRDA:195,10,0,0
BRDA:195,10,1,0
BRF:25
BRH:0
end_of_record
TN:
SF:src/controllers/FlightDataController.js
FN:12,(anonymous_0)
FN:62,(anonymous_1)
FN:82,(anonymous_2)
FN:108,(anonymous_3)
FNF:4
FNH:0
FNDA:0,(anonymous_0)
FNDA:0,(anonymous_1)
FNDA:0,(anonymous_2)
FNDA:0,(anonymous_3)
DA:1,0
DA:13,0
DA:27,0
DA:30,0
DA:44,0
DA:50,0
DA:52,0
DA:53,0
DA:63,0
DA:64,0
DA:65,0
DA:66,0
DA:68,0
DA:69,0
DA:70,0
DA:72,0
DA:83,0
DA:84,0
DA:87,0
DA:94,0
DA:96,0
DA:98,0
DA:99,0
DA:109,0
DA:110,0
DA:113,0
DA:115,0
DA:118,0
DA:119,0
DA:127,0
DA:132,0
DA:133,0
DA:138,0
LF:33
LH:0
BRDA:15,0,0,0
BRDA:16,1,0,0
BRDA:17,2,0,0
BRDA:18,3,0,0
BRDA:34,4,0,0
BRDA:34,4,1,0
BRDA:35,5,0,0
BRDA:35,5,1,0
BRDA:36,6,0,0
BRDA:36,6,1,0
BRDA:37,7,0,0
BRDA:37,7,1,0
BRDA:40,8,0,0
BRDA:40,8,1,0
BRDA:69,9,0,0
BRDA:69,9,1,0
BRDA:90,10,0,0
BRDA:90,10,1,0
BRDA:113,11,0,0
BRDA:113,11,1,0
BRDA:113,12,0,0
BRDA:113,12,1,0
BRF:22
BRH:0
end_of_record
TN:
SF:src/controllers/FlightScheduleController.js
FN:17,(anonymous_0)
FN:75,(anonymous_1)
FN:112,(anonymous_2)
FN:167,(anonymous_3)
FN:259,(anonymous_4)
FN:329,(anonymous_5)
FN:376,(anonymous_6)
FN:426,(anonymous_7)
FN:466,(anonymous_8)
FN:513,(anonymous_9)
FN:539,(anonymous_10)
FNF:11
FNH:0
FNDA:0,(anonymous_0)
FNDA:0,(anonymous_1)
FNDA:0,(anonymous_2)
FNDA:0,(anonymous_3)
FNDA:0,(anonymous_4)
FNDA:0,(anonymous_5)
FNDA:0,(anonymous_6)
FNDA:0,(anonymous_7)
FNDA:0,(anonymous_8)
FNDA:0,(anonymous_9)
FNDA:0,(anonymous_10)
DA:1,0
DA:4,0
DA:10,0
DA:18,0
DA:19,0
DA:20,0
DA:22,0
DA:23,0
DA:29,0
DA:34,0
DA:43,0
DA:48,0
DA:51,0
DA:52,0
DA:53,0
DA:57,0
DA:76,0
DA:77,0
DA:80,0
DA:81,0
DA:85,0
DA:86,0
DA:92,0
DA:97,0
DA:98,0
DA:113,0
DA:114,0
DA:117,0
DA:118,0
DA:123,0
DA:124,0
DA:128,0
DA:129,0
DA:132,0
DA:135,0
DA:136,0
DA:137,0
DA:139,0
DA:141,0
DA:152,0
DA:153,0
DA:168,0
DA:169,0
DA:170,0
DA:173,0
DA:174,0
DA:178,0
DA:179,0
DA:186,0
DA:203,0
DA:204,0
DA:207,0
DA:208,0
DA:212,0
DA:213,0
DA:216,0
DA:219,0
DA:223,0
DA:224,0
DA:227,0
DA:228,0
DA:231,0
DA:233,0
DA:244,0
DA:245,0
DA:260,0
DA:261,0
DA:262,0
DA:265,0
DA:266,0
DA:270,0
DA:271,0
DA:278,0
DA:292,0
DA:293,0
DA:296,0
DA:299,0
DA:303,0
DA:314,0
DA:315,0
DA:330,0
DA:331,0
DA:332,0
DA:335,0
DA:336,0
DA:340,0
DA:341,0
DA:348,0
DA:360,0
DA:361,0
DA:364,0
DA:365,0
DA:369,0
DA:372,0
DA:376,0
DA:382,0
DA:384,0
DA:385,0
DA:387,0
DA:393,0
DA:394,0
DA:395,0
DA:399,0
DA:400,0
DA:404,0
DA:406,0
DA:411,0
DA:412,0
DA:427,0
DA:428,0
DA:429,0
DA:432,0
DA:433,0
DA:437,0
DA:438,0
DA:445,0
DA:450,0
DA:451,0
DA:454,0
DA:455,0
DA:458,0
DA:459,0
DA:463,0
DA:466,0
DA:467,0
DA:470,0
DA:479,0
DA:484,0
DA:486,0
DA:493,0
DA:498,0
DA:499,0
DA:514,0
DA:515,0
DA:517,0
DA:519,0
DA:524,0
DA:525,0
DA:540,0
DA:541,0
DA:542,0
DA:545,0
DA:547,0
DA:548,0
DA:555,0
DA:556,0
DA:563,0
DA:564,0
DA:570,0
DA:575,0
DA:576,0
DA:585,0
LF:152
LH:0
BRDA:22,0,0,0
BRDA:22,0,1,0
BRDA:22,1,0,0
BRDA:22,1,1,0
BRDA:30,2,0,0
BRDA:30,2,1,0
BRDA:31,3,0,0
BRDA:31,3,1,0
BRDA:37,4,0,0
BRDA:37,4,1,0
BRDA:38,5,0,0
BRDA:38,5,1,0
BRDA:39,6,0,0
BRDA:39,6,1,0
BRDA:51,7,0,0
BRDA:51,7,1,0
BRDA:52,8,0,0
BRDA:52,8,1,0
BRDA:52,9,0,0
BRDA:52,9,1,0
BRDA:61,10,0,0
BRDA:61,10,1,0
BRDA:85,11,0,0
BRDA:85,11,1,0
BRDA:114,12,0,0
BRDA:114,13,0,0
BRDA:123,14,0,0
BRDA:123,14,1,0
BRDA:136,15,0,0
BRDA:136,15,1,0
BRDA:170,16,0,0
BRDA:170,17,0,0
BRDA:178,18,0,0
BRDA:178,18,1,0
BRDA:203,19,0,0
BRDA:203,19,1,0
BRDA:207,20,0,0
BRDA:207,20,1,0
BRDA:223,21,0,0
BRDA:223,21,1,0
BRDA:227,22,0,0
BRDA:227,22,1,0
BRDA:262,23,0,0
BRDA:262,24,0,0
BRDA:270,25,0,0
BRDA:270,25,1,0
BRDA:332,26,0,0
BRDA:340,27,0,0
BRDA:340,27,1,0
BRDA:360,28,0,0
BRDA:360,28,1,0
BRDA:364,29,0,0
BRDA:364,29,1,0
BRDA:375,30,0,0
BRDA:375,30,1,0
BRDA:387,31,0,0
BRDA:387,31,1,0
BRDA:437,32,0,0
BRDA:437,32,1,0
BRDA:450,33,0,0
BRDA:450,33,1,0
BRDA:454,34,0,0
BRDA:454,34,1,0
BRDA:458,35,0,0
BRDA:458,35,1,0
BRDA:470,36,0,0
BRDA:470,36,1,0
BRDA:470,37,0,0
BRDA:470,37,1,0
BRDA:474,38,0,0
BRDA:474,38,1,0
BRDA:474,39,0,0
BRDA:474,39,1,0
BRDA:547,40,0,0
BRDA:547,40,1,0
BRDA:563,41,0,0
BRDA:563,41,1,0
BRF:77
BRH:0
end_of_record
TN:
SF:src/controllers/FlightUploadController.js
FN:12,(anonymous_0)
FN:80,(anonymous_1)
FN:104,(anonymous_2)
FN:191,(anonymous_3)
FN:243,(anonymous_4)
FN:284,(anonymous_5)
FN:309,(anonymous_6)
FN:343,(anonymous_7)
FN:371,(anonymous_8)
FN:394,(anonymous_9)
FN:425,(anonymous_10)
FN:504,(anonymous_11)
FN:524,(anonymous_12)
FNF:13
FNH:0
FNDA:0,(anonymous_0)
FNDA:0,(anonymous_1)
FNDA:0,(anonymous_2)
FNDA:0,(anonymous_3)
FNDA:0,(anonymous_4)
FNDA:0,(anonymous_5)
FNDA:0,(anonymous_6)
FNDA:0,(anonymous_7)
FNDA:0,(anonymous_8)
FNDA:0,(anonymous_9)
FNDA:0,(anonymous_10)
FNDA:0,(anonymous_11)
FNDA:0,(anonymous_12)
DA:1,0
DA:2,0
DA:3,0
DA:4,0
DA:13,0
DA:14,0
DA:20,0
DA:21,0
DA:24,0
DA:25,0
DA:27,0
DA:35,0
DA:36,0
DA:40,0
DA:41,0
DA:42,0
DA:46,0
DA:47,0
DA:48,0
DA:52,0
DA:53,0
DA:54,0
DA:56,0
DA:58,0
DA:60,0
DA:61,0
DA:63,0
DA:64,0
DA:67,0
DA:69,0
DA:70,0
DA:77,0
DA:80,0
DA:81,0
DA:84,0
DA:90,0
DA:91,0
DA:94,0
DA:95,0
DA:105,0
DA:106,0
DA:112,0
DA:114,0
DA:115,0
DA:116,0
DA:120,0
DA:121,0
DA:125,0
DA:126,0
DA:127,0
DA:130,0
DA:132,0
DA:133,0
DA:135,0
DA:137,0
DA:138,0
DA:141,0
DA:142,0
DA:146,0
DA:147,0
DA:150,0
DA:151,0
DA:152,0
DA:155,0
DA:156,0
DA:157,0
DA:168,0
DA:169,0
DA:176,0
DA:177,0
DA:180,0
DA:181,0
DA:182,0
DA:192,0
DA:193,0
DA:194,0
DA:197,0
DA:199,0
DA:200,0
DA:203,0
DA:204,0
DA:207,0
DA:208,0
DA:210,0
DA:211,0
DA:215,0
DA:216,0
DA:217,0
DA:221,0
DA:222,0
DA:225,0
DA:227,0
DA:233,0
DA:234,0
DA:244,0
DA:245,0
DA:247,0
DA:248,0
DA:251,0
DA:254,0
DA:255,0
DA:257,0
DA:258,0
DA:259,0
DA:262,0
DA:271,0
DA:272,0
DA:273,0
DA:278,0
DA:280,0
DA:281,0
DA:284,0
DA:285,0
DA:288,0
DA:295,0
DA:296,0
DA:299,0
DA:300,0
DA:310,0
DA:311,0
DA:313,0
DA:314,0
DA:318,0
DA:319,0
DA:321,0
DA:322,0
DA:326,0
DA:328,0
DA:333,0
DA:334,0
DA:344,0
DA:345,0
DA:347,0
DA:348,0
DA:352,0
DA:353,0
DA:355,0
DA:356,0
DA:359,0
DA:361,0
DA:362,0
DA:372,0
DA:373,0
DA:375,0
DA:376,0
DA:378,0
DA:379,0
DA:382,0
DA:384,0
DA:385,0
DA:395,0
DA:396,0
DA:397,0
DA:399,0
DA:400,0
DA:409,0
DA:410,0
DA:413,0
DA:415,0
DA:416,0
DA:426,0
DA:427,0
DA:428,0
DA:430,0
DA:437,0
DA:438,0
DA:441,0
DA:444,0
DA:446,0
DA:447,0
DA:448,0
DA:451,0
DA:457,0
DA:458,0
DA:459,0
DA:463,0
DA:464,0
DA:465,0
DA:467,0
DA:473,0
DA:474,0
DA:475,0
DA:480,0
DA:486,0
DA:488,0
DA:489,0
DA:492,0
DA:494,0
DA:495,0
DA:505,0
DA:506,0
DA:507,0
DA:509,0
DA:514,0
DA:515,0
DA:525,0
DA:526,0
DA:528,0
DA:529,0
DA:532,0
DA:533,0
DA:535,0
DA:541,0
DA:542,0
DA:547,0
LF:205
LH:0
BRDA:16,0,0,0
BRDA:16,0,1,0
BRDA:20,1,0,0
BRDA:20,1,1,0
BRDA:20,2,0,0
BRDA:20,2,1,0
BRDA:30,3,0,0
BRDA:30,3,1,0
BRDA:35,4,0,0
BRDA:35,4,1,0
BRDA:41,5,0,0
BRDA:41,5,1,0
BRDA:47,6,0,0
BRDA:47,6,1,0
BRDA:72,7,0,0
BRDA:72,7,1,0
BRDA:108,8,0,0
BRDA:108,8,1,0
BRDA:114,9,0,0
BRDA:114,9,1,0
BRDA:114,10,0,0
BRDA:114,10,1,0
BRDA:114,10,2,0
BRDA:114,10,3,0
BRDA:120,11,0,0
BRDA:120,11,1,0
BRDA:126,12,0,0
BRDA:126,12,1,0
BRDA:137,13,0,0
BRDA:137,13,1,0
BRDA:141,14,0,0
BRDA:141,14,1,0
BRDA:147,15,0,0
BRDA:147,15,1,0
BRDA:160,16,0,0
BRDA:160,16,1,0
BRDA:164,17,0,0
BRDA:164,17,1,0
BRDA:193,18,0,0
BRDA:193,18,1,0
BRDA:193,19,0,0
BRDA:193,19,1,0
BRDA:199,20,0,0
BRDA:199,20,1,0
BRDA:199,21,0,0
BRDA:199,21,1,0
BRDA:199,21,2,0
BRDA:210,22,0,0
BRDA:210,22,1,0
BRDA:216,23,0,0
BRDA:216,23,1,0
BRDA:247,24,0,0
BRDA:247,24,1,0
BRDA:257,25,0,0
BRDA:257,25,1,0
BRDA:271,26,0,0
BRDA:271,26,1,0
BRDA:313,27,0,0
BRDA:313,27,1,0
BRDA:321,28,0,0
BRDA:321,28,1,0
BRDA:347,29,0,0
BRDA:347,29,1,0
BRDA:355,30,0,0
BRDA:355,30,1,0
BRDA:378,31,0,0
BRDA:378,31,1,0
BRDA:397,32,0,0
BRDA:397,33,0,0
BRDA:409,34,0,0
BRDA:409,34,1,0
BRDA:432,35,0,0
BRDA:432,35,1,0
BRDA:437,36,0,0
BRDA:437,36,1,0
BRDA:437,37,0,0
BRDA:437,37,1,0
BRDA:437,37,2,0
BRDA:437,37,3,0
BRDA:446,38,0,0
BRDA:446,38,1,0
BRDA:457,39,0,0
BRDA:457,39,1,0
BRDA:463,40,0,0
BRDA:463,40,1,0
BRDA:468,41,0,0
BRDA:468,41,1,0
BRDA:469,42,0,0
BRDA:469,42,1,0
BRDA:470,43,0,0
BRDA:470,43,1,0
BRDA:473,44,0,0
BRDA:473,44,1,0
BRDA:473,45,0,0
BRDA:473,45,1,0
BRDA:488,46,0,0
BRDA:488,46,1,0
BRDA:528,47,0,0
BRDA:528,47,1,0
BRF:99
BRH:0
end_of_record
TN:
SF:src/controllers/FlightValidationController.js
FN:10,(anonymous_0)
FN:33,(anonymous_1)
FN:52,(anonymous_2)
FN:75,(anonymous_3)
FN:106,(anonymous_4)
FN:137,(anonymous_5)
FNF:6
FNH:0
FNDA:0,(anonymous_0)
FNDA:0,(anonymous_1)
FNDA:0,(anonymous_2)
FNDA:0,(anonymous_3)
FNDA:0,(anonymous_4)
FNDA:0,(anonymous_5)
DA:1,0
DA:2,0
DA:11,0
DA:12,0
DA:15,0
DA:16,0
DA:18,0
DA:19,0
DA:22,0
DA:23,0
DA:30,0
DA:33,0
DA:34,0
DA:37,0
DA:42,0
DA:43,0
DA:53,0
DA:54,0
DA:56,0
DA:57,0
DA:59,0
DA:60,0
DA:63,0
DA:65,0
DA:66,0
DA:76,0
DA:77,0
DA:78,0
DA:80,0
DA:82,0
DA:90,0
DA:91,0
DA:94,0
DA:96,0
DA:97,0
DA:107,0
DA:108,0
DA:109,0
DA:111,0
DA:113,0
DA:121,0
DA:122,0
DA:125,0
DA:127,0
DA:128,0
DA:138,0
DA:139,0
DA:140,0
DA:143,0
DA:144,0
DA:147,0
DA:148,0
DA:149,0
DA:153,0
DA:154,0
DA:156,0
DA:157,0
DA:160,0
DA:163,0
DA:169,0
DA:170,0
DA:174,0
DA:175,0
DA:176,0
DA:179,0
DA:181,0
DA:182,0
DA:184,0
DA:187,0
DA:188,0
DA:189,0
DA:190,0
DA:192,0
DA:196,0
DA:197,0
DA:198,0
DA:199,0
DA:202,0
DA:203,0
DA:206,0
DA:207,0
DA:211,0
DA:212,0
DA:217,0
DA:221,0
DA:224,0
DA:225,0
DA:230,0
LF:88
LH:0
BRDA:18,0,0,0
BRDA:18,0,1,0
BRDA:22,1,0,0
BRDA:22,1,1,0
BRDA:59,2,0,0
BRDA:59,2,1,0
BRDA:78,3,0,0
BRDA:78,4,0,0
BRDA:78,5,0,0
BRDA:78,6,0,0
BRDA:90,7,0,0
BRDA:90,7,1,0
BRDA:109,8,0,0
BRDA:109,9,0,0
BRDA:109,10,0,0
BRDA:109,11,0,0
BRDA:121,12,0,0
BRDA:121,12,1,0
BRDA:140,13,0,0
BRDA:140,14,0,0
BRDA:140,15,0,0
BRDA:143,16,0,0
BRDA:143,16,1,0
BRDA:144,17,0,0
BRDA:144,17,1,0
BRDA:148,18,0,0
BRDA:148,18,1,0
BRDA:156,19,0,0
BRDA:156,19,1,0
BRDA:169,20,0,0
BRDA:169,20,1,0
BRDA:169,21,0,0
BRDA:169,21,1,0
BRDA:175,22,0,0
BRDA:175,22,1,0
BRDA:175,23,0,0
BRDA:175,23,1,0
BRDA:179,24,0,0
BRDA:179,24,1,0
BRDA:179,24,2,0
BRDA:179,24,3,0
BRDA:187,25,0,0
BRDA:187,25,1,0
BRDA:187,26,0,0
BRDA:187,26,1,0
BRDA:189,27,0,0
BRDA:189,27,1,0
BRDA:189,28,0,0
BRDA:189,28,1,0
BRDA:206,29,0,0
BRDA:206,29,1,0
BRDA:211,30,0,0
BRDA:211,30,1,0
BRF:53
BRH:0
end_of_record
TN:
SF:src/controllers/GroundHandlingAgentController.js
FN:12,(anonymous_0)
FN:73,(anonymous_1)
FN:94,(anonymous_2)
FN:115,(anonymous_3)
FN:136,(anonymous_4)
FN:162,(anonymous_5)
FN:189,(anonymous_6)
FN:215,(anonymous_7)
FN:243,(anonymous_8)
FN:265,(anonymous_9)
FN:288,(anonymous_10)
FNF:11
FNH:0
FNDA:0,(anonymous_0)
FNDA:0,(anonymous_1)
FNDA:0,(anonymous_2)
FNDA:0,(anonymous_3)
FNDA:0,(anonymous_4)
FNDA:0,(anonymous_5)
FNDA:0,(anonymous_6)
FNDA:0,(anonymous_7)
FNDA:0,(anonymous_8)
FNDA:0,(anonymous_9)
FNDA:0,(anonymous_10)
DA:1,0
DA:13,0
DA:14,0
DA:16,0
DA:27,0
DA:29,0
DA:30,0
DA:31,0
DA:33,0
DA:34,0
DA:37,0
DA:38,0
DA:39,0
DA:41,0
DA:53,0
DA:54,0
DA:57,0
DA:58,0
DA:59,0
DA:61,0
DA:62,0
DA:64,0
DA:74,0
DA:75,0
DA:76,0
DA:78,0
DA:79,0
DA:82,0
DA:84,0
DA:85,0
DA:95,0
DA:96,0
DA:98,0
DA:99,0
DA:102,0
DA:103,0
DA:105,0
DA:106,0
DA:116,0
DA:117,0
DA:119,0
DA:120,0
DA:123,0
DA:124,0
DA:126,0
DA:127,0
DA:137,0
DA:138,0
DA:141,0
DA:142,0
DA:145,0
DA:150,0
DA:152,0
DA:153,0
DA:163,0
DA:164,0
DA:165,0
DA:168,0
DA:170,0
DA:171,0
DA:175,0
DA:177,0
DA:179,0
DA:180,0
DA:190,0
DA:191,0
DA:194,0
DA:196,0
DA:197,0
DA:201,0
DA:203,0
DA:205,0
DA:206,0
DA:216,0
DA:217,0
DA:219,0
DA:220,0
DA:223,0
DA:225,0
DA:233,0
DA:234,0
DA:244,0
DA:245,0
DA:247,0
DA:248,0
DA:251,0
DA:253,0
DA:255,0
DA:256,0
DA:266,0
DA:267,0
DA:268,0
DA:270,0
DA:276,0
DA:278,0
DA:279,0
DA:289,0
DA:290,0
DA:292,0
DA:294,0
DA:296,0
DA:297,0
DA:302,0
LF:103
LH:0
BRDA:21,0,0,0
BRDA:21,0,1,0
BRDA:22,1,0,0
BRDA:22,1,1,0
BRDA:58,2,0,0
BRDA:58,2,1,0
BRDA:61,3,0,0
BRDA:61,3,1,0
BRDA:78,4,0,0
BRDA:78,4,1,0
BRDA:98,5,0,0
BRDA:98,5,1,0
BRDA:119,6,0,0
BRDA:119,6,1,0
BRDA:141,7,0,0
BRDA:141,7,1,0
BRDA:170,8,0,0
BRDA:170,8,1,0
BRDA:196,9,0,0
BRDA:196,9,1,0
BRDA:219,10,0,0
BRDA:219,10,1,0
BRDA:247,11,0,0
BRDA:247,11,1,0
BRDA:247,12,0,0
BRDA:247,12,1,0
BRF:26
BRH:0
end_of_record
TN:
SF:src/controllers/ProactiveInsightsController.js
FN:18,(anonymous_0)
FN:33,(anonymous_1)
FN:53,(anonymous_2)
FN:58,(anonymous_3)
FN:65,(anonymous_4)
FN:80,(anonymous_5)
FN:105,(anonymous_6)
FN:147,(anonymous_7)
FNF:8
FNH:0
FNDA:0,(anonymous_0)
FNDA:0,(anonymous_1)
FNDA:0,(anonymous_2)
FNDA:0,(anonymous_3)
FNDA:0,(anonymous_4)
FNDA:0,(anonymous_5)
FNDA:0,(anonymous_6)
FNDA:0,(anonymous_7)
DA:9,0
DA:10,0
DA:11,0
DA:12,0
DA:20,0
DA:25,0
DA:34,0
DA:35,0
DA:37,0
DA:48,0
DA:51,0
DA:52,0
DA:53,0
DA:57,0
DA:58,0
DA:62,0
DA:65,0
DA:68,0
DA:70,0
DA:71,0
DA:81,0
DA:82,0
DA:84,0
DA:87,0
DA:89,0
DA:90,0
DA:93,0
DA:95,0
DA:96,0
DA:106,0
DA:107,0
DA:108,0
DA:110,0
DA:113,0
DA:114,0
DA:115,0
DA:119,0
DA:126,0
DA:127,0
DA:130,0
DA:137,0
DA:138,0
DA:148,0
DA:149,0
DA:150,0
DA:151,0
DA:152,0
DA:154,0
DA:157,0
DA:167,0
DA:169,0
DA:170,0
DA:175,0
LF:53
LH:0
BRDA:41,0,0,0
BRDA:41,0,1,0
BRDA:44,1,0,0
BRDA:44,1,1,0
BRDA:52,2,0,0
BRDA:52,2,1,0
BRDA:57,3,0,0
BRDA:57,3,1,0
BRDA:89,4,0,0
BRDA:89,4,1,0
BRDA:114,5,0,0
BRDA:114,5,1,0
BRDA:126,6,0,0
BRDA:126,6,1,0
BRDA:151,7,0,0
BRDA:151,7,1,0
BRF:16
BRH:0
end_of_record
TN:
SF:src/controllers/ScenarioController.js
FN:19,(anonymous_0)
FN:94,(anonymous_1)
FN:135,(anonymous_2)
FN:169,(anonymous_3)
FN:211,(anonymous_4)
FN:223,(anonymous_5)
FN:282,(anonymous_6)
FNF:7
FNH:0
FNDA:0,(anonymous_0)
FNDA:0,(anonymous_1)
FNDA:0,(anonymous_2)
FNDA:0,(anonymous_3)
FNDA:0,(anonymous_4)
FNDA:0,(anonymous_5)
FNDA:0,(anonymous_6)
DA:6,0
DA:7,0
DA:10,0
DA:20,0
DA:21,0
DA:23,0
DA:24,0
DA:30,0
DA:31,0
DA:38,0
DA:40,0
DA:41,0
DA:48,0
DA:59,0
DA:61,0
DA:64,0
DA:67,0
DA:70,0
DA:72,0
DA:79,0
DA:80,0
DA:95,0
DA:96,0
DA:99,0
DA:104,0
DA:105,0
DA:108,0
DA:109,0
DA:113,0
DA:115,0
DA:120,0
DA:121,0
DA:136,0
DA:137,0
DA:140,0
DA:142,0
DA:143,0
DA:149,0
DA:154,0
DA:155,0
DA:170,0
DA:171,0
DA:172,0
DA:175,0
DA:177,0
DA:178,0
DA:186,0
DA:194,0
DA:196,0
DA:198,0
DA:200,0
DA:203,0
DA:212,0
DA:215,0
DA:224,0
DA:227,0
DA:237,0
DA:244,0
DA:247,0
DA:255,0
DA:259,0
DA:267,0
DA:268,0
DA:283,0
DA:284,0
DA:287,0
DA:289,0
DA:290,0
DA:297,0
DA:299,0
DA:300,0
DA:304,0
DA:306,0
DA:310,0
DA:314,0
DA:327,0
DA:335,0
DA:336,0
DA:345,0
LF:79
LH:0
BRDA:23,0,0,0
BRDA:23,0,1,0
BRDA:30,1,0,0
BRDA:30,1,1,0
BRDA:40,2,0,0
BRDA:40,2,1,0
BRDA:50,3,0,0
BRDA:50,3,1,0
BRDA:59,4,0,0
BRDA:59,4,1,0
BRDA:59,5,0,0
BRDA:59,5,1,0
BRDA:61,6,0,0
BRDA:61,6,1,0
BRDA:104,7,0,0
BRDA:104,7,1,0
BRDA:108,8,0,0
BRDA:108,8,1,0
BRDA:142,9,0,0
BRDA:142,9,1,0
BRDA:177,10,0,0
BRDA:177,10,1,0
BRDA:196,11,0,0
BRDA:196,11,1,0
BRDA:208,12,0,0
BRDA:208,12,1,0
BRDA:289,13,0,0
BRDA:289,13,1,0
BRDA:299,14,0,0
BRDA:299,14,1,0
BRDA:304,15,0,0
BRDA:304,15,1,0
BRDA:319,16,0,0
BRDA:319,16,1,0
BRDA:319,17,0,0
BRDA:319,17,1,0
BRF:36
BRH:0
end_of_record
TN:
SF:src/controllers/VoiceInterfaceController.js
FN:14,(anonymous_0)
FN:58,(anonymous_1)
FN:90,(anonymous_2)
FN:124,(anonymous_3)
FN:147,(anonymous_4)
FN:175,(anonymous_5)
FN:198,(anonymous_6)
FNF:7
FNH:0
FNDA:0,(anonymous_0)
FNDA:0,(anonymous_1)
FNDA:0,(anonymous_2)
FNDA:0,(anonymous_3)
FNDA:0,(anonymous_4)
FNDA:0,(anonymous_5)
FNDA:0,(anonymous_6)
DA:8,0
DA:9,0
DA:14,0
DA:15,0
DA:24,0
DA:27,0
DA:28,0
DA:35,0
DA:45,0
DA:47,0
DA:48,0
DA:58,0
DA:59,0
DA:60,0
DA:63,0
DA:64,0
DA:71,0
DA:77,0
DA:79,0
DA:80,0
DA:90,0
DA:91,0
DA:92,0
DA:95,0
DA:96,0
DA:103,0
DA:111,0
DA:113,0
DA:114,0
DA:124,0
DA:125,0
DA:126,0
DA:129,0
DA:134,0
DA:136,0
DA:137,0
DA:147,0
DA:148,0
DA:149,0
DA:152,0
DA:153,0
DA:160,0
DA:162,0
DA:164,0
DA:165,0
DA:175,0
DA:176,0
DA:177,0
DA:180,0
DA:185,0
DA:187,0
DA:188,0
DA:198,0
DA:199,0
DA:201,0
DA:203,0
DA:208,0
DA:209,0
LF:58
LH:0
BRDA:27,0,0,0
BRDA:27,0,1,0
BRDA:63,1,0,0
BRDA:63,1,1,0
BRDA:95,2,0,0
BRDA:95,2,1,0
BRDA:152,3,0,0
BRDA:152,3,1,0
BRF:8
BRH:0
end_of_record
TN:
SF:src/controllers/airportConfigController.js
FN:12,getAirportConfig
FN:27,updateAirportConfig
FN:54,getAirlineTerminalAllocations
FN:69,addAirlineTerminalAllocation
FN:122,updateAirlineTerminalAllocation
FN:183,deleteAirlineTerminalAllocation
FNF:6
FNH:0
FNDA:0,getAirportConfig
FNDA:0,updateAirportConfig
FNDA:0,getAirlineTerminalAllocations
FNDA:0,addAirlineTerminalAllocation
FNDA:0,updateAirlineTerminalAllocation
FNDA:0,deleteAirlineTerminalAllocation
DA:7,0
DA:13,0
DA:14,0
DA:15,0
DA:20,0
DA:28,0
DA:29,0
DA:31,0
DA:32,0
DA:38,0
DA:42,0
DA:47,0
DA:55,0
DA:56,0
DA:57,0
DA:62,0
DA:70,0
DA:71,0
DA:74,0
DA:75,0
DA:78,0
DA:79,0
DA:82,0
DA:83,0
DA:87,0
DA:88,0
DA:94,0
DA:96,0
DA:102,0
DA:108,0
DA:109,0
DA:114,0
DA:115,0
DA:123,0
DA:124,0
DA:125,0
DA:128,0
DA:129,0
DA:132,0
DA:133,0
DA:136,0
DA:137,0
DA:141,0
DA:142,0
DA:148,0
DA:150,0
DA:156,0
DA:157,0
DA:163,0
DA:169,0
DA:170,0
DA:175,0
DA:176,0
DA:184,0
DA:185,0
DA:186,0
DA:188,0
DA:189,0
DA:195,0
DA:200,0
DA:204,0
LF:61
LH:0
BRDA:31,0,0,0
BRDA:31,0,1,0
BRDA:74,1,0,0
BRDA:74,1,1,0
BRDA:74,2,0,0
BRDA:74,2,1,0
BRDA:74,2,2,0
BRDA:78,3,0,0
BRDA:78,3,1,0
BRDA:78,4,0,0
BRDA:78,4,1,0
BRDA:78,4,2,0
BRDA:82,5,0,0
BRDA:82,5,1,0
BRDA:82,6,0,0
BRDA:82,6,1,0
BRDA:82,6,2,0
BRDA:87,7,0,0
BRDA:87,7,1,0
BRDA:87,8,0,0
BRDA:87,8,1,0
BRDA:108,9,0,0
BRDA:108,9,1,0
BRDA:128,10,0,0
BRDA:128,10,1,0
BRDA:128,11,0,0
BRDA:128,11,1,0
BRDA:128,11,2,0
BRDA:132,12,0,0
BRDA:132,12,1,0
BRDA:132,13,0,0
BRDA:132,13,1,0
BRDA:132,13,2,0
BRDA:136,14,0,0
BRDA:136,14,1,0
BRDA:136,15,0,0
BRDA:136,15,1,0
BRDA:136,15,2,0
BRDA:141,16,0,0
BRDA:141,16,1,0
BRDA:141,17,0,0
BRDA:141,17,1,0
BRDA:156,18,0,0
BRDA:156,18,1,0
BRDA:169,19,0,0
BRDA:169,19,1,0
BRDA:188,20,0,0
BRDA:188,20,1,0
BRF:48
BRH:0
end_of_record
TN:
SF:src/controllers/capacityController.js
FN:15,calculateCapacity
FN:42,(anonymous_1)
FN:61,(anonymous_2)
FN:74,(anonymous_3)
FN:105,(anonymous_4)
FN:106,(anonymous_5)
FN:141,getCapacitySettings
FN:172,getCapacityImpactAnalysis
FNF:8
FNH:0
FNDA:0,calculateCapacity
FNDA:0,(anonymous_1)
FNDA:0,(anonymous_2)
FNDA:0,(anonymous_3)
FNDA:0,(anonymous_4)
FNDA:0,(anonymous_5)
FNDA:0,getCapacitySettings
FNDA:0,getCapacityImpactAnalysis
DA:5,0
DA:6,0
DA:7,0
DA:8,0
DA:16,0
DA:17,0
DA:20,0
DA:23,0
DA:24,0
DA:25,0
DA:32,0
DA:39,0
DA:42,0
DA:43,0
DA:45,0
DA:48,0
DA:55,0
DA:56,0
DA:57,0
DA:58,0
DA:61,0
DA:62,0
DA:64,0
DA:67,0
DA:68,0
DA:69,0
DA:73,0
DA:74,0
DA:80,0
DA:83,0
DA:84,0
DA:85,0
DA:89,0
DA:97,0
DA:98,0
DA:101,0
DA:104,0
DA:105,0
DA:106,0
DA:107,0
DA:110,0
DA:113,0
DA:114,0
DA:115,0
DA:116,0
DA:117,0
DA:118,0
DA:121,0
DA:127,0
DA:128,0
DA:142,0
DA:144,0
DA:147,0
DA:155,0
DA:157,0
DA:158,0
DA:173,0
DA:174,0
DA:177,0
DA:178,0
DA:184,0
DA:185,0
DA:186,0
DA:192,0
DA:193,0
DA:194,0
DA:195,0
DA:199,0
DA:200,0
DA:206,0
DA:212,0
DA:221,0
DA:222,0
DA:226,0
LF:74
LH:0
BRDA:20,0,0,0
BRDA:20,0,1,0
BRDA:24,1,0,0
BRDA:24,1,1,0
BRDA:43,2,0,0
BRDA:43,2,1,0
BRDA:62,3,0,0
BRDA:62,3,1,0
BRDA:113,4,0,0
BRDA:113,4,1,0
BRDA:130,5,0,0
BRDA:130,5,1,0
BRDA:131,6,0,0
BRDA:131,6,1,0
BRDA:160,7,0,0
BRDA:160,7,1,0
BRDA:177,8,0,0
BRDA:177,8,1,0
BRDA:177,9,0,0
BRDA:177,9,1,0
BRDA:185,10,0,0
BRDA:185,10,1,0
BRDA:185,11,0,0
BRDA:185,11,1,0
BRDA:194,12,0,0
BRDA:194,12,1,0
BRDA:194,13,0,0
BRDA:194,13,1,0
BRDA:199,14,0,0
BRDA:199,14,1,0
BRF:30
BRH:0
end_of_record
TN:
SF:src/controllers/maintenanceController.js
FN:7,(anonymous_0)
FN:16,(anonymous_1)
FN:28,(anonymous_2)
FN:37,(anonymous_3)
FN:52,(anonymous_4)
FN:70,(anonymous_5)
FN:114,(anonymous_6)
FN:124,(anonymous_7)
FN:133,(anonymous_8)
FN:150,(anonymous_9)
FN:159,(anonymous_10)
FN:176,(anonymous_11)
FNF:12
FNH:0
FNDA:0,(anonymous_0)
FNDA:0,(anonymous_1)
FNDA:0,(anonymous_2)
FNDA:0,(anonymous_3)
FNDA:0,(anonymous_4)
FNDA:0,(anonymous_5)
FNDA:0,(anonymous_6)
FNDA:0,(anonymous_7)
FNDA:0,(anonymous_8)
FNDA:0,(anonymous_9)
FNDA:0,(anonymous_10)
FNDA:0,(anonymous_11)
DA:1,0
DA:2,0
DA:3,0
DA:4,0
DA:7,0
DA:8,0
DA:9,0
DA:10,0
DA:12,0
DA:16,0
DA:17,0
DA:18,0
DA:19,0
DA:20,0
DA:22,0
DA:24,0
DA:28,0
DA:29,0
DA:30,0
DA:31,0
DA:33,0
DA:37,0
DA:38,0
DA:39,0
DA:41,0
DA:42,0
DA:44,0
DA:46,0
DA:48,0
DA:52,0
DA:53,0
DA:54,0
DA:55,0
DA:56,0
DA:59,0
DA:60,0
DA:62,0
DA:64,0
DA:66,0
DA:70,0
DA:71,0
DA:72,0
DA:73,0
DA:75,0
DA:76,0
DA:80,0
DA:82,0
DA:85,0
DA:86,0
DA:97,0
DA:98,0
DA:99,0
DA:100,0
DA:102,0
DA:104,0
DA:107,0
DA:109,0
DA:114,0
DA:115,0
DA:116,0
DA:117,0
DA:119,0
DA:124,0
DA:125,0
DA:126,0
DA:127,0
DA:129,0
DA:133,0
DA:134,0
DA:135,0
DA:137,0
DA:138,0
DA:139,0
DA:141,0
DA:143,0
DA:145,0
DA:150,0
DA:151,0
DA:152,0
DA:153,0
DA:155,0
DA:159,0
DA:160,0
DA:161,0
DA:162,0
DA:163,0
DA:165,0
DA:166,0
DA:168,0
DA:176,0
DA:177,0
DA:178,0
DA:179,0
DA:181,0
DA:184,0
DA:185,0
DA:186,0
DA:189,0
DA:190,0
DA:191,0
DA:193,0
DA:197,0
DA:203,0
DA:205,0
DA:206,0
LF:105
LH:0
BRDA:19,0,0,0
BRDA:19,0,1,0
BRDA:55,1,0,0
BRDA:55,1,1,0
BRDA:75,2,0,0
BRDA:75,2,1,0
BRDA:85,3,0,0
BRDA:85,3,1,0
BRDA:99,4,0,0
BRDA:99,4,1,0
BRDA:138,5,0,0
BRDA:138,5,1,0
BRDA:162,6,0,0
BRDA:162,6,1,0
BRDA:162,7,0,0
BRDA:162,7,1,0
BRDA:185,8,0,0
BRDA:185,8,1,0
BRDA:189,9,0,0
BRDA:189,9,1,0
BRDA:199,10,0,0
BRDA:199,10,1,0
BRDA:200,11,0,0
BRDA:200,11,1,0
BRF:24
BRH:0
end_of_record
TN:
SF:src/controllers/agent/AgentController.js
FN:20,(anonymous_0)
FN:44,(anonymous_1)
FN:81,(anonymous_2)
FN:91,(anonymous_3)
FN:121,(anonymous_4)
FN:144,(anonymous_5)
FN:182,(anonymous_6)
FN:218,(anonymous_7)
FNF:8
FNH:8
FNDA:2,(anonymous_0)
FNDA:1,(anonymous_1)
FNDA:2,(anonymous_2)
FNDA:2,(anonymous_3)
FNDA:1,(anonymous_4)
FNDA:1,(anonymous_5)
FNDA:1,(anonymous_6)
FNDA:1,(anonymous_7)
DA:1,1
DA:2,1
DA:3,1
DA:9,1
DA:21,2
DA:22,2
DA:23,2
DA:27,2
DA:29,1
DA:34,1
DA:35,1
DA:45,1
DA:46,1
DA:47,1
DA:51,1
DA:52,1
DA:55,1
DA:56,0
DA:59,1
DA:65,0
DA:66,0
DA:68,0
DA:71,0
DA:72,0
DA:82,2
DA:83,2
DA:86,2
DA:88,2
DA:91,2
DA:101,1
DA:111,1
DA:112,1
DA:122,1
DA:123,1
DA:127,1
DA:129,1
DA:134,0
DA:135,0
DA:145,1
DA:146,1
DA:147,1
DA:151,1
DA:152,1
DA:154,1
DA:160,0
DA:161,0
DA:163,0
DA:164,0
DA:166,0
DA:167,0
DA:169,0
DA:172,0
DA:173,0
DA:183,1
DA:184,1
DA:185,1
DA:186,1
DA:190,1
DA:191,1
DA:193,1
DA:199,0
DA:200,0
DA:202,0
DA:203,0
DA:205,0
DA:208,0
DA:209,0
DA:219,1
DA:220,1
DA:221,1
DA:225,1
DA:226,1
DA:228,1
DA:229,0
DA:233,1
DA:234,0
DA:237,1
DA:242,0
DA:243,0
DA:248,1
LF:80
LH:52
BRDA:23,0,0,2
BRDA:23,0,1,0
BRDA:47,1,0,1
BRDA:47,1,1,0
BRDA:55,2,0,0
BRDA:55,2,1,1
BRDA:65,3,0,0
BRDA:65,3,1,0
BRDA:83,4,0,2
BRDA:83,4,1,0
BRDA:86,5,0,2
BRDA:86,5,1,0
BRDA:96,6,0,2
BRDA:96,6,1,0
BRDA:97,7,0,1
BRDA:97,7,1,1
BRDA:147,8,0,1
BRDA:147,8,1,0
BRDA:160,9,0,0
BRDA:160,9,1,0
BRDA:163,10,0,0
BRDA:163,10,1,0
BRDA:166,11,0,0
BRDA:166,11,1,0
BRDA:186,12,0,1
BRDA:186,12,1,0
BRDA:199,13,0,0
BRDA:199,13,1,0
BRDA:202,14,0,0
BRDA:202,14,1,0
BRDA:221,15,0,1
BRDA:221,15,1,0
BRDA:228,16,0,0
BRDA:228,16,1,1
BRDA:233,17,0,0
BRDA:233,17,1,1
BRF:36
BRH:13
end_of_record
TN:
SF:src/controllers/agent/InsightsController.js
FN:13,(anonymous_0)
FN:64,(anonymous_1)
FN:97,(anonymous_2)
FN:129,(anonymous_3)
FN:193,(anonymous_4)
FN:245,(anonymous_5)
FN:305,(anonymous_6)
FNF:7
FNH:0
FNDA:0,(anonymous_0)
FNDA:0,(anonymous_1)
FNDA:0,(anonymous_2)
FNDA:0,(anonymous_3)
FNDA:0,(anonymous_4)
FNDA:0,(anonymous_5)
FNDA:0,(anonymous_6)
DA:1,0
DA:2,0
DA:14,0
DA:15,0
DA:16,0
DA:18,0
DA:19,0
DA:25,0
DA:26,0
DA:33,0
DA:34,0
DA:38,0
DA:46,0
DA:51,0
DA:52,0
DA:65,0
DA:66,0
DA:67,0
DA:69,0
DA:70,0
DA:72,0
DA:79,0
DA:84,0
DA:85,0
DA:98,0
DA:99,0
DA:100,0
DA:102,0
DA:103,0
DA:109,0
DA:111,0
DA:116,0
DA:117,0
DA:130,0
DA:131,0
DA:132,0
DA:133,0
DA:135,0
DA:136,0
DA:143,0
DA:144,0
DA:146,0
DA:147,0
DA:154,0
DA:155,0
DA:162,0
DA:163,0
DA:168,0
DA:175,0
DA:180,0
DA:181,0
DA:194,0
DA:195,0
DA:196,0
DA:198,0
DA:199,0
DA:206,0
DA:207,0
DA:209,0
DA:210,0
DA:217,0
DA:218,0
DA:225,0
DA:227,0
DA:232,0
DA:233,0
DA:246,0
DA:247,0
DA:248,0
DA:249,0
DA:251,0
DA:252,0
DA:258,0
DA:259,0
DA:266,0
DA:267,0
DA:269,0
DA:270,0
DA:277,0
DA:278,0
DA:285,0
DA:287,0
DA:292,0
DA:293,0
DA:306,0
DA:307,0
DA:308,0
DA:310,0
DA:311,0
DA:317,0
DA:318,0
DA:325,0
DA:326,0
DA:328,0
DA:329,0
DA:336,0
DA:337,0
DA:344,0
DA:346,0
DA:351,0
DA:352,0
DA:360,0
LF:102
LH:0
BRDA:16,0,0,0
BRDA:16,0,1,0
BRDA:18,1,0,0
BRDA:18,1,1,0
BRDA:25,2,0,0
BRDA:25,2,1,0
BRDA:34,3,0,0
BRDA:34,3,1,0
BRDA:34,4,0,0
BRDA:34,4,1,0
BRDA:66,5,0,0
BRDA:66,5,1,0
BRDA:69,6,0,0
BRDA:69,6,1,0
BRDA:70,7,0,0
BRDA:70,7,1,0
BRDA:100,8,0,0
BRDA:100,8,1,0
BRDA:102,9,0,0
BRDA:102,9,1,0
BRDA:133,10,0,0
BRDA:133,10,1,0
BRDA:135,11,0,0
BRDA:135,11,1,0
BRDA:146,12,0,0
BRDA:146,12,1,0
BRDA:154,13,0,0
BRDA:154,13,1,0
BRDA:163,14,0,0
BRDA:163,14,1,0
BRDA:163,15,0,0
BRDA:163,15,1,0
BRDA:169,16,0,0
BRDA:169,16,1,0
BRDA:171,17,0,0
BRDA:171,17,1,0
BRDA:196,18,0,0
BRDA:196,18,1,0
BRDA:198,19,0,0
BRDA:198,19,1,0
BRDA:209,20,0,0
BRDA:209,20,1,0
BRDA:217,21,0,0
BRDA:217,21,1,0
BRDA:249,22,0,0
BRDA:249,22,1,0
BRDA:251,23,0,0
BRDA:251,23,1,0
BRDA:258,24,0,0
BRDA:258,24,1,0
BRDA:269,25,0,0
BRDA:269,25,1,0
BRDA:277,26,0,0
BRDA:277,26,1,0
BRDA:308,27,0,0
BRDA:308,27,1,0
BRDA:310,28,0,0
BRDA:310,28,1,0
BRDA:317,29,0,0
BRDA:317,29,1,0
BRDA:328,30,0,0
BRDA:328,30,1,0
BRDA:336,31,0,0
BRDA:336,31,1,0
BRF:64
BRH:0
end_of_record
TN:
SF:src/controllers/agent/ReasoningController.js
FN:19,(anonymous_0)
FN:50,(anonymous_1)
FN:61,(anonymous_2)
FN:83,(anonymous_3)
FN:152,(anonymous_4)
FN:167,(anonymous_5)
FN:185,(anonymous_6)
FN:201,(anonymous_7)
FN:202,(anonymous_8)
FN:209,(anonymous_9)
FN:245,(anonymous_10)
FN:260,(anonymous_11)
FN:270,(anonymous_12)
FN:282,(anonymous_13)
FN:283,(anonymous_14)
FN:284,(anonymous_15)
FN:310,(anonymous_16)
FN:359,(anonymous_17)
FNF:18
FNH:0
FNDA:0,(anonymous_0)
FNDA:0,(anonymous_1)
FNDA:0,(anonymous_2)
FNDA:0,(anonymous_3)
FNDA:0,(anonymous_4)
FNDA:0,(anonymous_5)
FNDA:0,(anonymous_6)
FNDA:0,(anonymous_7)
FNDA:0,(anonymous_8)
FNDA:0,(anonymous_9)
FNDA:0,(anonymous_10)
FNDA:0,(anonymous_11)
FNDA:0,(anonymous_12)
FNDA:0,(anonymous_13)
FNDA:0,(anonymous_14)
FNDA:0,(anonymous_15)
FNDA:0,(anonymous_16)
FNDA:0,(anonymous_17)
DA:7,0
DA:8,0
DA:9,0
DA:10,0
DA:11,0
DA:12,0
DA:13,0
DA:14,0
DA:19,0
DA:20,0
DA:21,0
DA:24,0
DA:26,0
DA:27,0
DA:34,0
DA:39,0
DA:40,0
DA:50,0
DA:51,0
DA:52,0
DA:55,0
DA:59,0
DA:61,0
DA:72,0
DA:73,0
DA:83,0
DA:84,0
DA:85,0
DA:86,0
DA:88,0
DA:89,0
DA:97,0
DA:98,0
DA:99,0
DA:101,0
DA:102,0
DA:105,0
DA:109,0
DA:112,0
DA:119,0
DA:133,0
DA:141,0
DA:142,0
DA:152,0
DA:153,0
DA:154,0
DA:157,0
DA:159,0
DA:160,0
DA:167,0
DA:169,0
DA:170,0
DA:177,0
DA:184,0
DA:185,0
DA:192,0
DA:199,0
DA:202,0
DA:203,0
DA:208,0
DA:209,0
DA:221,0
DA:225,0
DA:234,0
DA:235,0
DA:245,0
DA:246,0
DA:247,0
DA:250,0
DA:252,0
DA:253,0
DA:260,0
DA:262,0
DA:263,0
DA:270,0
DA:272,0
DA:273,0
DA:280,0
DA:281,0
DA:282,0
DA:284,0
DA:285,0
DA:288,0
DA:290,0
DA:299,0
DA:300,0
DA:310,0
DA:311,0
DA:312,0
DA:313,0
DA:314,0
DA:317,0
DA:318,0
DA:325,0
DA:327,0
DA:328,0
DA:335,0
DA:343,0
DA:348,0
DA:349,0
DA:359,0
DA:360,0
DA:361,0
DA:364,0
DA:366,0
DA:367,0
DA:374,0
DA:375,0
DA:382,0
DA:393,0
DA:397,0
DA:402,0
DA:403,0
LF:113
LH:0
BRDA:26,0,0,0
BRDA:26,0,1,0
BRDA:65,1,0,0
BRDA:65,1,1,0
BRDA:88,2,0,0
BRDA:88,2,1,0
BRDA:97,3,0,0
BRDA:97,3,1,0
BRDA:129,4,0,0
BRDA:129,4,1,0
BRDA:159,5,0,0
BRDA:159,5,1,0
BRDA:169,6,0,0
BRDA:169,6,1,0
BRDA:184,7,0,0
BRDA:184,7,1,0
BRDA:203,8,0,0
BRDA:203,8,1,0
BRDA:252,9,0,0
BRDA:252,9,1,0
BRDA:262,10,0,0
BRDA:262,10,1,0
BRDA:272,11,0,0
BRDA:272,11,1,0
BRDA:280,12,0,0
BRDA:280,12,1,0
BRDA:285,13,0,0
BRDA:285,13,1,0
BRDA:317,14,0,0
BRDA:317,14,1,0
BRDA:317,15,0,0
BRDA:317,15,1,0
BRDA:317,15,2,0
BRDA:327,16,0,0
BRDA:327,16,1,0
BRDA:339,17,0,0
BRDA:339,17,1,0
BRDA:340,18,0,0
BRDA:340,18,1,0
BRDA:366,19,0,0
BRDA:366,19,1,0
BRDA:374,20,0,0
BRDA:374,20,1,0
BRDA:374,21,0,0
BRDA:374,21,1,0
BRF:45
BRH:0
end_of_record
TN:
SF:src/controllers/agent/ScenarioController.js
FN:22,(anonymous_0)
FN:80,(anonymous_1)
FN:90,(anonymous_2)
FN:135,(anonymous_3)
FN:188,(anonymous_4)
FN:221,(anonymous_5)
FN:247,(anonymous_6)
FN:270,(anonymous_7)
FN:290,(anonymous_8)
FN:337,(anonymous_9)
FN:372,(anonymous_10)
FN:392,(anonymous_11)
FN:439,(anonymous_12)
FN:445,(anonymous_13)
FN:460,(anonymous_14)
FN:482,(anonymous_15)
FN:525,(anonymous_16)
FNF:17
FNH:0
FNDA:0,(anonymous_0)
FNDA:0,(anonymous_1)
FNDA:0,(anonymous_2)
FNDA:0,(anonymous_3)
FNDA:0,(anonymous_4)
FNDA:0,(anonymous_5)
FNDA:0,(anonymous_6)
FNDA:0,(anonymous_7)
FNDA:0,(anonymous_8)
FNDA:0,(anonymous_9)
FNDA:0,(anonymous_10)
FNDA:0,(anonymous_11)
FNDA:0,(anonymous_12)
FNDA:0,(anonymous_13)
FNDA:0,(anonymous_14)
FNDA:0,(anonymous_15)
FNDA:0,(anonymous_16)
DA:1,0
DA:8,0
DA:9,0
DA:10,0
DA:23,0
DA:24,0
DA:25,0
DA:28,0
DA:29,0
DA:33,0
DA:39,0
DA:41,0
DA:49,0
DA:61,0
DA:69,0
DA:70,0
DA:81,0
DA:82,0
DA:83,0
DA:86,0
DA:91,0
DA:95,0
DA:96,0
DA:100,0
DA:101,0
DA:105,0
DA:122,0
DA:124,0
DA:125,0
DA:136,0
DA:137,0
DA:138,0
DA:139,0
DA:142,0
DA:144,0
DA:145,0
DA:149,0
DA:150,0
DA:154,0
DA:161,0
DA:162,0
DA:163,0
DA:164,0
DA:167,0
DA:169,0
DA:177,0
DA:178,0
DA:189,0
DA:190,0
DA:191,0
DA:194,0
DA:201,0
DA:202,0
DA:205,0
DA:208,0
DA:213,0
DA:214,0
DA:216,0
DA:217,0
DA:220,0
DA:221,0
DA:234,0
DA:236,0
DA:237,0
DA:248,0
DA:249,0
DA:250,0
DA:251,0
DA:254,0
DA:256,0
DA:257,0
DA:261,0
DA:262,0
DA:266,0
DA:269,0
DA:270,0
DA:272,0
DA:279,0
DA:280,0
DA:291,0
DA:292,0
DA:293,0
DA:296,0
DA:298,0
DA:299,0
DA:303,0
DA:304,0
DA:307,0
DA:309,0
DA:310,0
DA:314,0
DA:324,0
DA:326,0
DA:327,0
DA:338,0
DA:339,0
DA:340,0
DA:343,0
DA:344,0
DA:348,0
DA:349,0
DA:351,0
DA:352,0
DA:355,0
DA:356,0
DA:361,0
DA:371,0
DA:372,0
DA:374,0
DA:381,0
DA:382,0
DA:393,0
DA:394,0
DA:395,0
DA:398,0
DA:400,0
DA:401,0
DA:405,0
DA:406,0
DA:410,0
DA:413,0
DA:426,0
DA:428,0
DA:429,0
DA:440,0
DA:441,0
DA:444,0
DA:446,0
DA:452,0
DA:453,0
DA:457,0
DA:460,0
DA:469,0
DA:471,0
DA:472,0
DA:483,0
DA:484,0
DA:487,0
DA:489,0
DA:490,0
DA:494,0
DA:495,0
DA:499,0
DA:512,0
DA:514,0
DA:515,0
DA:526,0
DA:527,0
DA:528,0
DA:529,0
DA:532,0
DA:533,0
DA:537,0
DA:539,0
DA:540,0
DA:544,0
DA:545,0
DA:549,0
DA:550,0
DA:551,0
DA:558,0
DA:560,0
DA:572,0
DA:573,0
DA:578,0
LF:165
LH:0
BRDA:24,0,0,0
BRDA:24,1,0,0
BRDA:28,2,0,0
BRDA:28,2,1,0
BRDA:33,3,0,0
BRDA:33,3,1,0
BRDA:33,4,0,0
BRDA:33,4,1,0
BRDA:39,5,0,0
BRDA:39,5,1,0
BRDA:39,6,0,0
BRDA:39,6,1,0
BRDA:55,7,0,0
BRDA:55,7,1,0
BRDA:95,8,0,0
BRDA:95,8,1,0
BRDA:100,9,0,0
BRDA:100,9,1,0
BRDA:100,10,0,0
BRDA:100,10,1,0
BRDA:113,11,0,0
BRDA:113,11,1,0
BRDA:113,12,0,0
BRDA:113,12,1,0
BRDA:144,13,0,0
BRDA:144,13,1,0
BRDA:149,14,0,0
BRDA:149,14,1,0
BRDA:155,15,0,0
BRDA:155,15,1,0
BRDA:156,16,0,0
BRDA:156,16,1,0
BRDA:162,17,0,0
BRDA:162,17,1,0
BRDA:163,18,0,0
BRDA:163,18,1,0
BRDA:164,19,0,0
BRDA:164,19,1,0
BRDA:190,20,0,0
BRDA:190,21,0,0
BRDA:201,22,0,0
BRDA:201,22,1,0
BRDA:202,23,0,0
BRDA:202,23,1,0
BRDA:213,24,0,0
BRDA:213,24,1,0
BRDA:214,25,0,0
BRDA:214,25,1,0
BRDA:217,26,0,0
BRDA:217,26,1,0
BRDA:250,27,0,0
BRDA:256,28,0,0
BRDA:256,28,1,0
BRDA:261,29,0,0
BRDA:261,29,1,0
BRDA:261,30,0,0
BRDA:261,30,1,0
BRDA:298,31,0,0
BRDA:298,31,1,0
BRDA:303,32,0,0
BRDA:303,32,1,0
BRDA:303,33,0,0
BRDA:303,33,1,0
BRDA:309,34,0,0
BRDA:309,34,1,0
BRDA:309,35,0,0
BRDA:309,35,1,0
BRDA:339,36,0,0
BRDA:339,37,0,0
BRDA:343,38,0,0
BRDA:343,38,1,0
BRDA:343,39,0,0
BRDA:343,39,1,0
BRDA:343,39,2,0
BRDA:351,40,0,0
BRDA:351,40,1,0
BRDA:355,41,0,0
BRDA:355,41,1,0
BRDA:355,42,0,0
BRDA:355,42,1,0
BRDA:400,43,0,0
BRDA:400,43,1,0
BRDA:405,44,0,0
BRDA:405,44,1,0
BRDA:452,45,0,0
BRDA:452,45,1,0
BRDA:489,46,0,0
BRDA:489,46,1,0
BRDA:494,47,0,0
BRDA:494,47,1,0
BRDA:494,48,0,0
BRDA:494,48,1,0
BRDA:528,49,0,0
BRDA:532,50,0,0
BRDA:532,50,1,0
BRDA:532,51,0,0
BRDA:532,51,1,0
BRDA:539,52,0,0
BRDA:539,52,1,0
BRDA:544,53,0,0
BRDA:544,53,1,0
BRDA:544,54,0,0
BRDA:544,54,1,0
BRDA:550,55,0,0
BRDA:550,55,1,0
BRF:105
BRH:0
end_of_record
TN:
SF:src/controllers/agent/UserPreferenceController.js
FN:21,(anonymous_0)
FN:41,(anonymous_1)
FN:69,(anonymous_2)
FN:93,(anonymous_3)
FN:113,(anonymous_4)
FN:141,(anonymous_5)
FN:174,(anonymous_6)
FN:203,(anonymous_7)
FN:223,(anonymous_8)
FN:251,(anonymous_9)
FN:280,(anonymous_10)
FNF:11
FNH:0
FNDA:0,(anonymous_0)
FNDA:0,(anonymous_1)
FNDA:0,(anonymous_2)
FNDA:0,(anonymous_3)
FNDA:0,(anonymous_4)
FNDA:0,(anonymous_5)
FNDA:0,(anonymous_6)
FNDA:0,(anonymous_7)
FNDA:0,(anonymous_8)
FNDA:0,(anonymous_9)
FNDA:0,(anonymous_10)
DA:9,0
DA:10,0
DA:22,0
DA:23,0
DA:25,0
DA:27,0
DA:29,0
DA:31,0
DA:32,0
DA:42,0
DA:43,0
DA:44,0
DA:46,0
DA:47,0
DA:50,0
DA:52,0
DA:54,0
DA:59,0
DA:60,0
DA:70,0
DA:71,0
DA:72,0
DA:74,0
DA:76,0
DA:78,0
DA:83,0
DA:84,0
DA:94,0
DA:95,0
DA:97,0
DA:99,0
DA:101,0
DA:103,0
DA:104,0
DA:114,0
DA:115,0
DA:116,0
DA:118,0
DA:119,0
DA:122,0
DA:124,0
DA:126,0
DA:131,0
DA:132,0
DA:142,0
DA:143,0
DA:144,0
DA:145,0
DA:147,0
DA:148,0
DA:151,0
DA:152,0
DA:155,0
DA:157,0
DA:159,0
DA:164,0
DA:165,0
DA:175,0
DA:176,0
DA:177,0
DA:179,0
DA:180,0
DA:183,0
DA:185,0
DA:187,0
DA:188,0
DA:191,0
DA:193,0
DA:194,0
DA:204,0
DA:205,0
DA:207,0
DA:209,0
DA:211,0
DA:213,0
DA:214,0
DA:224,0
DA:225,0
DA:226,0
DA:228,0
DA:229,0
DA:232,0
DA:234,0
DA:236,0
DA:241,0
DA:242,0
DA:252,0
DA:253,0
DA:254,0
DA:256,0
DA:257,0
DA:260,0
DA:262,0
DA:264,0
DA:265,0
DA:268,0
DA:270,0
DA:271,0
DA:281,0
DA:282,0
DA:283,0
DA:285,0
DA:286,0
DA:289,0
DA:290,0
DA:293,0
DA:295,0
DA:297,0
DA:302,0
DA:303,0
DA:308,0
LF:111
LH:0
BRDA:46,0,0,0
BRDA:46,0,1,0
BRDA:118,1,0,0
BRDA:118,1,1,0
BRDA:118,2,0,0
BRDA:118,2,1,0
BRDA:147,3,0,0
BRDA:147,3,1,0
BRDA:151,4,0,0
BRDA:151,4,1,0
BRDA:179,5,0,0
BRDA:179,5,1,0
BRDA:187,6,0,0
BRDA:187,6,1,0
BRDA:228,7,0,0
BRDA:228,7,1,0
BRDA:228,8,0,0
BRDA:228,8,1,0
BRDA:256,9,0,0
BRDA:256,9,1,0
BRDA:264,10,0,0
BRDA:264,10,1,0
BRDA:285,11,0,0
BRDA:285,11,1,0
BRDA:289,12,0,0
BRDA:289,12,1,0
BRF:26
BRH:0
end_of_record
TN:
SF:src/controllers/agent/VisualizationController.js
FN:13,(anonymous_0)
FN:98,(anonymous_1)
FN:196,(anonymous_2)
FNF:3
FNH:0
FNDA:0,(anonymous_0)
FNDA:0,(anonymous_1)
FNDA:0,(anonymous_2)
DA:1,0
DA:2,0
DA:14,0
DA:15,0
DA:17,0
DA:18,0
DA:24,0
DA:25,0
DA:33,0
DA:35,0
DA:40,0
DA:43,0
DA:48,0
DA:51,0
DA:56,0
DA:59,0
DA:60,0
DA:66,0
DA:71,0
DA:74,0
DA:80,0
DA:85,0
DA:86,0
DA:99,0
DA:101,0
DA:176,0
DA:183,0
DA:184,0
DA:197,0
DA:198,0
DA:200,0
DA:201,0
DA:208,0
DA:209,0
DA:213,0
DA:215,0
DA:216,0
DA:226,0
DA:233,0
DA:243,0
DA:244,0
DA:252,0
LF:42
LH:0
BRDA:17,0,0,0
BRDA:17,0,1,0
BRDA:24,1,0,0
BRDA:24,1,1,0
BRDA:33,2,0,0
BRDA:33,2,1,0
BRDA:33,2,2,0
BRDA:33,2,3,0
BRDA:33,2,4,0
BRDA:37,3,0,0
BRDA:37,3,1,0
BRDA:38,4,0,0
BRDA:38,4,1,0
BRDA:45,5,0,0
BRDA:45,5,1,0
BRDA:46,6,0,0
BRDA:46,6,1,0
BRDA:53,7,0,0
BRDA:53,7,1,0
BRDA:54,8,0,0
BRDA:54,8,1,0
BRDA:59,9,0,0
BRDA:59,9,1,0
BRDA:59,10,0,0
BRDA:59,10,1,0
BRDA:69,11,0,0
BRDA:69,11,1,0
BRDA:200,12,0,0
BRDA:200,12,1,0
BRDA:209,13,0,0
BRDA:209,13,1,0
BRDA:209,14,0,0
BRDA:209,14,1,0
BRDA:213,15,0,0
BRDA:213,15,1,0
BRDA:215,16,0,0
BRDA:215,16,1,0
BRDA:215,17,0,0
BRDA:215,17,1,0
BRDA:221,18,0,0
BRDA:221,18,1,0
BRDA:238,19,0,0
BRDA:238,19,1,0
BRF:43
BRH:0
end_of_record
TN:
SF:src/middleware/auth.js
FN:18,(anonymous_0)
FNF:1
FNH:0
FNDA:0,(anonymous_0)
DA:8,0
DA:18,0
DA:20,0
DA:23,0
DA:30,0
DA:33,0
LF:6
LH:0
BRF:0
BRH:0
end_of_record
TN:
SF:src/middleware/errorHandler.js
FN:20,(anonymous_0)
FN:29,(anonymous_1)
FN:37,(anonymous_2)
FN:45,(anonymous_3)
FN:54,(anonymous_4)
FN:62,(anonymous_5)
FN:77,(anonymous_6)
FNF:7
FNH:0
FNDA:0,(anonymous_0)
FNDA:0,(anonymous_1)
FNDA:0,(anonymous_2)
FNDA:0,(anonymous_3)
FNDA:0,(anonymous_4)
FNDA:0,(anonymous_5)
FNDA:0,(anonymous_6)
DA:14,1
DA:21,0
DA:22,0
DA:23,0
DA:24,0
DA:30,0
DA:31,0
DA:32,0
DA:38,0
DA:39,0
DA:40,0
DA:46,0
DA:47,0
DA:48,0
DA:49,0
DA:55,0
DA:56,0
DA:57,0
DA:63,0
DA:64,0
DA:65,0
DA:66,0
DA:77,1
DA:79,0
DA:82,0
DA:83,0
DA:86,0
DA:87,0
DA:98,0
DA:105,0
DA:106,0
DA:110,0
DA:111,0
DA:112,0
DA:116,0
DA:117,0
DA:118,0
DA:122,0
DA:125,1
LF:39
LH:3
BRDA:20,0,0,0
BRDA:29,1,0,0
BRDA:37,2,0,0
BRDA:45,3,0,0
BRDA:45,4,0,0
BRDA:54,5,0,0
BRDA:62,6,0,0
BRDA:62,7,0,0
BRDA:82,8,0,0
BRDA:82,8,1,0
BRDA:83,9,0,0
BRDA:83,9,1,0
BRDA:86,10,0,0
BRDA:86,10,1,0
BRDA:92,11,0,0
BRDA:92,11,1,0
BRDA:105,12,0,0
BRDA:105,12,1,0
BRDA:105,13,0,0
BRDA:105,13,1,0
BRDA:110,14,0,0
BRDA:110,14,1,0
BRDA:110,15,0,0
BRDA:110,15,1,0
BRDA:116,16,0,0
BRDA:116,16,1,0
BRDA:118,17,0,0
BRDA:118,17,1,0
BRF:28
BRH:0
end_of_record
TN:
SF:src/middleware/validationMiddleware.js
FN:16,(anonymous_0)
FN:32,(anonymous_1)
FN:47,(anonymous_2)
FN:48,(anonymous_3)
FN:65,(anonymous_4)
FN:98,(anonymous_5)
FNF:6
FNH:0
FNDA:0,(anonymous_0)
FNDA:0,(anonymous_1)
FNDA:0,(anonymous_2)
FNDA:0,(anonymous_3)
FNDA:0,(anonymous_4)
FNDA:0,(anonymous_5)
DA:6,0
DA:7,0
DA:8,0
DA:16,0
DA:17,0
DA:19,0
DA:20,0
DA:23,0
DA:32,0
DA:33,0
DA:35,0
DA:36,0
DA:39,0
DA:47,0
DA:48,0
DA:49,0
DA:51,0
DA:52,0
DA:55,0
DA:65,0
DA:66,0
DA:67,0
DA:70,0
DA:71,0
DA:75,0
DA:76,0
DA:80,0
DA:81,0
DA:90,0
DA:98,0
DA:99,0
DA:100,0
DA:103,0
DA:112,0
DA:114,0
LF:35
LH:0
BRDA:19,0,0,0
BRDA:19,0,1,0
BRDA:35,1,0,0
BRDA:35,1,1,0
BRDA:51,2,0,0
BRDA:51,2,1,0
BRDA:66,3,0,0
BRDA:66,3,1,0
BRDA:67,4,0,0
BRDA:67,4,1,0
BRDA:70,5,0,0
BRDA:70,5,1,0
BRDA:70,6,0,0
BRDA:70,6,1,0
BRDA:70,6,2,0
BRDA:75,7,0,0
BRDA:75,7,1,0
BRDA:75,8,0,0
BRDA:75,8,1,0
BRDA:99,9,0,0
BRDA:99,9,1,0
BRF:21
BRH:0
end_of_record
TN:
SF:src/models/Action.js
FN:12,(anonymous_0)
FN:16,(anonymous_1)
FN:20,(anonymous_2)
FN:54,(anonymous_3)
FN:93,(anonymous_4)
FN:106,(anonymous_5)
FN:121,(anonymous_6)
FN:139,(anonymous_7)
FN:147,(anonymous_8)
FN:156,(anonymous_9)
FN:165,(anonymous_10)
FNF:11
FNH:0
FNDA:0,(anonymous_0)
FNDA:0,(anonymous_1)
FNDA:0,(anonymous_2)
FNDA:0,(anonymous_3)
FNDA:0,(anonymous_4)
FNDA:0,(anonymous_5)
FNDA:0,(anonymous_6)
FNDA:0,(anonymous_7)
FNDA:0,(anonymous_8)
FNDA:0,(anonymous_9)
FNDA:0,(anonymous_10)
DA:8,0
DA:9,0
DA:13,0
DA:17,0
DA:21,0
DA:55,0
DA:94,0
DA:97,0
DA:98,0
DA:107,0
DA:108,0
DA:111,0
DA:112,0
DA:113,0
DA:114,0
DA:115,0
DA:123,0
DA:124,0
DA:128,0
DA:129,0
DA:130,0
DA:131,0
DA:135,0
DA:140,0
DA:148,0
DA:157,0
DA:166,0
DA:168,0
DA:169,0
DA:172,0
DA:180,0
DA:185,0
DA:187,0
LF:33
LH:0
BRDA:97,0,0,0
BRDA:97,0,1,0
BRDA:111,1,0,0
BRDA:111,1,1,0
BRDA:111,2,0,0
BRDA:111,2,1,0
BRDA:112,3,0,0
BRDA:112,3,1,0
BRDA:112,4,0,0
BRDA:112,4,1,0
BRDA:114,5,0,0
BRDA:114,5,1,0
BRDA:114,6,0,0
BRDA:114,6,1,0
BRDA:114,6,2,0
BRDA:123,7,0,0
BRDA:123,7,1,0
BRDA:130,8,0,0
BRDA:130,8,1,0
BRDA:160,9,0,0
BRDA:160,9,1,0
BRDA:168,10,0,0
BRDA:168,10,1,0
BRF:23
BRH:0
end_of_record
TN:
SF:src/models/AircraftType.js
FN:4,(anonymous_0)
FN:8,(anonymous_1)
FN:28,(anonymous_2)
FN:43,(anonymous_3)
FN:48,(anonymous_4)
FNF:5
FNH:0
FNDA:0,(anonymous_0)
FNDA:0,(anonymous_1)
FNDA:0,(anonymous_2)
FNDA:0,(anonymous_3)
FNDA:0,(anonymous_4)
DA:1,0
DA:5,0
DA:9,0
DA:29,0
DA:31,0
DA:44,0
DA:45,0
DA:49,0
DA:53,0
LF:9
LH:0
BRF:0
BRH:0
end_of_record
TN:
SF:src/models/Airline.js
FN:4,(anonymous_0)
FN:8,(anonymous_1)
FN:34,(anonymous_2)
FN:38,(anonymous_3)
FN:42,(anonymous_4)
FN:54,(anonymous_5)
FN:59,(anonymous_6)
FN:67,(anonymous_7)
FN:72,(anonymous_8)
FNF:9
FNH:0
FNDA:0,(anonymous_0)
FNDA:0,(anonymous_1)
FNDA:0,(anonymous_2)
FNDA:0,(anonymous_3)
FNDA:0,(anonymous_4)
FNDA:0,(anonymous_5)
FNDA:0,(anonymous_6)
FNDA:0,(anonymous_7)
FNDA:0,(anonymous_8)
DA:1,0
DA:5,0
DA:9,0
DA:35,0
DA:39,0
DA:43,0
DA:45,0
DA:46,0
DA:47,0
DA:48,0
DA:51,0
DA:55,0
DA:56,0
DA:59,0
DA:60,0
DA:68,0
DA:69,0
DA:73,0
DA:77,0
LF:19
LH:0
BRDA:42,0,0,0
BRDA:43,1,0,0
BRDA:43,1,1,0
BRDA:45,2,0,0
BRDA:45,2,1,0
BRDA:47,3,0,0
BRDA:47,3,1,0
BRDA:55,4,0,0
BRDA:55,4,1,0
BRF:9
BRH:0
end_of_record
TN:
SF:src/models/Airport.js
FN:4,(anonymous_0)
FN:8,(anonymous_1)
FN:46,(anonymous_2)
FN:50,(anonymous_3)
FN:54,(anonymous_4)
FN:58,(anonymous_5)
FN:63,(anonymous_6)
FN:72,(anonymous_7)
FN:101,(anonymous_8)
FNF:9
FNH:0
FNDA:0,(anonymous_0)
FNDA:0,(anonymous_1)
FNDA:0,(anonymous_2)
FNDA:0,(anonymous_3)
FNDA:0,(anonymous_4)
FNDA:0,(anonymous_5)
FNDA:0,(anonymous_6)
FNDA:0,(anonymous_7)
FNDA:0,(anonymous_8)
DA:1,0
DA:5,0
DA:9,0
DA:47,0
DA:51,0
DA:55,0
DA:59,0
DA:60,0
DA:63,0
DA:64,0
DA:74,0
DA:76,0
DA:103,0
DA:105,0
DA:123,0
LF:15
LH:0
BRDA:59,0,0,0
BRDA:59,0,1,0
BRF:2
BRH:0
end_of_record
TN:
SF:src/models/Approval.js
FN:11,(anonymous_0)
FN:15,(anonymous_1)
FN:19,(anonymous_2)
FN:41,(anonymous_3)
FN:54,(anonymous_4)
FN:65,(anonymous_5)
FN:76,(anonymous_6)
FN:82,(anonymous_7)
FN:96,(anonymous_8)
FN:109,(anonymous_9)
FNF:10
FNH:0
FNDA:0,(anonymous_0)
FNDA:0,(anonymous_1)
FNDA:0,(anonymous_2)
FNDA:0,(anonymous_3)
FNDA:0,(anonymous_4)
FNDA:0,(anonymous_5)
FNDA:0,(anonymous_6)
FNDA:0,(anonymous_7)
FNDA:0,(anonymous_8)
FNDA:0,(anonymous_9)
DA:7,0
DA:8,0
DA:12,0
DA:16,0
DA:20,0
DA:42,0
DA:55,0
DA:58,0
DA:59,0
DA:60,0
DA:61,0
DA:66,0
DA:67,0
DA:70,0
DA:71,0
DA:77,0
DA:78,0
DA:83,0
DA:84,0
DA:87,0
DA:97,0
DA:98,0
DA:101,0
DA:110,0
DA:112,0
DA:119,0
LF:26
LH:0
BRDA:58,0,0,0
BRDA:58,0,1,0
BRDA:70,1,0,0
BRDA:70,1,1,0
BRDA:70,2,0,0
BRDA:70,2,1,0
BRDA:70,2,2,0
BRDA:77,3,0,0
BRDA:77,3,1,0
BRDA:82,4,0,0
BRDA:83,5,0,0
BRDA:83,5,1,0
BRDA:91,6,0,0
BRDA:91,6,1,0
BRDA:96,7,0,0
BRDA:97,8,0,0
BRDA:97,8,1,0
BRDA:104,9,0,0
BRDA:104,9,1,0
BRF:19
BRH:0
end_of_record
TN:
SF:src/models/Decision.js
FN:13,(anonymous_0)
FN:17,(anonymous_1)
FN:21,(anonymous_2)
FN:67,(anonymous_3)
FN:114,(anonymous_4)
FN:119,(anonymous_5)
FN:125,(anonymous_6)
FN:143,(anonymous_7)
FN:149,(anonymous_8)
FNF:9
FNH:0
FNDA:0,(anonymous_0)
FNDA:0,(anonymous_1)
FNDA:0,(anonymous_2)
FNDA:0,(anonymous_3)
FNDA:0,(anonymous_4)
FNDA:0,(anonymous_5)
FNDA:0,(anonymous_6)
FNDA:0,(anonymous_7)
FNDA:0,(anonymous_8)
DA:8,0
DA:9,0
DA:10,0
DA:14,0
DA:18,0
DA:22,0
DA:68,0
DA:115,0
DA:116,0
DA:120,0
DA:121,0
DA:127,0
DA:128,0
DA:132,0
DA:133,0
DA:134,0
DA:135,0
DA:139,0
DA:144,0
DA:145,0
DA:146,0
DA:149,0
DA:150,0
DA:154,0
LF:24
LH:0
BRDA:116,0,0,0
BRDA:116,0,1,0
BRDA:127,1,0,0
BRDA:127,1,1,0
BRDA:134,2,0,0
BRDA:134,2,1,0
BRDA:145,3,0,0
BRDA:145,3,1,0
BRF:8
BRH:0
end_of_record
TN:
SF:src/models/GroundHandlingAgent.js
FN:4,(anonymous_0)
FN:8,(anonymous_1)
FN:53,(anonymous_2)
FN:77,(anonymous_3)
FN:86,(anonymous_4)
FN:95,(anonymous_5)
FN:113,(anonymous_6)
FN:121,(anonymous_7)
FN:137,(anonymous_8)
FN:142,(anonymous_9)
FNF:10
FNH:0
FNDA:0,(anonymous_0)
FNDA:0,(anonymous_1)
FNDA:0,(anonymous_2)
FNDA:0,(anonymous_3)
FNDA:0,(anonymous_4)
FNDA:0,(anonymous_5)
FNDA:0,(anonymous_6)
FNDA:0,(anonymous_7)
FNDA:0,(anonymous_8)
FNDA:0,(anonymous_9)
DA:1,0
DA:5,0
DA:9,0
DA:54,0
DA:55,0
DA:78,0
DA:87,0
DA:96,0
DA:98,0
DA:114,0
DA:116,0
DA:122,0
DA:129,0
DA:138,0
DA:139,0
DA:142,0
DA:143,0
DA:152,0
LF:18
LH:0
BRDA:138,0,0,0
BRDA:138,0,1,0
BRF:2
BRH:0
end_of_record
TN:
SF:src/models/MaintenanceApproval.js
FN:5,(anonymous_0)
FN:9,(anonymous_1)
FN:29,(anonymous_2)
FN:42,(anonymous_3)
FN:48,(anonymous_4)
FNF:5
FNH:0
FNDA:0,(anonymous_0)
FNDA:0,(anonymous_1)
FNDA:0,(anonymous_2)
FNDA:0,(anonymous_3)
FNDA:0,(anonymous_4)
DA:1,0
DA:2,0
DA:6,0
DA:10,0
DA:30,0
DA:43,0
DA:44,0
DA:45,0
DA:49,0
DA:53,0
LF:10
LH:0
BRF:0
BRH:0
end_of_record
TN:
SF:src/models/MaintenanceRequest.js
FN:5,(anonymous_0)
FN:9,(anonymous_1)
FN:35,(anonymous_2)
FN:67,(anonymous_3)
FN:73,(anonymous_4)
FN:78,(anonymous_5)
FNF:6
FNH:0
FNDA:0,(anonymous_0)
FNDA:0,(anonymous_1)
FNDA:0,(anonymous_2)
FNDA:0,(anonymous_3)
FNDA:0,(anonymous_4)
FNDA:0,(anonymous_5)
DA:1,0
DA:2,0
DA:6,0
DA:10,0
DA:37,0
DA:66,0
DA:68,0
DA:74,0
DA:75,0
DA:79,0
DA:83,0
LF:11
LH:0
BRF:0
BRH:0
end_of_record
TN:
SF:src/models/MaintenanceStatusType.js
FN:5,(anonymous_0)
FN:9,(anonymous_1)
FN:23,(anonymous_2)
FN:38,(anonymous_3)
FN:43,(anonymous_4)
FN:48,(anonymous_5)
FNF:6
FNH:0
FNDA:0,(anonymous_0)
FNDA:0,(anonymous_1)
FNDA:0,(anonymous_2)
FNDA:0,(anonymous_3)
FNDA:0,(anonymous_4)
FNDA:0,(anonymous_5)
DA:1,0
DA:2,0
DA:6,0
DA:10,0
DA:24,0
DA:37,0
DA:39,0
DA:44,0
DA:45,0
DA:49,0
DA:53,0
LF:11
LH:0
BRF:0
BRH:0
end_of_record
TN:
SF:src/models/OperatingMode.js
FN:12,(anonymous_0)
FN:16,(anonymous_1)
FN:20,(anonymous_2)
FN:70,(anonymous_3)
FN:77,(anonymous_4)
FN:82,(anonymous_5)
FN:89,(anonymous_6)
FNF:7
FNH:0
FNDA:0,(anonymous_0)
FNDA:0,(anonymous_1)
FNDA:0,(anonymous_2)
FNDA:0,(anonymous_3)
FNDA:0,(anonymous_4)
FNDA:0,(anonymous_5)
FNDA:0,(anonymous_6)
DA:9,0
DA:13,0
DA:17,0
DA:21,0
DA:71,0
DA:78,0
DA:79,0
DA:83,0
DA:84,0
DA:85,0
DA:86,0
DA:90,0
DA:91,0
DA:92,0
DA:95,0
DA:96,0
DA:102,0
LF:17
LH:0
BRDA:90,0,0,0
BRDA:90,0,1,0
BRDA:95,1,0,0
BRDA:95,1,1,0
BRF:4
BRH:0
end_of_record
TN:
SF:src/models/OperationalSettings.js
FN:4,(anonymous_0)
FN:8,(anonymous_1)
FN:24,(anonymous_2)
FN:41,(anonymous_3)
FN:46,(anonymous_4)
FNF:5
FNH:0
FNDA:0,(anonymous_0)
FNDA:0,(anonymous_1)
FNDA:0,(anonymous_2)
FNDA:0,(anonymous_3)
FNDA:0,(anonymous_4)
DA:1,0
DA:5,0
DA:9,0
DA:26,0
DA:27,0
DA:29,0
DA:38,0
DA:42,0
DA:43,0
DA:47,0
DA:51,0
LF:11
LH:0
BRDA:27,0,0,0
BRDA:27,0,1,0
BRF:2
BRH:0
end_of_record
TN:
SF:src/models/OrchestrationEvent.js
FN:11,(anonymous_0)
FN:15,(anonymous_1)
FN:19,(anonymous_2)
FN:38,(anonymous_3)
FN:44,(anonymous_4)
FN:50,(anonymous_5)
FN:58,(anonymous_6)
FN:65,(anonymous_7)
FN:78,(anonymous_8)
FN:91,(anonymous_9)
FN:104,(anonymous_10)
FNF:11
FNH:0
FNDA:0,(anonymous_0)
FNDA:0,(anonymous_1)
FNDA:0,(anonymous_2)
FNDA:0,(anonymous_3)
FNDA:0,(anonymous_4)
FNDA:0,(anonymous_5)
FNDA:0,(anonymous_6)
FNDA:0,(anonymous_7)
FNDA:0,(anonymous_8)
FNDA:0,(anonymous_9)
FNDA:0,(anonymous_10)
DA:8,0
DA:12,0
DA:16,0
DA:20,0
DA:39,0
DA:45,0
DA:46,0
DA:51,0
DA:59,0
DA:66,0
DA:79,0
DA:92,0
DA:105,0
DA:107,0
DA:108,0
DA:111,0
DA:112,0
DA:115,0
DA:116,0
DA:119,0
DA:120,0
DA:123,0
DA:124,0
DA:127,0
DA:128,0
DA:131,0
DA:132,0
DA:135,0
DA:136,0
DA:139,0
DA:140,0
DA:143,0
DA:147,0
LF:33
LH:0
BRDA:46,0,0,0
BRDA:46,0,1,0
BRDA:65,1,0,0
BRDA:67,2,0,0
BRDA:67,2,1,0
BRDA:69,3,0,0
BRDA:69,3,1,0
BRDA:78,4,0,0
BRDA:80,5,0,0
BRDA:80,5,1,0
BRDA:82,6,0,0
BRDA:82,6,1,0
BRDA:91,7,0,0
BRDA:93,8,0,0
BRDA:93,8,1,0
BRDA:95,9,0,0
BRDA:95,9,1,0
BRDA:97,10,0,0
BRDA:97,10,1,0
BRDA:107,11,0,0
BRDA:107,11,1,0
BRDA:111,12,0,0
BRDA:111,12,1,0
BRDA:115,13,0,0
BRDA:115,13,1,0
BRDA:119,14,0,0
BRDA:119,14,1,0
BRDA:123,15,0,0
BRDA:123,15,1,0
BRDA:127,16,0,0
BRDA:127,16,1,0
BRDA:131,17,0,0
BRDA:131,17,1,0
BRDA:135,18,0,0
BRDA:135,18,1,0
BRDA:139,19,0,0
BRDA:139,19,1,0
BRF:37
BRH:0
end_of_record
TN:
SF:src/models/Pier.js
FN:4,(anonymous_0)
FN:8,(anonymous_1)
FN:24,(anonymous_2)
FN:50,(anonymous_3)
FN:56,(anonymous_4)
FN:62,(anonymous_5)
FNF:6
FNH:0
FNDA:0,(anonymous_0)
FNDA:0,(anonymous_1)
FNDA:0,(anonymous_2)
FNDA:0,(anonymous_3)
FNDA:0,(anonymous_4)
FNDA:0,(anonymous_5)
DA:1,0
DA:5,0
DA:9,0
DA:25,0
DA:26,0
DA:28,0
DA:49,0
DA:51,0
DA:58,0
DA:59,0
DA:64,0
DA:70,0
LF:12
LH:0
BRF:0
BRH:0
end_of_record
TN:
SF:src/models/RecurringMaintenanceSchedule.js
FN:4,(anonymous_0)
FN:8,(anonymous_1)
FN:47,(anonymous_2)
FN:71,(anonymous_3)
FN:76,(anonymous_4)
FNF:5
FNH:0
FNDA:0,(anonymous_0)
FNDA:0,(anonymous_1)
FNDA:0,(anonymous_2)
FNDA:0,(anonymous_3)
FNDA:0,(anonymous_4)
DA:1,0
DA:5,0
DA:9,0
DA:48,0
DA:49,0
DA:51,0
DA:72,0
DA:73,0
DA:77,0
DA:81,0
LF:10
LH:0
BRF:0
BRH:0
end_of_record
TN:
SF:src/models/Stand.js
FN:4,(anonymous_0)
FN:8,(anonymous_1)
FN:32,(anonymous_2)
FN:58,(anonymous_3)
FN:64,(anonymous_4)
FN:69,(anonymous_5)
FNF:6
FNH:0
FNDA:0,(anonymous_0)
FNDA:0,(anonymous_1)
FNDA:0,(anonymous_2)
FNDA:0,(anonymous_3)
FNDA:0,(anonymous_4)
FNDA:0,(anonymous_5)
DA:1,0
DA:5,0
DA:9,0
DA:33,0
DA:34,0
DA:36,0
DA:57,0
DA:59,0
DA:65,0
DA:66,0
DA:70,0
DA:74,0
LF:12
LH:0
BRF:0
BRH:0
end_of_record
TN:
SF:src/models/StandAdjacencyRule.js
FN:4,(anonymous_0)
FN:8,(anonymous_1)
FN:12,(anonymous_2)
FN:31,(anonymous_3)
FNF:4
FNH:0
FNDA:0,(anonymous_0)
FNDA:0,(anonymous_1)
FNDA:0,(anonymous_2)
FNDA:0,(anonymous_3)
DA:1,0
DA:5,0
DA:9,0
DA:13,0
DA:32,0
DA:34,0
DA:55,0
LF:7
LH:0
BRF:0
BRH:0
end_of_record
TN:
SF:src/models/SystemState.js
FN:13,(anonymous_0)
FN:17,(anonymous_1)
FN:21,(anonymous_2)
FN:122,(anonymous_3)
FN:135,(anonymous_4)
FN:141,(anonymous_5)
FN:148,(anonymous_6)
FN:156,(anonymous_7)
FNF:8
FNH:0
FNDA:0,(anonymous_0)
FNDA:0,(anonymous_1)
FNDA:0,(anonymous_2)
FNDA:0,(anonymous_3)
FNDA:0,(anonymous_4)
FNDA:0,(anonymous_5)
FNDA:0,(anonymous_6)
FNDA:0,(anonymous_7)
DA:9,0
DA:10,0
DA:14,0
DA:18,0
DA:22,0
DA:123,0
DA:136,0
DA:137,0
DA:142,0
DA:149,0
DA:157,0
DA:159,0
DA:166,0
DA:167,0
DA:168,0
DA:169,0
DA:181,0
DA:182,0
DA:183,0
DA:191,0
DA:192,0
DA:198,0
DA:199,0
DA:205,0
DA:209,0
LF:25
LH:0
BRDA:137,0,0,0
BRDA:137,0,1,0
BRDA:157,1,0,0
BRDA:157,1,1,0
BRDA:167,2,0,0
BRDA:167,2,1,0
BRDA:167,3,0,0
BRDA:167,3,1,0
BRDA:173,4,0,0
BRDA:173,4,1,0
BRDA:182,5,0,0
BRDA:182,5,1,0
BRDA:182,6,0,0
BRDA:182,6,1,0
BRDA:191,7,0,0
BRDA:191,7,1,0
BRDA:198,8,0,0
BRDA:198,8,1,0
BRF:18
BRH:0
end_of_record
TN:
SF:src/models/Terminal.js
FN:4,(anonymous_0)
FN:8,(anonymous_1)
FN:23,(anonymous_2)
FN:40,(anonymous_3)
FN:46,(anonymous_4)
FN:52,(anonymous_5)
FNF:6
FNH:0
FNDA:0,(anonymous_0)
FNDA:0,(anonymous_1)
FNDA:0,(anonymous_2)
FNDA:0,(anonymous_3)
FNDA:0,(anonymous_4)
FNDA:0,(anonymous_5)
DA:1,0
DA:5,0
DA:9,0
DA:24,0
DA:26,0
DA:39,0
DA:41,0
DA:48,0
DA:49,0
DA:54,0
DA:60,0
LF:11
LH:0
BRF:0
BRH:0
end_of_record
TN:
SF:src/models/TimeSlot.js
FN:4,(anonymous_0)
FN:8,(anonymous_1)
FN:12,(anonymous_2)
FN:33,(anonymous_3)
FN:40,(anonymous_4)
FN:50,(anonymous_5)
FN:60,(anonymous_6)
FNF:7
FNH:0
FNDA:0,(anonymous_0)
FNDA:0,(anonymous_1)
FNDA:0,(anonymous_2)
FNDA:0,(anonymous_3)
FNDA:0,(anonymous_4)
FNDA:0,(anonymous_5)
FNDA:0,(anonymous_6)
DA:1,0
DA:5,0
DA:9,0
DA:13,0
DA:34,0
DA:41,0
DA:42,0
DA:44,0
DA:51,0
DA:53,0
DA:61,0
DA:62,0
DA:63,0
DA:65,0
DA:66,0
DA:72,0
LF:16
LH:0
BRDA:61,0,0,0
BRDA:61,0,1,0
BRDA:61,1,0,0
BRDA:61,1,1,0
BRDA:65,2,0,0
BRDA:65,2,1,0
BRF:6
BRH:0
end_of_record
TN:
SF:src/models/TurnaroundRule.js
FN:4,(anonymous_0)
FN:8,(anonymous_1)
FN:12,(anonymous_2)
FN:26,(anonymous_3)
FN:42,(anonymous_4)
FN:47,(anonymous_5)
FNF:6
FNH:0
FNDA:0,(anonymous_0)
FNDA:0,(anonymous_1)
FNDA:0,(anonymous_2)
FNDA:0,(anonymous_3)
FNDA:0,(anonymous_4)
FNDA:0,(anonymous_5)
DA:1,0
DA:5,0
DA:9,0
DA:13,0
DA:28,0
DA:30,0
DA:43,0
DA:44,0
DA:48,0
DA:52,0
LF:10
LH:0
BRF:0
BRH:0
end_of_record
TN:
SF:src/models/agent/ActionProposal.js
FN:5,(anonymous_0)
FN:9,(anonymous_1)
FN:13,(anonymous_2)
FN:50,(anonymous_3)
FN:68,(anonymous_4)
FN:83,(anonymous_5)
FN:93,(anonymous_6)
FN:105,(anonymous_7)
FN:121,(anonymous_8)
FNF:9
FNH:0
FNDA:0,(anonymous_0)
FNDA:0,(anonymous_1)
FNDA:0,(anonymous_2)
FNDA:0,(anonymous_3)
FNDA:0,(anonymous_4)
FNDA:0,(anonymous_5)
FNDA:0,(anonymous_6)
FNDA:0,(anonymous_7)
FNDA:0,(anonymous_8)
DA:1,0
DA:2,0
DA:6,0
DA:10,0
DA:14,0
DA:51,0
DA:52,0
DA:55,0
DA:56,0
DA:57,0
DA:59,0
DA:60,0
DA:61,0
DA:62,0
DA:63,0
DA:64,0
DA:65,0
DA:69,0
DA:71,0
DA:84,0
DA:85,0
DA:87,0
DA:94,0
DA:95,0
DA:96,0
DA:98,0
DA:106,0
DA:107,0
DA:108,0
DA:114,0
DA:122,0
DA:126,0
LF:32
LH:0
BRDA:51,0,0,0
BRDA:51,0,1,0
BRDA:57,1,0,0
BRDA:57,1,1,0
BRDA:60,2,0,0
BRDA:60,2,1,0
BRDA:93,3,0,0
BRDA:105,4,0,0
BRDA:106,5,0,0
BRDA:106,5,1,0
BRF:10
BRH:0
end_of_record
TN:
SF:src/models/agent/Activity.js
FN:6,(anonymous_0)
FN:10,(anonymous_1)
FN:14,(anonymous_2)
FN:32,(anonymous_3)
FN:45,(anonymous_4)
FN:50,(anonymous_5)
FN:69,(anonymous_6)
FN:76,(anonymous_7)
FN:83,(anonymous_8)
FNF:9
FNH:0
FNDA:0,(anonymous_0)
FNDA:0,(anonymous_1)
FNDA:0,(anonymous_2)
FNDA:0,(anonymous_3)
FNDA:0,(anonymous_4)
FNDA:0,(anonymous_5)
FNDA:0,(anonymous_6)
FNDA:0,(anonymous_7)
FNDA:0,(anonymous_8)
DA:1,0
DA:2,0
DA:3,0
DA:7,0
DA:11,0
DA:15,0
DA:33,0
DA:46,0
DA:47,0
DA:51,0
DA:52,0
DA:64,0
DA:65,0
DA:70,0
DA:77,0
DA:84,0
DA:91,0
LF:17
LH:0
BRDA:46,0,0,0
BRDA:46,0,1,0
BRDA:69,1,0,0
BRDA:76,2,0,0
BRDA:83,3,0,0
BRF:5
BRH:0
end_of_record
TN:
SF:src/models/agent/AgentInsight.js
FN:5,(anonymous_0)
FN:9,(anonymous_1)
FN:13,(anonymous_2)
FN:33,(anonymous_3)
FN:41,(anonymous_4)
FN:56,(anonymous_5)
FN:70,(anonymous_6)
FN:81,(anonymous_7)
FN:82,(anonymous_8)
FNF:9
FNH:0
FNDA:0,(anonymous_0)
FNDA:0,(anonymous_1)
FNDA:0,(anonymous_2)
FNDA:0,(anonymous_3)
FNDA:0,(anonymous_4)
FNDA:0,(anonymous_5)
FNDA:0,(anonymous_6)
FNDA:0,(anonymous_7)
FNDA:0,(anonymous_8)
DA:1,0
DA:2,0
DA:6,0
DA:10,0
DA:14,0
DA:34,0
DA:35,0
DA:36,0
DA:37,0
DA:38,0
DA:42,0
DA:44,0
DA:57,0
DA:58,0
DA:59,0
DA:60,0
DA:62,0
DA:71,0
DA:72,0
DA:74,0
DA:78,0
DA:82,0
DA:84,0
DA:90,0
LF:24
LH:0
BRDA:34,0,0,0
BRDA:34,0,1,0
BRDA:36,1,0,0
BRDA:36,1,1,0
BRDA:37,2,0,0
BRDA:37,2,1,0
BRDA:38,3,0,0
BRDA:38,3,1,0
BRDA:56,4,0,0
BRDA:56,5,0,0
BRDA:71,6,0,0
BRDA:71,6,1,0
BRF:12
BRH:0
end_of_record
TN:
SF:src/models/agent/AgentQuery.js
FN:5,(anonymous_0)
FN:9,(anonymous_1)
FN:13,(anonymous_2)
FN:41,(anonymous_3)
FN:52,(anonymous_4)
FN:76,(anonymous_5)
FN:83,(anonymous_6)
FN:98,(anonymous_7)
FNF:8
FNH:0
FNDA:0,(anonymous_0)
FNDA:0,(anonymous_1)
FNDA:0,(anonymous_2)
FNDA:0,(anonymous_3)
FNDA:0,(anonymous_4)
FNDA:0,(anonymous_5)
FNDA:0,(anonymous_6)
FNDA:0,(anonymous_7)
DA:1,0
DA:2,0
DA:6,0
DA:10,0
DA:14,0
DA:42,0
DA:43,0
DA:44,0
DA:45,0
DA:53,0
DA:54,0
DA:56,0
DA:77,0
DA:78,0
DA:84,0
DA:85,0
DA:86,0
DA:87,0
DA:88,0
DA:90,0
DA:99,0
DA:100,0
DA:101,0
DA:103,0
DA:109,0
LF:25
LH:0
BRDA:42,0,0,0
BRDA:42,0,1,0
BRDA:44,1,0,0
BRDA:44,1,1,0
BRDA:45,2,0,0
BRDA:45,2,1,0
BRDA:83,3,0,0
BRDA:83,4,0,0
BRDA:83,5,0,0
BRF:9
BRH:0
end_of_record
TN:
SF:src/models/agent/AgentResponse.js
FN:5,(anonymous_0)
FN:9,(anonymous_1)
FN:13,(anonymous_2)
FN:50,(anonymous_3)
FN:59,(anonymous_4)
FN:92,(anonymous_5)
FN:109,(anonymous_6)
FN:117,(anonymous_7)
FNF:8
FNH:0
FNDA:0,(anonymous_0)
FNDA:0,(anonymous_1)
FNDA:0,(anonymous_2)
FNDA:0,(anonymous_3)
FNDA:0,(anonymous_4)
FNDA:0,(anonymous_5)
FNDA:0,(anonymous_6)
FNDA:0,(anonymous_7)
DA:1,0
DA:2,0
DA:6,0
DA:10,0
DA:14,0
DA:51,0
DA:52,0
DA:53,0
DA:54,0
DA:55,0
DA:56,0
DA:60,0
DA:61,0
DA:62,0
DA:64,0
DA:93,0
DA:102,0
DA:104,0
DA:110,0
DA:112,0
DA:118,0
DA:119,0
DA:121,0
DA:128,0
LF:24
LH:0
BRDA:51,0,0,0
BRDA:51,0,1,0
BRDA:53,1,0,0
BRDA:53,1,1,0
BRDA:54,2,0,0
BRDA:54,2,1,0
BRDA:92,3,0,0
BRDA:117,4,0,0
BRF:8
BRH:0
end_of_record
TN:
SF:src/models/agent/AirlineSchedulesCache.js
FN:4,(anonymous_0)
FN:8,(anonymous_1)
FN:12,(anonymous_2)
FN:58,(anonymous_3)
FN:62,(anonymous_4)
FN:74,(anonymous_5)
FN:94,(anonymous_6)
FN:100,(anonymous_7)
FNF:8
FNH:0
FNDA:0,(anonymous_0)
FNDA:0,(anonymous_1)
FNDA:0,(anonymous_2)
FNDA:0,(anonymous_3)
FNDA:0,(anonymous_4)
FNDA:0,(anonymous_5)
FNDA:0,(anonymous_6)
FNDA:0,(anonymous_7)
DA:1,0
DA:5,0
DA:9,0
DA:13,0
DA:59,0
DA:63,0
DA:65,0
DA:75,0
DA:78,0
DA:79,0
DA:82,0
DA:95,0
DA:101,0
DA:103,0
DA:110,0
LF:15
LH:0
BRDA:63,0,0,0
BRDA:63,0,1,0
BRDA:74,1,0,0
BRDA:75,2,0,0
BRDA:75,2,1,0
BRDA:101,3,0,0
BRDA:101,3,1,0
BRF:7
BRH:0
end_of_record
TN:
SF:src/models/agent/AirportCoordinates.js
FN:4,(anonymous_0)
FN:8,(anonymous_1)
FN:12,(anonymous_2)
FN:28,(anonymous_3)
FN:33,(anonymous_4)
FN:37,(anonymous_5)
FN:41,(anonymous_6)
FN:61,(anonymous_7)
FN:75,(anonymous_8)
FN:90,(anonymous_9)
FN:94,(anonymous_10)
FNF:11
FNH:0
FNDA:0,(anonymous_0)
FNDA:0,(anonymous_1)
FNDA:0,(anonymous_2)
FNDA:0,(anonymous_3)
FNDA:0,(anonymous_4)
FNDA:0,(anonymous_5)
FNDA:0,(anonymous_6)
FNDA:0,(anonymous_7)
FNDA:0,(anonymous_8)
FNDA:0,(anonymous_9)
FNDA:0,(anonymous_10)
DA:1,0
DA:5,0
DA:9,0
DA:13,0
DA:29,0
DA:30,0
DA:34,0
DA:38,0
DA:42,0
DA:64,0
DA:67,0
DA:70,0
DA:75,0
DA:77,0
DA:78,0
DA:80,0
DA:83,0
DA:84,0
DA:86,0
DA:90,0
DA:93,0
DA:94,0
DA:99,0
LF:23
LH:0
BRDA:61,0,0,0
BRDA:61,1,0,0
BRF:2
BRH:0
end_of_record
TN:
SF:src/models/agent/Comment.js
FN:6,(anonymous_0)
FN:10,(anonymous_1)
FN:14,(anonymous_2)
FN:49,(anonymous_3)
FN:86,(anonymous_4)
FN:96,(anonymous_5)
FN:103,(anonymous_6)
FN:111,(anonymous_7)
FN:120,(anonymous_8)
FN:132,(anonymous_9)
FNF:10
FNH:0
FNDA:0,(anonymous_0)
FNDA:0,(anonymous_1)
FNDA:0,(anonymous_2)
FNDA:0,(anonymous_3)
FNDA:0,(anonymous_4)
FNDA:0,(anonymous_5)
FNDA:0,(anonymous_6)
FNDA:0,(anonymous_7)
FNDA:0,(anonymous_8)
FNDA:0,(anonymous_9)
DA:1,0
DA:2,0
DA:3,0
DA:7,0
DA:11,0
DA:15,0
DA:50,0
DA:87,0
DA:88,0
DA:89,0
DA:90,0
DA:91,0
DA:92,0
DA:93,0
DA:97,0
DA:98,0
DA:99,0
DA:104,0
DA:112,0
DA:114,0
DA:121,0
DA:133,0
DA:140,0
LF:23
LH:0
BRDA:87,0,0,0
BRDA:87,0,1,0
BRDA:91,1,0,0
BRDA:91,1,1,0
BRDA:92,2,0,0
BRDA:92,2,1,0
BRDA:93,3,0,0
BRDA:93,3,1,0
BRDA:98,4,0,0
BRDA:98,4,1,0
BRF:10
BRH:0
end_of_record
TN:
SF:src/models/agent/CommentReaction.js
FN:5,(anonymous_0)
FN:9,(anonymous_1)
FN:13,(anonymous_2)
FN:26,(anonymous_3)
FN:39,(anonymous_4)
FN:43,(anonymous_5)
FN:62,(anonymous_6)
FN:74,(anonymous_7)
FN:79,(anonymous_8)
FNF:9
FNH:0
FNDA:0,(anonymous_0)
FNDA:0,(anonymous_1)
FNDA:0,(anonymous_2)
FNDA:0,(anonymous_3)
FNDA:0,(anonymous_4)
FNDA:0,(anonymous_5)
FNDA:0,(anonymous_6)
FNDA:0,(anonymous_7)
FNDA:0,(anonymous_8)
DA:1,0
DA:2,0
DA:6,0
DA:10,0
DA:14,0
DA:27,0
DA:40,0
DA:44,0
DA:45,0
DA:51,0
DA:55,0
DA:56,0
DA:58,0
DA:63,0
DA:64,0
DA:67,0
DA:69,0
DA:70,0
DA:75,0
DA:80,0
DA:88,0
LF:21
LH:0
BRDA:55,0,0,0
BRDA:55,0,1,0
BRF:2
BRH:0
end_of_record
TN:
SF:src/models/agent/ConversationContext.js
FN:5,(anonymous_0)
[...]
BRDA:453,27,0,0
BRDA:453,27,1,0
BRDA:473,28,0,0
BRDA:475,29,0,0
BRDA:475,29,1,0
BRDA:484,30,0,0
BRDA:484,30,1,0
BRDA:484,31,0,0
BRDA:484,31,1,0
BRDA:489,32,0,0
BRDA:489,32,1,0
BRDA:489,33,0,0
BRDA:489,33,1,0
BRDA:509,34,0,0
BRDA:509,34,1,0
BRDA:567,35,0,0
BRDA:567,35,1,0
BRDA:572,36,0,0
BRDA:572,36,1,0
BRF:75
BRH:0
end_of_record
TN:
SF:src/services/integration/ExternalDataConnectorService.js
FN:25,(anonymous_0)
FN:57,(anonymous_1)
FN:110,(anonymous_2)
FN:155,(anonymous_3)
FN:201,(anonymous_4)
FN:245,(anonymous_5)
FN:253,(anonymous_6)
FN:258,(anonymous_7)
FN:272,(anonymous_8)
FN:280,(anonymous_9)
FN:282,(anonymous_10)
FN:296,(anonymous_11)
FN:304,(anonymous_12)
FN:306,(anonymous_13)
FN:320,(anonymous_14)
FN:328,(anonymous_15)
FN:330,(anonymous_16)
FN:345,(anonymous_17)
FN:360,(anonymous_18)
FN:380,(anonymous_19)
FN:402,(anonymous_20)
FN:425,(anonymous_21)
FN:432,(anonymous_22)
FN:434,(anonymous_23)
FN:456,(anonymous_24)
FN:460,(anonymous_25)
FN:480,(anonymous_26)
FN:500,(anonymous_27)
FN:504,(anonymous_28)
FN:515,(anonymous_29)
FN:526,(anonymous_30)
FN:535,(anonymous_31)
FN:541,(anonymous_32)
FN:547,(anonymous_33)
FN:562,(anonymous_34)
FN:600,(anonymous_35)
FN:632,(anonymous_36)
FN:679,(anonymous_37)
FN:695,(anonymous_38)
FN:733,(anonymous_39)
FN:754,(anonymous_40)
FN:784,(anonymous_41)
FN:785,(anonymous_42)
FN:807,(anonymous_43)
FN:842,(anonymous_44)
FN:862,(anonymous_45)
FN:867,(anonymous_46)
FN:874,(anonymous_47)
FN:882,(anonymous_48)
FN:908,(anonymous_49)
FN:938,(anonymous_50)
FN:951,(anonymous_51)
FN:1005,(anonymous_52)
FN:1024,(anonymous_53)
FN:1043,(anonymous_54)
FN:1062,(anonymous_55)
FNF:56
FNH:0
FNDA:0,(anonymous_0)
FNDA:0,(anonymous_1)
FNDA:0,(anonymous_2)
FNDA:0,(anonymous_3)
FNDA:0,(anonymous_4)
FNDA:0,(anonymous_5)
FNDA:0,(anonymous_6)
FNDA:0,(anonymous_7)
FNDA:0,(anonymous_8)
FNDA:0,(anonymous_9)
FNDA:0,(anonymous_10)
FNDA:0,(anonymous_11)
FNDA:0,(anonymous_12)
FNDA:0,(anonymous_13)
FNDA:0,(anonymous_14)
FNDA:0,(anonymous_15)
FNDA:0,(anonymous_16)
FNDA:0,(anonymous_17)
FNDA:0,(anonymous_18)
FNDA:0,(anonymous_19)
FNDA:0,(anonymous_20)
FNDA:0,(anonymous_21)
FNDA:0,(anonymous_22)
FNDA:0,(anonymous_23)
FNDA:0,(anonymous_24)
FNDA:0,(anonymous_25)
FNDA:0,(anonymous_26)
FNDA:0,(anonymous_27)
FNDA:0,(anonymous_28)
FNDA:0,(anonymous_29)
FNDA:0,(anonymous_30)
FNDA:0,(anonymous_31)
FNDA:0,(anonymous_32)
FNDA:0,(anonymous_33)
FNDA:0,(anonymous_34)
FNDA:0,(anonymous_35)
FNDA:0,(anonymous_36)
FNDA:0,(anonymous_37)
FNDA:0,(anonymous_38)
FNDA:0,(anonymous_39)
FNDA:0,(anonymous_40)
FNDA:0,(anonymous_41)
FNDA:0,(anonymous_42)
FNDA:0,(anonymous_43)
FNDA:0,(anonymous_44)
FNDA:0,(anonymous_45)
FNDA:0,(anonymous_46)
FNDA:0,(anonymous_47)
FNDA:0,(anonymous_48)
FNDA:0,(anonymous_49)
FNDA:0,(anonymous_50)
FNDA:0,(anonymous_51)
FNDA:0,(anonymous_52)
FNDA:0,(anonymous_53)
FNDA:0,(anonymous_54)
FNDA:0,(anonymous_55)
DA:10,0
DA:11,0
DA:12,0
DA:26,0
DA:29,0
DA:37,0
DA:38,0
DA:45,0
DA:58,0
DA:59,0
DA:62,0
DA:63,0
DA:64,0
DA:65,0
DA:66,0
DA:70,0
DA:76,0
DA:79,0
DA:88,0
DA:91,0
DA:93,0
DA:95,0
DA:98,0
DA:111,0
DA:112,0
DA:115,0
DA:116,0
DA:117,0
DA:118,0
DA:119,0
DA:123,0
DA:126,0
DA:133,0
DA:136,0
DA:138,0
DA:140,0
DA:143,0
DA:156,0
DA:157,0
DA:160,0
DA:161,0
DA:162,0
DA:163,0
DA:164,0
DA:168,0
DA:171,0
DA:178,0
DA:181,0
DA:183,0
DA:185,0
DA:188,0
DA:202,0
DA:203,0
DA:206,0
DA:207,0
DA:208,0
DA:209,0
DA:210,0
DA:214,0
DA:217,0
DA:225,0
DA:228,0
DA:230,0
DA:232,0
DA:235,0
DA:248,0
DA:258,0
DA:261,0
DA:275,0
DA:282,0
DA:285,0
DA:299,0
DA:306,0
DA:309,0
DA:323,0
DA:330,0
DA:333,0
DA:346,0
DA:351,0
DA:361,0
DA:363,0
DA:364,0
DA:368,0
DA:369,0
DA:370,0
DA:373,0
DA:381,0
DA:382,0
DA:384,0
DA:385,0
DA:386,0
DA:387,0
DA:391,0
DA:392,0
DA:407,0
DA:415,0
DA:429,0
DA:432,0
DA:434,0
DA:459,0
DA:460,0
DA:483,0
DA:503,0
DA:504,0
DA:515,0
DA:530,0
DA:531,0
DA:535,0
DA:536,0
DA:537,0
DA:541,0
DA:542,0
DA:543,0
DA:547,0
DA:548,0
DA:549,0
DA:553,0
DA:566,0
DA:567,0
DA:569,0
DA:570,0
DA:572,0
DA:573,0
DA:575,0
DA:576,0
DA:578,0
DA:579,0
DA:581,0
DA:585,0
DA:587,0
DA:603,0
DA:604,0
DA:607,0
DA:608,0
DA:609,0
DA:610,0
DA:611,0
DA:612,0
DA:614,0
DA:615,0
DA:618,0
DA:633,0
DA:635,0
DA:636,0
DA:639,0
DA:640,0
DA:641,0
DA:643,0
DA:644,0
DA:645,0
DA:655,0
DA:665,0
DA:680,0
DA:682,0
DA:696,0
DA:698,0
DA:700,0
DA:734,0
DA:736,0
DA:755,0
DA:756,0
DA:757,0
DA:759,0
DA:760,0
DA:767,0
DA:768,0
DA:777,0
DA:781,0
DA:782,0
DA:784,0
DA:785,0
DA:788,0
DA:791,0
DA:808,0
DA:809,0
DA:810,0
DA:811,0
DA:812,0
DA:813,0
DA:816,0
DA:817,0
DA:828,0
DA:843,0
DA:844,0
DA:847,0
DA:849,0
DA:850,0
DA:852,0
DA:853,0
DA:855,0
DA:856,0
DA:858,0
DA:862,0
DA:867,0
DA:873,0
DA:874,0
DA:875,0
DA:876,0
DA:882,0
DA:887,0
DA:909,0
DA:910,0
DA:911,0
DA:912,0
DA:915,0
DA:917,0
DA:919,0
DA:920,0
DA:921,0
DA:923,0
DA:925,0
DA:937,0
DA:940,0
DA:952,0
DA:953,0
DA:955,0
DA:962,0
DA:965,0
DA:966,0
DA:967,0
DA:968,0
DA:972,0
DA:973,0
DA:974,0
DA:975,0
DA:979,0
DA:980,0
DA:981,0
DA:982,0
DA:986,0
DA:987,0
DA:988,0
DA:989,0
DA:992,0
DA:993,0
DA:995,0
DA:996,0
DA:1006,0
DA:1007,0
DA:1012,0
DA:1014,0
DA:1015,0
DA:1025,0
DA:1026,0
DA:1031,0
DA:1033,0
DA:1034,0
DA:1044,0
DA:1045,0
DA:1050,0
DA:1052,0
DA:1053,0
DA:1063,0
DA:1064,0
DA:1069,0
DA:1071,0
DA:1072,0
DA:1077,0
LF:258
LH:0
BRDA:25,0,0,0
BRDA:62,1,0,0
BRDA:62,1,1,0
BRDA:64,2,0,0
BRDA:64,2,1,0
BRDA:115,3,0,0
BRDA:115,3,1,0
BRDA:117,4,0,0
BRDA:117,4,1,0
BRDA:118,5,0,0
BRDA:118,5,1,0
BRDA:123,6,0,0
BRDA:123,6,1,0
BRDA:160,7,0,0
BRDA:160,7,1,0
BRDA:160,8,0,0
BRDA:160,8,1,0
BRDA:162,9,0,0
BRDA:162,9,1,0
BRDA:206,10,0,0
BRDA:206,10,1,0
BRDA:208,11,0,0
BRDA:208,11,1,0
BRDA:245,12,0,0
BRDA:249,13,0,0
BRDA:249,13,1,0
BRDA:250,14,0,0
BRDA:250,14,1,0
BRDA:253,15,0,0
BRDA:272,16,0,0
BRDA:276,17,0,0
BRDA:276,17,1,0
BRDA:277,18,0,0
BRDA:277,18,1,0
BRDA:296,19,0,0
BRDA:300,20,0,0
BRDA:300,20,1,0
BRDA:301,21,0,0
BRDA:301,21,1,0
BRDA:320,22,0,0
BRDA:324,23,0,0
BRDA:324,23,1,0
BRDA:325,24,0,0
BRDA:325,24,1,0
BRDA:363,25,0,0
BRDA:363,25,1,0
BRDA:368,26,0,0
BRDA:368,26,1,0
BRDA:385,27,0,0
BRDA:385,27,1,0
BRDA:391,28,0,0
BRDA:391,28,1,0
BRDA:415,29,0,0
BRDA:415,29,1,0
BRDA:512,30,0,0
BRDA:512,30,1,0
BRDA:530,31,0,0
BRDA:530,31,1,0
BRDA:536,32,0,0
BRDA:536,32,1,0
BRDA:542,33,0,0
BRDA:542,33,1,0
BRDA:548,34,0,0
BRDA:548,34,1,0
BRDA:567,35,0,0
BRDA:567,35,1,0
BRDA:567,35,2,0
BRDA:567,35,3,0
BRDA:567,35,4,0
BRDA:588,36,0,0
BRDA:588,36,1,0
BRDA:589,37,0,0
BRDA:589,37,1,0
BRDA:590,38,0,0
BRDA:590,38,1,0
BRDA:590,39,0,0
BRDA:590,39,1,0
BRDA:607,40,0,0
BRDA:607,40,1,0
BRDA:610,41,0,0
BRDA:610,41,1,0
BRDA:680,42,0,0
BRDA:680,42,1,0
BRDA:756,43,0,0
BRDA:756,43,1,0
BRDA:771,44,0,0
BRDA:771,44,1,0
BRDA:774,45,0,0
BRDA:774,45,1,0
BRDA:818,46,0,0
BRDA:818,46,1,0
BRDA:822,47,0,0
BRDA:822,47,1,0
BRDA:847,48,0,0
BRDA:847,48,1,0
BRDA:847,48,2,0
BRDA:847,48,3,0
BRDA:911,49,0,0
BRDA:911,49,1,0
BRDA:912,50,0,0
BRDA:912,50,1,0
BRDA:923,51,0,0
BRDA:923,51,1,0
BRDA:940,52,0,0
BRDA:940,52,1,0
BRDA:951,53,0,0
BRDA:965,54,0,0
BRDA:965,54,1,0
BRDA:972,55,0,0
BRDA:972,55,1,0
BRDA:979,56,0,0
BRDA:979,56,1,0
BRDA:986,57,0,0
BRDA:986,57,1,0
BRF:114
BRH:0
end_of_record
TN:
SF:src/services/maintenance/MaintenanceRequestService.js
FN:17,(anonymous_0)
FN:51,(anonymous_1)
FN:52,(anonymous_2)
FN:57,(anonymous_3)
FN:63,(anonymous_4)
FN:96,(anonymous_5)
FN:143,(anonymous_6)
FN:154,(anonymous_7)
FNF:8
FNH:0
FNDA:0,(anonymous_0)
FNDA:0,(anonymous_1)
FNDA:0,(anonymous_2)
FNDA:0,(anonymous_3)
FNDA:0,(anonymous_4)
FNDA:0,(anonymous_5)
FNDA:0,(anonymous_6)
FNDA:0,(anonymous_7)
DA:6,0
DA:18,0
DA:19,0
DA:21,0
DA:33,0
DA:34,0
DA:38,0
DA:43,0
DA:44,0
DA:45,0
DA:46,0
DA:50,0
DA:51,0
DA:52,0
DA:54,0
DA:55,0
DA:56,0
DA:57,0
DA:58,0
DA:63,0
DA:65,0
DA:66,0
DA:67,0
DA:70,0
DA:82,0
DA:84,0
DA:86,0
DA:87,0
DA:97,0
DA:98,0
DA:109,0
DA:110,0
DA:114,0
DA:115,0
DA:116,0
DA:117,0
DA:118,0
DA:122,0
DA:133,0
DA:134,0
DA:160,0
LF:41
LH:0
BRDA:17,0,0,0
BRDA:33,1,0,0
BRDA:33,1,1,0
BRDA:33,2,0,0
BRDA:33,2,1,0
BRDA:45,3,0,0
BRDA:45,3,1,0
BRDA:51,4,0,0
BRDA:51,4,1,0
BRDA:55,5,0,0
BRDA:55,5,1,0
BRDA:66,6,0,0
BRDA:66,6,1,0
BRDA:66,7,0,0
BRDA:66,7,1,0
BRDA:72,8,0,0
BRDA:72,8,1,0
BRDA:82,9,0,0
BRDA:82,9,1,0
BRDA:109,10,0,0
BRDA:109,10,1,0
BRDA:115,11,0,0
BRDA:115,11,1,0
BRDA:115,12,0,0
BRDA:115,12,1,0
BRDA:117,13,0,0
BRDA:117,13,1,0
BRDA:124,14,0,0
BRDA:124,14,1,0
BRF:29
BRH:0
end_of_record
TN:
SF:src/services/standCapacity/StandCapacityToolService.js
FN:17,(anonymous_0)
FN:25,(anonymous_1)
FN:42,(anonymous_2)
FN:46,(anonymous_3)
FN:62,(anonymous_4)
FN:86,(anonymous_5)
FN:101,(anonymous_6)
FN:109,(anonymous_7)
FN:112,(anonymous_8)
FN:158,(anonymous_9)
FNF:10
FNH:0
FNDA:0,(anonymous_0)
FNDA:0,(anonymous_1)
FNDA:0,(anonymous_2)
FNDA:0,(anonymous_3)
FNDA:0,(anonymous_4)
FNDA:0,(anonymous_5)
FNDA:0,(anonymous_6)
FNDA:0,(anonymous_7)
FNDA:0,(anonymous_8)
FNDA:0,(anonymous_9)
DA:6,0
DA:7,0
DA:18,0
DA:20,0
DA:25,0
DA:26,0
DA:28,0
DA:33,0
DA:34,0
DA:43,0
DA:44,0
DA:46,0
DA:53,0
DA:54,0
DA:63,0
DA:64,0
DA:65,0
DA:67,0
DA:68,0
DA:69,0
DA:71,0
DA:78,0
DA:87,0
DA:89,0
DA:92,0
DA:97,0
DA:100,0
DA:101,0
DA:102,0
DA:103,0
DA:105,0
DA:109,0
DA:111,0
DA:112,0
DA:113,0
DA:114,0
DA:115,0
DA:116,0
DA:119,0
DA:124,0
DA:125,0
DA:126,0
DA:129,0
DA:131,0
DA:138,0
DA:143,0
DA:144,0
DA:159,0
DA:162,0
DA:163,0
DA:166,0
DA:170,0
LF:52
LH:0
BRDA:17,0,0,0
BRDA:17,1,0,0
BRDA:20,2,0,0
BRDA:20,2,1,0
BRDA:29,3,0,0
BRDA:29,3,1,0
BRDA:102,4,0,0
BRDA:102,4,1,0
BRDA:114,5,0,0
BRDA:114,5,1,0
BRDA:114,6,0,0
BRDA:114,6,1,0
BRDA:116,7,0,0
BRDA:116,7,1,0
BRDA:116,8,0,0
BRDA:116,8,1,0
BRDA:124,9,0,0
BRDA:124,9,1,0
BRDA:129,10,0,0
BRDA:129,10,1,0
BRDA:133,11,0,0
BRDA:133,11,1,0
BRDA:166,12,0,0
BRDA:166,12,1,0
BRDA:166,12,2,0
BRF:25
BRH:0
end_of_record
TN:
SF:src/utils/controllerFactory.js
FN:18,createController
FN:21,(anonymous_1)
FN:36,(anonymous_2)
FN:61,createFallbackController
FN:70,(anonymous_4)
FN:76,(anonymous_5)
FN:92,createHandler
FN:93,(anonymous_7)
FN:96,(anonymous_8)
FNF:9
FNH:0
FNDA:0,createController
FNDA:0,(anonymous_1)
FNDA:0,(anonymous_2)
FNDA:0,createFallbackController
FNDA:0,(anonymous_4)
FNDA:0,(anonymous_5)
FNDA:0,createHandler
FNDA:0,(anonymous_7)
FNDA:0,(anonymous_8)
DA:8,0
DA:9,0
DA:19,0
DA:21,0
DA:22,0
DA:23,0
DA:25,0
DA:26,0
DA:31,0
DA:34,0
DA:36,0
DA:42,0
DA:44,0
DA:50,0
DA:62,0
DA:63,0
DA:66,0
DA:70,0
DA:77,0
DA:93,0
DA:94,0
DA:96,0
DA:97,0
DA:98,0
DA:100,0
DA:101,0
DA:106,0
DA:109,0
DA:111,0
DA:119,0
DA:124,0
LF:31
LH:0
BRDA:18,0,0,0
BRDA:92,1,0,0
BRF:2
BRH:0
end_of_record
TN:
SF:src/utils/db.js
FN:20,initialize
FN:33,testConnection
FN:39,(anonymous_2)
FN:43,(anonymous_3)
FN:52,destroy
FN:54,(anonymous_5)
FNF:6
FNH:0
FNDA:0,initialize
FNDA:0,testConnection
FNDA:0,(anonymous_2)
FNDA:0,(anonymous_3)
FNDA:0,destroy
FNDA:0,(anonymous_5)
DA:6,1
DA:7,1
DA:10,1
DA:11,1
DA:14,1
DA:21,0
DA:22,0
DA:25,0
DA:26,0
DA:34,0
DA:35,0
DA:38,0
DA:40,0
DA:41,0
DA:44,0
DA:45,0
DA:53,0
DA:54,0
DA:55,0
DA:56,0
DA:59,0
DA:63,1
DA:64,1
DA:65,1
DA:68,1
LF:25
LH:9
BRDA:10,0,0,1
BRDA:10,0,1,0
BRDA:21,1,0,0
BRDA:21,1,1,0
BRDA:34,2,0,0
BRDA:34,2,1,0
BRDA:53,3,0,0
BRDA:53,3,1,0
BRF:8
BRH:1
end_of_record
TN:
SF:src/utils/di.js
FN:19,(anonymous_0)
FN:38,(anonymous_1)
FN:75,(anonymous_2)
FN:126,(anonymous_3)
FN:134,(anonymous_4)
FN:140,(anonymous_5)
FN:156,(anonymous_6)
FN:164,(anonymous_7)
FN:177,(anonymous_8)
FN:192,(anonymous_9)
FN:210,(anonymous_10)
FN:220,(anonymous_11)
FN:229,(anonymous_12)
FN:238,(anonymous_13)
FN:250,(anonymous_14)
FN:254,(anonymous_15)
FN:258,(anonymous_16)
FN:262,(anonymous_17)
FN:266,(anonymous_18)
FN:270,(anonymous_19)
FN:274,(anonymous_20)
FN:278,(anonymous_21)
FN:282,(anonymous_22)
FNF:23
FNH:0
FNDA:0,(anonymous_0)
FNDA:0,(anonymous_1)
FNDA:0,(anonymous_2)
FNDA:0,(anonymous_3)
FNDA:0,(anonymous_4)
FNDA:0,(anonymous_5)
FNDA:0,(anonymous_6)
FNDA:0,(anonymous_7)
FNDA:0,(anonymous_8)
FNDA:0,(anonymous_9)
FNDA:0,(anonymous_10)
FNDA:0,(anonymous_11)
FNDA:0,(anonymous_12)
FNDA:0,(anonymous_13)
FNDA:0,(anonymous_14)
FNDA:0,(anonymous_15)
FNDA:0,(anonymous_16)
FNDA:0,(anonymous_17)
FNDA:0,(anonymous_18)
FNDA:0,(anonymous_19)
FNDA:0,(anonymous_20)
FNDA:0,(anonymous_21)
FNDA:0,(anonymous_22)
DA:16,0
DA:20,0
DA:21,0
DA:22,0
DA:23,0
DA:24,0
DA:39,0
DA:40,0
DA:43,0
DA:44,0
DA:51,0
DA:54,0
DA:61,0
DA:62,0
DA:63,0
DA:66,0
DA:77,0
DA:78,0
DA:82,0
DA:83,0
DA:87,0
DA:89,0
DA:90,0
DA:94,0
DA:95,0
DA:96,0
DA:100,0
DA:102,0
DA:104,0
DA:107,0
DA:108,0
DA:111,0
DA:114,0
DA:127,0
DA:130,0
DA:132,0
DA:134,0
DA:137,0
DA:140,0
DA:141,0
DA:146,0
DA:147,0
DA:150,0
DA:157,0
DA:158,0
DA:165,0
DA:166,0
DA:167,0
DA:178,0
DA:179,0
DA:182,0
DA:183,0
DA:193,0
DA:194,0
DA:195,0
DA:197,0
DA:198,0
DA:201,0
DA:211,0
DA:221,0
DA:230,0
DA:239,0
DA:244,0
DA:251,0
DA:255,0
DA:259,0
DA:263,0
DA:267,0
DA:271,0
DA:275,0
DA:279,0
DA:283,0
DA:287,0
LF:73
LH:0
BRDA:38,0,0,0
BRDA:39,1,0,0
BRDA:39,1,1,0
BRDA:39,2,0,0
BRDA:39,2,1,0
BRDA:43,3,0,0
BRDA:43,3,1,0
BRDA:48,4,0,0
BRDA:49,5,0,0
BRDA:50,6,0,0
BRDA:61,7,0,0
BRDA:61,7,1,0
BRDA:77,8,0,0
BRDA:77,8,1,0
BRDA:77,9,0,0
BRDA:77,9,1,0
BRDA:82,10,0,0
BRDA:82,10,1,0
BRDA:89,11,0,0
BRDA:89,11,1,0
BRDA:94,12,0,0
BRDA:94,12,1,0
BRDA:107,13,0,0
BRDA:107,13,1,0
BRDA:130,14,0,0
BRDA:130,14,1,0
BRDA:132,15,0,0
BRDA:132,15,1,0
BRDA:132,16,0,0
BRDA:132,16,1,0
BRDA:146,17,0,0
BRDA:146,17,1,0
BRDA:146,18,0,0
BRDA:146,18,1,0
BRDA:178,19,0,0
BRDA:178,19,1,0
BRDA:192,20,0,0
BRDA:197,21,0,0
BRDA:197,21,1,0
BRDA:274,22,0,0
BRF:40
BRH:0
end_of_record
TN:
SF:src/utils/initializeApp.js
FN:26,initializeApp
FN:60,(anonymous_1)
FN:67,(anonymous_2)
FN:68,(anonymous_3)
FN:78,configureMiddleware
FN:112,addTestRoutes
FN:114,(anonymous_6)
FN:124,(anonymous_7)
FN:139,registerRoutes
FN:143,safelyMountRoutes
FN:155,(anonymous_10)
FN:169,(anonymous_11)
FN:202,(anonymous_12)
FN:226,initializeWebSocket
FNF:14
FNH:0
FNDA:0,initializeApp
FNDA:0,(anonymous_1)
FNDA:0,(anonymous_2)
FNDA:0,(anonymous_3)
FNDA:0,configureMiddleware
FNDA:0,addTestRoutes
FNDA:0,(anonymous_6)
FNDA:0,(anonymous_7)
FNDA:0,registerRoutes
FNDA:0,safelyMountRoutes
FNDA:0,(anonymous_10)
FNDA:0,(anonymous_11)
FNDA:0,(anonymous_12)
FNDA:0,initializeWebSocket
DA:8,0
DA:9,0
DA:10,0
DA:11,0
DA:12,0
DA:13,0
DA:14,0
DA:15,0
DA:16,0
DA:17,0
DA:18,0
DA:19,0
DA:20,0
DA:28,0
DA:31,0
DA:34,0
DA:35,0
DA:38,0
DA:42,0
DA:45,0
DA:48,0
DA:51,0
DA:54,0
DA:57,0
DA:60,0
DA:61,0
DA:62,0
DA:63,0
DA:66,0
DA:67,0
DA:68,0
DA:71,0
DA:80,0
DA:83,0
DA:89,0
DA:90,0
DA:93,0
DA:96,0
DA:114,0
DA:115,0
DA:116,0
DA:117,0
DA:119,0
DA:124,0
DA:125,0
DA:126,0
DA:140,0
DA:144,0
DA:145,0
DA:148,0
DA:149,0
DA:150,0
DA:151,0
DA:153,0
DA:154,0
DA:155,0
DA:156,0
DA:161,0
DA:162,0
DA:165,0
DA:168,0
DA:169,0
DA:170,0
DA:176,0
DA:177,0
DA:182,0
DA:183,0
DA:184,0
DA:185,0
DA:186,0
DA:187,0
DA:188,0
DA:189,0
DA:190,0
DA:191,0
DA:192,0
DA:193,0
DA:194,0
DA:195,0
DA:196,0
DA:197,0
DA:198,0
DA:199,0
DA:202,0
DA:203,0
DA:214,0
DA:227,0
DA:228,0
DA:230,0
DA:231,0
DA:232,0
DA:235,0
DA:236,0
DA:237,0
DA:240,0
DA:244,0
LF:96
LH:0
BRDA:35,0,0,0
BRDA:35,0,1,0
BRDA:62,1,0,0
BRDA:62,1,1,0
BRDA:84,2,0,0
BRDA:84,2,1,0
BRDA:148,3,0,0
BRDA:148,3,1,0
BRDA:148,4,0,0
BRDA:148,4,1,0
BRDA:158,5,0,0
BRDA:158,5,1,0
BRDA:172,6,0,0
BRDA:172,6,1,0
BRDA:230,7,0,0
BRDA:230,7,1,0
BRDA:230,8,0,0
BRDA:230,8,1,0
BRF:18
BRH:0
end_of_record
TN:
SF:src/utils/logger.js
FN:16,(anonymous_0)
FN:34,(anonymous_1)
FN:44,(anonymous_2)
FN:54,(anonymous_3)
FN:80,(anonymous_4)
FN:88,(anonymous_5)
FN:96,(anonymous_6)
FN:104,(anonymous_7)
FNF:8
FNH:0
FNDA:0,(anonymous_0)
FNDA:0,(anonymous_1)
FNDA:0,(anonymous_2)
FNDA:0,(anonymous_3)
FNDA:0,(anonymous_4)
FNDA:0,(anonymous_5)
FNDA:0,(anonymous_6)
FNDA:0,(anonymous_7)
DA:5,0
DA:6,0
DA:7,0
DA:10,0
DA:11,0
DA:12,0
DA:17,0
DA:18,0
DA:21,0
DA:35,0
DA:45,0
DA:46,0
DA:55,0
DA:57,0
DA:60,0
DA:61,0
DA:62,0
DA:63,0
DA:65,0
DA:69,0
DA:70,0
DA:72,0
DA:81,0
DA:89,0
DA:97,0
DA:105,0
DA:109,0
LF:27
LH:0
BRDA:11,0,0,0
BRDA:11,0,1,0
BRDA:18,1,0,0
BRDA:18,1,1,0
BRDA:55,2,0,0
BRDA:55,2,1,0
BRDA:60,3,0,0
BRDA:60,3,1,0
BRDA:62,4,0,0
BRDA:62,4,1,0
BRF:10
BRH:0
end_of_record
TN:
SF:src/utils/serviceRegistry.js
FN:15,registerServices
FN:68,(anonymous_1)
FN:94,convertToInjectable
FN:102,(anonymous_3)
FN:108,(anonymous_4)
FNF:5
FNH:0
FNDA:0,registerServices
FNDA:0,(anonymous_1)
FNDA:0,convertToInjectable
FNDA:0,(anonymous_3)
FNDA:0,(anonymous_4)
DA:8,0
DA:9,0
DA:10,0
DA:17,0
DA:18,0
DA:21,0
DA:25,0
DA:26,0
DA:27,0
DA:28,0
DA:29,0
DA:30,0
DA:31,0
DA:32,0
DA:33,0
DA:34,0
DA:35,0
DA:38,0
DA:39,0
DA:40,0
DA:41,0
DA:42,0
DA:43,0
DA:44,0
DA:45,0
DA:46,0
DA:47,0
DA:48,0
DA:51,0
DA:53,0
DA:68,0
DA:69,0
DA:70,0
DA:71,0
DA:72,0
DA:74,0
DA:78,0
DA:81,0
DA:96,0
DA:97,0
DA:100,0
DA:102,0
DA:103,0
DA:106,0
DA:108,0
DA:109,0
DA:110,0
DA:115,0
DA:119,0
DA:122,0
DA:124,0
DA:126,0
DA:130,0
LF:53
LH:0
BRDA:94,0,0,0
BRDA:96,1,0,0
BRDA:96,1,1,0
BRDA:106,2,0,0
BRDA:106,2,1,0
BRDA:106,3,0,0
BRDA:106,3,1,0
BRDA:109,4,0,0
BRDA:109,4,1,0
BRDA:109,5,0,0
BRDA:109,5,1,0
BRF:11
BRH:0
end_of_record
TN:
SF:src/utils/slotUtils.js
FN:10,parseTimeToMinutes
FN:35,minutesToTimeString
FN:55,timeStringToSlotIndex
FN:75,getSlotEndTime
FN:88,getSlotStartTime
FN:101,calculateTotalSlots
FN:119,groupSlotsIntoBlocks
FN:139,isTimeWithinOperatingHours
FN:159,calculateRequiredSlots
FN:170,createSlotMap
FNF:10
FNH:0
FNDA:0,parseTimeToMinutes
FNDA:0,minutesToTimeString
FNDA:0,timeStringToSlotIndex
FNDA:0,getSlotEndTime
FNDA:0,getSlotStartTime
FNDA:0,calculateTotalSlots
FNDA:0,groupSlotsIntoBlocks
FNDA:0,isTimeWithinOperatingHours
FNDA:0,calculateRequiredSlots
FNDA:0,createSlotMap
DA:11,0
DA:12,0
DA:15,0
DA:16,0
DA:17,0
DA:20,0
DA:21,0
DA:23,0
DA:24,0
DA:27,0
DA:36,0
DA:37,0
DA:41,0
DA:43,0
DA:44,0
DA:45,0
DA:56,0
DA:57,0
DA:60,0
DA:61,0
DA:62,0
DA:65,0
DA:76,0
DA:77,0
DA:78,0
DA:89,0
DA:90,0
DA:91,0
DA:102,0
DA:103,0
DA:106,0
DA:107,0
DA:110,0
DA:120,0
DA:121,0
DA:124,0
DA:125,0
DA:126,0
DA:127,0
DA:129,0
DA:140,0
DA:141,0
DA:142,0
DA:145,0
DA:146,0
DA:150,0
DA:160,0
DA:171,0
DA:172,0
DA:174,0
DA:175,0
DA:176,0
DA:179,0
DA:181,0
DA:191,0
DA:194,0
LF:56
LH:0
BRDA:11,0,0,0
BRDA:11,0,1,0
BRDA:11,1,0,0
BRDA:11,1,1,0
BRDA:16,2,0,0
BRDA:16,2,1,0
BRDA:23,3,0,0
BRDA:23,3,1,0
BRDA:23,4,0,0
BRDA:23,4,1,0
BRDA:23,4,2,0
BRDA:23,4,3,0
BRDA:23,4,4,0
BRDA:23,4,5,0
BRDA:36,5,0,0
BRDA:36,5,1,0
BRDA:36,6,0,0
BRDA:36,6,1,0
BRDA:36,6,2,0
BRDA:61,7,0,0
BRDA:61,7,1,0
BRDA:106,8,0,0
BRDA:106,8,1,0
BRDA:120,9,0,0
BRDA:120,9,1,0
BRDA:120,10,0,0
BRDA:120,10,1,0
BRDA:145,11,0,0
BRDA:145,11,1,0
BRDA:146,12,0,0
BRDA:146,12,1,0
BRDA:150,13,0,0
BRDA:150,13,1,0
BRF:33
BRH:0
end_of_record
TN:
SF:src/utils/validation.js
FN:11,(anonymous_0)
FN:26,(anonymous_1)
FN:41,(anonymous_2)
FN:56,(anonymous_3)
FN:69,(anonymous_4)
FN:95,(anonymous_5)
FN:131,(anonymous_6)
FNF:7
FNH:0
FNDA:0,(anonymous_0)
FNDA:0,(anonymous_1)
FNDA:0,(anonymous_2)
FNDA:0,(anonymous_3)
FNDA:0,(anonymous_4)
FNDA:0,(anonymous_5)
FNDA:0,(anonymous_6)
DA:11,0
DA:12,0
DA:15,0
DA:18,0
DA:26,0
DA:27,0
DA:30,0
DA:33,0
DA:41,0
DA:42,0
DA:45,0
DA:48,0
DA:56,0
DA:57,0
DA:60,0
DA:61,0
DA:69,0
DA:70,0
DA:73,0
DA:74,0
DA:75,0
DA:76,0
DA:77,0
DA:78,0
DA:82,0
DA:83,0
DA:84,0
DA:87,0
DA:95,0
DA:96,0
DA:99,0
DA:100,0
DA:101,0
DA:105,0
DA:106,0
DA:107,0
DA:109,0
DA:110,0
DA:111,0
DA:112,0
DA:117,0
DA:118,0
DA:119,0
DA:122,0
DA:131,0
DA:132,0
DA:133,0
DA:135,0
DA:146,0
LF:49
LH:0
BRDA:12,0,0,0
BRDA:12,0,1,0
BRDA:12,1,0,0
BRDA:12,1,1,0
BRDA:15,2,0,0
BRDA:15,2,1,0
BRDA:18,3,0,0
BRDA:18,3,1,0
BRDA:27,4,0,0
BRDA:27,4,1,0
BRDA:27,5,0,0
BRDA:27,5,1,0
BRDA:30,6,0,0
BRDA:30,6,1,0
BRDA:33,7,0,0
BRDA:33,7,1,0
BRDA:42,8,0,0
BRDA:42,8,1,0
BRDA:42,9,0,0
BRDA:42,9,1,0
BRDA:45,10,0,0
BRDA:45,10,1,0
BRDA:48,11,0,0
BRDA:48,11,1,0
BRDA:57,12,0,0
BRDA:57,12,1,0
BRDA:57,13,0,0
BRDA:57,13,1,0
BRDA:73,14,0,0
BRDA:73,14,1,0
BRDA:73,15,0,0
BRDA:73,15,1,0
BRDA:73,15,2,0
BRDA:76,16,0,0
BRDA:76,16,1,0
BRDA:82,17,0,0
BRDA:82,17,1,0
BRDA:82,18,0,0
BRDA:82,18,1,0
BRDA:82,18,2,0
BRDA:99,19,0,0
BRDA:99,19,1,0
BRDA:105,20,0,0
BRDA:105,20,1,0
BRDA:105,21,0,0
BRDA:105,21,1,0
BRDA:110,22,0,0
BRDA:110,22,1,0
BRDA:110,23,0,0
BRDA:110,23,1,0
BRDA:110,23,2,0
BRDA:117,24,0,0
BRDA:117,24,1,0
BRDA:117,25,0,0
BRDA:117,25,1,0
BRDA:117,25,2,0
BRDA:131,26,0,0
BRDA:137,27,0,0
BRDA:137,27,1,0
BRDA:139,28,0,0
BRDA:139,28,1,0
BRDA:141,29,0,0
BRDA:141,29,1,0
BRF:63
BRH:0
end_of_record
